<?xml version="1.0" encoding="UTF-8"?>
<coverage generated="1781617400505" clover="3.2.0">
  <project timestamp="1781617400505" name="All files">
    <metrics statements="3636" coveredstatements="3263" conditionals="1174" coveredconditionals="1028" methods="332" coveredmethods="266" elements="5142" coveredelements="4557" complexity="0" loc="3636" ncloc="3636" packages="1" files="7" classes="7"/>
    <file name="ast.js" path="/home/fatih/Projects/djawa-script/src/ast.js">
      <metrics statements="450" coveredstatements="438" conditionals="90" coveredconditionals="90" methods="98" coveredmethods="89"/>
      <line num="1" count="2" type="cond" truecount="1" falsecount="0"/>
      <line num="2" count="2" type="stmt"/>
      <line num="3" count="2" type="stmt"/>
      <line num="4" count="2" type="stmt"/>
      <line num="5" count="2" type="stmt"/>
      <line num="6" count="2" type="stmt"/>
      <line num="7" count="2" type="stmt"/>
      <line num="8" count="2" type="cond" truecount="1" falsecount="0"/>
      <line num="9" count="274" type="stmt"/>
      <line num="10" count="274" type="stmt"/>
      <line num="11" count="274" type="stmt"/>
      <line num="12" count="274" type="stmt"/>
      <line num="13" count="274" type="stmt"/>
      <line num="14" count="2" type="cond" truecount="1" falsecount="0"/>
      <line num="15" count="2" type="stmt"/>
      <line num="16" count="2" type="stmt"/>
      <line num="17" count="2" type="stmt"/>
      <line num="18" count="2" type="cond" truecount="1" falsecount="0"/>
      <line num="19" count="12" type="stmt"/>
      <line num="20" count="12" type="stmt"/>
      <line num="21" count="12" type="stmt"/>
      <line num="22" count="2" type="cond" truecount="1" falsecount="0"/>
      <line num="23" count="2" type="stmt"/>
      <line num="24" count="2" type="stmt"/>
      <line num="25" count="2" type="stmt"/>
      <line num="26" count="2" type="cond" truecount="1" falsecount="0"/>
      <line num="27" count="939" type="stmt"/>
      <line num="28" count="939" type="stmt"/>
      <line num="29" count="939" type="stmt"/>
      <line num="30" count="2" type="cond" truecount="1" falsecount="0"/>
      <line num="31" count="2" type="stmt"/>
      <line num="32" count="2" type="stmt"/>
      <line num="33" count="2" type="stmt"/>
      <line num="34" count="2" type="cond" truecount="1" falsecount="0"/>
      <line num="35" count="13" type="stmt"/>
      <line num="36" count="13" type="stmt"/>
      <line num="37" count="13" type="stmt"/>
      <line num="38" count="13" type="stmt"/>
      <line num="39" count="2" type="cond" truecount="1" falsecount="0"/>
      <line num="40" count="2" type="stmt"/>
      <line num="41" count="2" type="stmt"/>
      <line num="42" count="2" type="stmt"/>
      <line num="43" count="2" type="cond" truecount="1" falsecount="0"/>
      <line num="44" count="8" type="stmt"/>
      <line num="45" count="8" type="stmt"/>
      <line num="46" count="8" type="stmt"/>
      <line num="47" count="8" type="stmt"/>
      <line num="48" count="2" type="cond" truecount="1" falsecount="0"/>
      <line num="49" count="2" type="stmt"/>
      <line num="50" count="2" type="stmt"/>
      <line num="51" count="2" type="stmt"/>
      <line num="52" count="2" type="cond" truecount="1" falsecount="0"/>
      <line num="53" count="662" type="stmt"/>
      <line num="54" count="662" type="stmt"/>
      <line num="55" count="662" type="stmt"/>
      <line num="56" count="2" type="cond" truecount="1" falsecount="0"/>
      <line num="57" count="2" type="stmt"/>
      <line num="58" count="2" type="stmt"/>
      <line num="59" count="2" type="stmt"/>
      <line num="60" count="2" type="cond" truecount="1" falsecount="0"/>
      <line num="61" count="33" type="stmt"/>
      <line num="62" count="33" type="stmt"/>
      <line num="63" count="33" type="stmt"/>
      <line num="64" count="33" type="stmt"/>
      <line num="65" count="33" type="stmt"/>
      <line num="66" count="2" type="cond" truecount="1" falsecount="0"/>
      <line num="67" count="2" type="stmt"/>
      <line num="68" count="2" type="stmt"/>
      <line num="69" count="2" type="stmt"/>
      <line num="70" count="2" type="cond" truecount="1" falsecount="0"/>
      <line num="71" count="161" type="stmt"/>
      <line num="72" count="161" type="stmt"/>
      <line num="73" count="161" type="stmt"/>
      <line num="74" count="161" type="stmt"/>
      <line num="75" count="161" type="stmt"/>
      <line num="76" count="2" type="cond" truecount="1" falsecount="0"/>
      <line num="77" count="2" type="stmt"/>
      <line num="78" count="2" type="stmt"/>
      <line num="79" count="2" type="stmt"/>
      <line num="80" count="2" type="cond" truecount="1" falsecount="0"/>
      <line num="81" count="201" type="stmt"/>
      <line num="82" count="201" type="stmt"/>
      <line num="83" count="201" type="stmt"/>
      <line num="84" count="201" type="stmt"/>
      <line num="85" count="2" type="cond" truecount="1" falsecount="0"/>
      <line num="86" count="2" type="stmt"/>
      <line num="87" count="2" type="stmt"/>
      <line num="88" count="2" type="stmt"/>
      <line num="89" count="2" type="cond" truecount="1" falsecount="0"/>
      <line num="90" count="15" type="stmt"/>
      <line num="91" count="15" type="stmt"/>
      <line num="92" count="15" type="stmt"/>
      <line num="93" count="15" type="stmt"/>
      <line num="94" count="15" type="stmt"/>
      <line num="95" count="2" type="cond" truecount="1" falsecount="0"/>
      <line num="96" count="2" type="stmt"/>
      <line num="97" count="2" type="stmt"/>
      <line num="98" count="2" type="stmt"/>
      <line num="99" count="2" type="cond" truecount="1" falsecount="0"/>
      <line num="100" count="15" type="stmt"/>
      <line num="101" count="15" type="stmt"/>
      <line num="102" count="15" type="stmt"/>
      <line num="103" count="2" type="cond" truecount="1" falsecount="0"/>
      <line num="104" count="2" type="stmt"/>
      <line num="105" count="2" type="stmt"/>
      <line num="106" count="2" type="stmt"/>
      <line num="107" count="2" type="stmt"/>
      <line num="108" count="0" type="stmt"/>
      <line num="109" count="0" type="stmt"/>
      <line num="110" count="0" type="stmt"/>
      <line num="111" count="0" type="stmt"/>
      <line num="112" count="2" type="stmt"/>
      <line num="113" count="2" type="stmt"/>
      <line num="114" count="2" type="stmt"/>
      <line num="115" count="2" type="stmt"/>
      <line num="116" count="2" type="cond" truecount="1" falsecount="0"/>
      <line num="117" count="5" type="stmt"/>
      <line num="118" count="5" type="stmt"/>
      <line num="119" count="5" type="stmt"/>
      <line num="120" count="5" type="stmt"/>
      <line num="121" count="5" type="stmt"/>
      <line num="122" count="2" type="cond" truecount="1" falsecount="0"/>
      <line num="123" count="2" type="stmt"/>
      <line num="124" count="2" type="stmt"/>
      <line num="125" count="2" type="stmt"/>
      <line num="126" count="2" type="cond" truecount="1" falsecount="0"/>
      <line num="127" count="11" type="stmt"/>
      <line num="128" count="11" type="stmt"/>
      <line num="129" count="11" type="stmt"/>
      <line num="130" count="11" type="stmt"/>
      <line num="131" count="11" type="stmt"/>
      <line num="132" count="2" type="cond" truecount="1" falsecount="0"/>
      <line num="133" count="2" type="stmt"/>
      <line num="134" count="2" type="stmt"/>
      <line num="135" count="2" type="stmt"/>
      <line num="136" count="2" type="cond" truecount="1" falsecount="0"/>
      <line num="137" count="5" type="stmt"/>
      <line num="138" count="5" type="stmt"/>
      <line num="139" count="5" type="stmt"/>
      <line num="140" count="5" type="stmt"/>
      <line num="141" count="2" type="cond" truecount="1" falsecount="0"/>
      <line num="142" count="2" type="stmt"/>
      <line num="143" count="2" type="stmt"/>
      <line num="144" count="2" type="stmt"/>
      <line num="145" count="2" type="cond" truecount="1" falsecount="0"/>
      <line num="146" count="21" type="stmt"/>
      <line num="147" count="21" type="stmt"/>
      <line num="148" count="21" type="stmt"/>
      <line num="149" count="2" type="cond" truecount="1" falsecount="0"/>
      <line num="150" count="2" type="stmt"/>
      <line num="151" count="2" type="stmt"/>
      <line num="152" count="2" type="stmt"/>
      <line num="153" count="2" type="cond" truecount="1" falsecount="0"/>
      <line num="154" count="17" type="stmt"/>
      <line num="155" count="17" type="stmt"/>
      <line num="156" count="17" type="stmt"/>
      <line num="157" count="2" type="cond" truecount="1" falsecount="0"/>
      <line num="158" count="2" type="stmt"/>
      <line num="159" count="2" type="stmt"/>
      <line num="160" count="2" type="stmt"/>
      <line num="161" count="2" type="cond" truecount="1" falsecount="0"/>
      <line num="162" count="6" type="stmt"/>
      <line num="163" count="6" type="stmt"/>
      <line num="164" count="6" type="stmt"/>
      <line num="165" count="6" type="stmt"/>
      <line num="166" count="6" type="stmt"/>
      <line num="167" count="2" type="cond" truecount="1" falsecount="0"/>
      <line num="168" count="2" type="stmt"/>
      <line num="169" count="2" type="stmt"/>
      <line num="170" count="2" type="stmt"/>
      <line num="171" count="2" type="cond" truecount="1" falsecount="0"/>
      <line num="172" count="16" type="stmt"/>
      <line num="173" count="16" type="stmt"/>
      <line num="174" count="16" type="stmt"/>
      <line num="175" count="16" type="stmt"/>
      <line num="176" count="2" type="cond" truecount="1" falsecount="0"/>
      <line num="177" count="2" type="stmt"/>
      <line num="178" count="2" type="stmt"/>
      <line num="179" count="2" type="stmt"/>
      <line num="180" count="2" type="cond" truecount="1" falsecount="0"/>
      <line num="181" count="6" type="stmt"/>
      <line num="182" count="6" type="stmt"/>
      <line num="183" count="6" type="stmt"/>
      <line num="184" count="6" type="stmt"/>
      <line num="185" count="2" type="cond" truecount="1" falsecount="0"/>
      <line num="186" count="2" type="stmt"/>
      <line num="187" count="2" type="stmt"/>
      <line num="188" count="2" type="stmt"/>
      <line num="189" count="2" type="stmt"/>
      <line num="190" count="2" type="stmt"/>
      <line num="191" count="2" type="stmt"/>
      <line num="192" count="2" type="stmt"/>
      <line num="193" count="2" type="cond" truecount="1" falsecount="0"/>
      <line num="194" count="99" type="stmt"/>
      <line num="195" count="99" type="stmt"/>
      <line num="196" count="99" type="stmt"/>
      <line num="197" count="2" type="cond" truecount="1" falsecount="0"/>
      <line num="198" count="2" type="stmt"/>
      <line num="199" count="2" type="stmt"/>
      <line num="200" count="2" type="stmt"/>
      <line num="201" count="2" type="cond" truecount="1" falsecount="0"/>
      <line num="202" count="452" type="stmt"/>
      <line num="203" count="452" type="stmt"/>
      <line num="204" count="452" type="stmt"/>
      <line num="205" count="2" type="cond" truecount="1" falsecount="0"/>
      <line num="206" count="2" type="stmt"/>
      <line num="207" count="2" type="stmt"/>
      <line num="208" count="2" type="stmt"/>
      <line num="209" count="2" type="cond" truecount="1" falsecount="0"/>
      <line num="210" count="210" type="stmt"/>
      <line num="211" count="210" type="stmt"/>
      <line num="212" count="210" type="stmt"/>
      <line num="213" count="210" type="stmt"/>
      <line num="214" count="210" type="stmt"/>
      <line num="215" count="2" type="cond" truecount="1" falsecount="0"/>
      <line num="216" count="2" type="stmt"/>
      <line num="217" count="2" type="stmt"/>
      <line num="218" count="2" type="stmt"/>
      <line num="219" count="2" type="cond" truecount="1" falsecount="0"/>
      <line num="220" count="182" type="stmt"/>
      <line num="221" count="182" type="stmt"/>
      <line num="222" count="182" type="stmt"/>
      <line num="223" count="2" type="cond" truecount="1" falsecount="0"/>
      <line num="224" count="2" type="stmt"/>
      <line num="225" count="2" type="stmt"/>
      <line num="226" count="2" type="stmt"/>
      <line num="227" count="2" type="cond" truecount="1" falsecount="0"/>
      <line num="228" count="36" type="stmt"/>
      <line num="229" count="36" type="stmt"/>
      <line num="230" count="36" type="stmt"/>
      <line num="231" count="36" type="stmt"/>
      <line num="232" count="36" type="stmt"/>
      <line num="233" count="36" type="stmt"/>
      <line num="234" count="2" type="cond" truecount="1" falsecount="0"/>
      <line num="235" count="2" type="stmt"/>
      <line num="236" count="2" type="stmt"/>
      <line num="237" count="2" type="stmt"/>
      <line num="238" count="2" type="cond" truecount="1" falsecount="0"/>
      <line num="239" count="8" type="stmt"/>
      <line num="240" count="8" type="stmt"/>
      <line num="241" count="8" type="stmt"/>
      <line num="242" count="8" type="stmt"/>
      <line num="243" count="2" type="cond" truecount="1" falsecount="0"/>
      <line num="244" count="2" type="stmt"/>
      <line num="245" count="2" type="stmt"/>
      <line num="246" count="2" type="stmt"/>
      <line num="247" count="2" type="cond" truecount="1" falsecount="0"/>
      <line num="248" count="14" type="stmt"/>
      <line num="249" count="14" type="stmt"/>
      <line num="250" count="14" type="stmt"/>
      <line num="251" count="14" type="stmt"/>
      <line num="252" count="14" type="stmt"/>
      <line num="253" count="14" type="stmt"/>
      <line num="254" count="2" type="cond" truecount="1" falsecount="0"/>
      <line num="255" count="2" type="stmt"/>
      <line num="256" count="2" type="stmt"/>
      <line num="257" count="2" type="stmt"/>
      <line num="258" count="2" type="cond" truecount="1" falsecount="0"/>
      <line num="259" count="12" type="stmt"/>
      <line num="260" count="12" type="stmt"/>
      <line num="261" count="12" type="stmt"/>
      <line num="262" count="12" type="stmt"/>
      <line num="263" count="12" type="stmt"/>
      <line num="264" count="12" type="stmt"/>
      <line num="265" count="12" type="stmt"/>
      <line num="266" count="2" type="cond" truecount="1" falsecount="0"/>
      <line num="267" count="2" type="stmt"/>
      <line num="268" count="2" type="stmt"/>
      <line num="269" count="2" type="stmt"/>
      <line num="270" count="2" type="stmt"/>
      <line num="271" count="0" type="stmt"/>
      <line num="272" count="0" type="stmt"/>
      <line num="273" count="0" type="stmt"/>
      <line num="274" count="0" type="stmt"/>
      <line num="275" count="0" type="stmt"/>
      <line num="276" count="2" type="stmt"/>
      <line num="277" count="2" type="stmt"/>
      <line num="278" count="2" type="stmt"/>
      <line num="279" count="2" type="stmt"/>
      <line num="280" count="2" type="cond" truecount="1" falsecount="0"/>
      <line num="281" count="84" type="stmt"/>
      <line num="282" count="84" type="stmt"/>
      <line num="283" count="84" type="stmt"/>
      <line num="284" count="84" type="stmt"/>
      <line num="285" count="84" type="stmt"/>
      <line num="286" count="84" type="stmt"/>
      <line num="287" count="84" type="stmt"/>
      <line num="288" count="84" type="stmt"/>
      <line num="289" count="2" type="cond" truecount="1" falsecount="0"/>
      <line num="290" count="2" type="stmt"/>
      <line num="291" count="2" type="stmt"/>
      <line num="292" count="2" type="stmt"/>
      <line num="293" count="2" type="cond" truecount="1" falsecount="0"/>
      <line num="294" count="51" type="stmt"/>
      <line num="295" count="51" type="stmt"/>
      <line num="296" count="51" type="stmt"/>
      <line num="297" count="51" type="stmt"/>
      <line num="298" count="2" type="cond" truecount="1" falsecount="0"/>
      <line num="299" count="2" type="stmt"/>
      <line num="300" count="2" type="stmt"/>
      <line num="301" count="2" type="stmt"/>
      <line num="302" count="2" type="cond" truecount="1" falsecount="0"/>
      <line num="303" count="22" type="stmt"/>
      <line num="304" count="22" type="stmt"/>
      <line num="305" count="22" type="stmt"/>
      <line num="306" count="22" type="stmt"/>
      <line num="307" count="22" type="stmt"/>
      <line num="308" count="22" type="stmt"/>
      <line num="309" count="22" type="stmt"/>
      <line num="310" count="22" type="stmt"/>
      <line num="311" count="2" type="cond" truecount="1" falsecount="0"/>
      <line num="312" count="2" type="stmt"/>
      <line num="313" count="2" type="stmt"/>
      <line num="314" count="2" type="stmt"/>
      <line num="315" count="2" type="cond" truecount="1" falsecount="0"/>
      <line num="316" count="5" type="stmt"/>
      <line num="317" count="5" type="stmt"/>
      <line num="318" count="5" type="stmt"/>
      <line num="319" count="5" type="stmt"/>
      <line num="320" count="2" type="cond" truecount="1" falsecount="0"/>
      <line num="321" count="2" type="stmt"/>
      <line num="322" count="2" type="stmt"/>
      <line num="323" count="2" type="stmt"/>
      <line num="324" count="2" type="cond" truecount="1" falsecount="0"/>
      <line num="325" count="7" type="stmt"/>
      <line num="326" count="7" type="stmt"/>
      <line num="327" count="7" type="stmt"/>
      <line num="328" count="7" type="stmt"/>
      <line num="329" count="7" type="stmt"/>
      <line num="330" count="2" type="cond" truecount="1" falsecount="0"/>
      <line num="331" count="2" type="stmt"/>
      <line num="332" count="2" type="stmt"/>
      <line num="333" count="2" type="stmt"/>
      <line num="334" count="2" type="cond" truecount="1" falsecount="0"/>
      <line num="335" count="5" type="stmt"/>
      <line num="336" count="5" type="stmt"/>
      <line num="337" count="5" type="stmt"/>
      <line num="338" count="5" type="stmt"/>
      <line num="339" count="5" type="stmt"/>
      <line num="340" count="5" type="stmt"/>
      <line num="341" count="2" type="cond" truecount="1" falsecount="0"/>
      <line num="342" count="2" type="stmt"/>
      <line num="343" count="2" type="stmt"/>
      <line num="344" count="2" type="stmt"/>
      <line num="345" count="2" type="cond" truecount="1" falsecount="0"/>
      <line num="346" count="3" type="stmt"/>
      <line num="347" count="3" type="stmt"/>
      <line num="348" count="3" type="stmt"/>
      <line num="349" count="3" type="stmt"/>
      <line num="350" count="2" type="cond" truecount="1" falsecount="0"/>
      <line num="351" count="2" type="stmt"/>
      <line num="352" count="2" type="stmt"/>
      <line num="353" count="2" type="stmt"/>
      <line num="354" count="2" type="cond" truecount="1" falsecount="0"/>
      <line num="355" count="13" type="stmt"/>
      <line num="356" count="13" type="stmt"/>
      <line num="357" count="13" type="stmt"/>
      <line num="358" count="13" type="stmt"/>
      <line num="359" count="2" type="cond" truecount="1" falsecount="0"/>
      <line num="360" count="2" type="stmt"/>
      <line num="361" count="2" type="stmt"/>
      <line num="362" count="2" type="stmt"/>
      <line num="363" count="2" type="cond" truecount="1" falsecount="0"/>
      <line num="364" count="13" type="stmt"/>
      <line num="365" count="13" type="stmt"/>
      <line num="366" count="13" type="stmt"/>
      <line num="367" count="13" type="stmt"/>
      <line num="368" count="13" type="stmt"/>
      <line num="369" count="2" type="cond" truecount="1" falsecount="0"/>
      <line num="370" count="2" type="stmt"/>
      <line num="371" count="2" type="stmt"/>
      <line num="372" count="2" type="stmt"/>
      <line num="373" count="2" type="cond" truecount="1" falsecount="0"/>
      <line num="374" count="4" type="stmt"/>
      <line num="375" count="4" type="stmt"/>
      <line num="376" count="4" type="stmt"/>
      <line num="377" count="4" type="stmt"/>
      <line num="378" count="2" type="cond" truecount="1" falsecount="0"/>
      <line num="379" count="2" type="stmt"/>
      <line num="380" count="2" type="stmt"/>
      <line num="381" count="2" type="stmt"/>
      <line num="382" count="2" type="cond" truecount="1" falsecount="0"/>
      <line num="383" count="9" type="stmt"/>
      <line num="384" count="9" type="stmt"/>
      <line num="385" count="9" type="stmt"/>
      <line num="386" count="9" type="stmt"/>
      <line num="387" count="2" type="cond" truecount="1" falsecount="0"/>
      <line num="388" count="2" type="stmt"/>
      <line num="389" count="2" type="stmt"/>
      <line num="390" count="2" type="stmt"/>
      <line num="391" count="2" type="stmt"/>
      <line num="392" count="0" type="stmt"/>
      <line num="393" count="0" type="stmt"/>
      <line num="394" count="0" type="stmt"/>
      <line num="395" count="2" type="stmt"/>
      <line num="396" count="2" type="stmt"/>
      <line num="397" count="2" type="stmt"/>
      <line num="398" count="2" type="stmt"/>
      <line num="399" count="2" type="cond" truecount="1" falsecount="0"/>
      <line num="400" count="3" type="stmt"/>
      <line num="401" count="3" type="stmt"/>
      <line num="402" count="3" type="stmt"/>
      <line num="403" count="3" type="stmt"/>
      <line num="404" count="3" type="stmt"/>
      <line num="405" count="2" type="cond" truecount="1" falsecount="0"/>
      <line num="406" count="2" type="stmt"/>
      <line num="407" count="2" type="stmt"/>
      <line num="408" count="2" type="stmt"/>
      <line num="409" count="2" type="cond" truecount="1" falsecount="0"/>
      <line num="410" count="1" type="stmt"/>
      <line num="411" count="1" type="stmt"/>
      <line num="412" count="1" type="stmt"/>
      <line num="413" count="1" type="stmt"/>
      <line num="414" count="2" type="cond" truecount="1" falsecount="0"/>
      <line num="415" count="2" type="stmt"/>
      <line num="416" count="2" type="stmt"/>
      <line num="417" count="2" type="stmt"/>
      <line num="418" count="2" type="cond" truecount="1" falsecount="0"/>
      <line num="419" count="3" type="stmt"/>
      <line num="420" count="3" type="stmt"/>
      <line num="421" count="3" type="stmt"/>
      <line num="422" count="3" type="stmt"/>
      <line num="423" count="3" type="stmt"/>
      <line num="424" count="2" type="cond" truecount="1" falsecount="0"/>
      <line num="425" count="2" type="stmt"/>
      <line num="426" count="2" type="stmt"/>
      <line num="427" count="2" type="cond" truecount="1" falsecount="0"/>
      <line num="428" count="2" type="cond" truecount="1" falsecount="0"/>
      <line num="429" count="2" type="stmt"/>
      <line num="430" count="2" type="cond" truecount="1" falsecount="0"/>
      <line num="431" count="2" type="stmt"/>
      <line num="432" count="2" type="stmt"/>
      <line num="433" count="2" type="stmt"/>
      <line num="434" count="2" type="cond" truecount="1" falsecount="0"/>
      <line num="435" count="4" type="stmt"/>
      <line num="436" count="4" type="stmt"/>
      <line num="437" count="4" type="stmt"/>
      <line num="438" count="4" type="stmt"/>
      <line num="439" count="2" type="cond" truecount="1" falsecount="0"/>
      <line num="440" count="2" type="stmt"/>
      <line num="441" count="2" type="stmt"/>
      <line num="442" count="2" type="stmt"/>
      <line num="443" count="2" type="cond" truecount="1" falsecount="0"/>
      <line num="444" count="3" type="stmt"/>
      <line num="445" count="3" type="stmt"/>
      <line num="446" count="3" type="stmt"/>
      <line num="447" count="3" type="stmt"/>
      <line num="448" count="3" type="stmt"/>
      <line num="449" count="2" type="cond" truecount="1" falsecount="0"/>
      <line num="450" count="2" type="stmt"/>
    </file>
    <file name="environment.js" path="/home/fatih/Projects/djawa-script/src/environment.js">
      <metrics statements="46" coveredstatements="41" conditionals="15" coveredconditionals="13" methods="7" coveredmethods="6"/>
      <line num="1" count="1" type="cond" truecount="1" falsecount="0"/>
      <line num="2" count="1" type="cond" truecount="1" falsecount="0"/>
      <line num="3" count="365" type="stmt"/>
      <line num="4" count="365" type="stmt"/>
      <line num="5" count="365" type="stmt"/>
      <line num="6" count="1" type="stmt"/>
      <line num="7" count="1" type="cond" truecount="1" falsecount="0"/>
      <line num="8" count="1020" type="cond" truecount="1" falsecount="0"/>
      <line num="9" count="732" type="stmt"/>
      <line num="10" count="732" type="stmt"/>
      <line num="11" count="1020" type="cond" truecount="2" falsecount="0"/>
      <line num="12" count="17" type="cond" truecount="1" falsecount="0"/>
      <line num="13" count="1020" type="stmt"/>
      <line num="14" count="1" type="stmt"/>
      <line num="15" count="1" type="cond" truecount="1" falsecount="0"/>
      <line num="16" count="73" type="cond" truecount="1" falsecount="0"/>
      <line num="17" count="68" type="stmt"/>
      <line num="18" count="68" type="stmt"/>
      <line num="19" count="68" type="stmt"/>
      <line num="20" count="5" type="cond" truecount="1" falsecount="0"/>
      <line num="21" count="5" type="stmt"/>
      <line num="22" count="5" type="stmt"/>
      <line num="23" count="5" type="stmt"/>
      <line num="24" count="0" type="cond" truecount="0" falsecount="1"/>
      <line num="25" count="73" type="stmt"/>
      <line num="26" count="1" type="stmt"/>
      <line num="27" count="1" type="cond" truecount="1" falsecount="0"/>
      <line num="28" count="2152" type="stmt"/>
      <line num="29" count="2152" type="stmt"/>
      <line num="30" count="1" type="stmt"/>
      <line num="31" count="1" type="cond" truecount="1" falsecount="0"/>
      <line num="32" count="4" type="stmt"/>
      <line num="33" count="4" type="cond" truecount="0" falsecount="1"/>
      <line num="34" count="0" type="stmt"/>
      <line num="35" count="0" type="stmt"/>
      <line num="36" count="4" type="stmt"/>
      <line num="37" count="4" type="stmt"/>
      <line num="38" count="1" type="stmt"/>
      <line num="39" count="1" type="cond" truecount="1" falsecount="0"/>
      <line num="40" count="4" type="stmt"/>
      <line num="41" count="4" type="stmt"/>
      <line num="42" count="1" type="stmt"/>
      <line num="43" count="1" type="stmt"/>
      <line num="44" count="0" type="stmt"/>
      <line num="45" count="0" type="stmt"/>
      <line num="46" count="1" type="stmt"/>
    </file>
    <file name="interpreter.js" path="/home/fatih/Projects/djawa-script/src/interpreter.js">
      <metrics statements="1063" coveredstatements="837" conditionals="403" coveredconditionals="329" methods="72" coveredmethods="66"/>
      <line num="1" count="1" type="cond" truecount="1" falsecount="0"/>
      <line num="2" count="1" type="stmt"/>
      <line num="3" count="1" type="stmt"/>
      <line num="4" count="1" type="stmt"/>
      <line num="5" count="1" type="stmt"/>
      <line num="6" count="1" type="stmt"/>
      <line num="7" count="1" type="stmt"/>
      <line num="8" count="1" type="stmt"/>
      <line num="9" count="1" type="stmt"/>
      <line num="10" count="1" type="stmt"/>
      <line num="11" count="1" type="stmt"/>
      <line num="12" count="1" type="stmt"/>
      <line num="13" count="1" type="stmt"/>
      <line num="14" count="1" type="cond" truecount="1" falsecount="0"/>
      <line num="15" count="67" type="stmt"/>
      <line num="16" count="67" type="stmt"/>
      <line num="17" count="67" type="cond" truecount="0" falsecount="1"/>
      <line num="18" count="67" type="cond" truecount="0" falsecount="1"/>
      <line num="19" count="67" type="stmt"/>
      <line num="20" count="67" type="stmt"/>
      <line num="21" count="67" type="stmt"/>
      <line num="22" count="67" type="stmt"/>
      <line num="23" count="67" type="stmt"/>
      <line num="24" count="67" type="stmt"/>
      <line num="25" count="1" type="stmt"/>
      <line num="26" count="1" type="cond" truecount="1" falsecount="0"/>
      <line num="27" count="67" type="stmt"/>
      <line num="28" count="67" type="cond" truecount="1" falsecount="0"/>
      <line num="29" count="542" type="stmt"/>
      <line num="30" count="515" type="cond" truecount="1" falsecount="0"/>
      <line num="31" count="67" type="cond" truecount="2" falsecount="0"/>
      <line num="32" count="27" type="stmt"/>
      <line num="33" count="27" type="stmt"/>
      <line num="34" count="27" type="cond" truecount="0" falsecount="1"/>
      <line num="35" count="0" type="stmt"/>
      <line num="36" count="0" type="stmt"/>
      <line num="37" count="27" type="stmt"/>
      <line num="38" count="67" type="stmt"/>
      <line num="39" count="1" type="stmt"/>
      <line num="40" count="1" type="cond" truecount="1" falsecount="0"/>
      <line num="41" count="2" type="cond" truecount="0" falsecount="1"/>
      <line num="42" count="0" type="stmt"/>
      <line num="43" count="0" type="stmt"/>
      <line num="44" count="2" type="stmt"/>
      <line num="45" count="2" type="stmt"/>
      <line num="46" count="2" type="stmt"/>
      <line num="47" count="2" type="stmt"/>
      <line num="48" count="2" type="stmt"/>
      <line num="49" count="2" type="stmt"/>
      <line num="50" count="2" type="stmt"/>
      <line num="51" count="2" type="cond" truecount="1" falsecount="0"/>
      <line num="52" count="1" type="stmt"/>
      <line num="53" count="1" type="stmt"/>
      <line num="54" count="2" type="cond" truecount="0" falsecount="1"/>
      <line num="55" count="0" type="stmt"/>
      <line num="56" count="0" type="stmt"/>
      <line num="57" count="2" type="cond" truecount="1" falsecount="0"/>
      <line num="58" count="1" type="stmt"/>
      <line num="59" count="1" type="stmt"/>
      <line num="60" count="1" type="stmt"/>
      <line num="61" count="1" type="stmt"/>
      <line num="62" count="1" type="stmt"/>
      <line num="63" count="1" type="stmt"/>
      <line num="64" count="1" type="stmt"/>
      <line num="65" count="1" type="stmt"/>
      <line num="66" count="1" type="stmt"/>
      <line num="67" count="1" type="stmt"/>
      <line num="68" count="1" type="stmt"/>
      <line num="69" count="1" type="stmt"/>
      <line num="70" count="1" type="stmt"/>
      <line num="71" count="1" type="stmt"/>
      <line num="72" count="1" type="stmt"/>
      <line num="73" count="1" type="stmt"/>
      <line num="74" count="0" type="stmt"/>
      <line num="75" count="1" type="stmt"/>
      <line num="76" count="1" type="stmt"/>
      <line num="77" count="0" type="stmt"/>
      <line num="78" count="1" type="stmt"/>
      <line num="79" count="1" type="stmt"/>
      <line num="80" count="2" type="cond" truecount="1" falsecount="0"/>
      <line num="81" count="4" type="stmt"/>
      <line num="82" count="4" type="stmt"/>
      <line num="83" count="1" type="cond" truecount="1" falsecount="0"/>
      <line num="84" count="1" type="stmt"/>
      <line num="85" count="1" type="stmt"/>
      <line num="86" count="1" type="stmt"/>
      <line num="87" count="1" type="stmt"/>
      <line num="88" count="2" type="cond" truecount="0" falsecount="2"/>
      <line num="89" count="0" type="stmt"/>
      <line num="90" count="0" type="stmt"/>
      <line num="91" count="0" type="stmt"/>
      <line num="92" count="0" type="stmt"/>
      <line num="93" count="0" type="stmt"/>
      <line num="94" count="0" type="stmt"/>
      <line num="95" count="0" type="stmt"/>
      <line num="96" count="0" type="stmt"/>
      <line num="97" count="1" type="cond" truecount="1" falsecount="0"/>
      <line num="98" count="2" type="stmt"/>
      <line num="99" count="1" type="stmt"/>
      <line num="100" count="1" type="cond" truecount="1" falsecount="0"/>
      <line num="101" count="1" type="cond" truecount="1" falsecount="0"/>
      <line num="102" count="1" type="stmt"/>
      <line num="103" count="1" type="cond" truecount="1" falsecount="0"/>
      <line num="104" count="136" type="stmt"/>
      <line num="105" count="99" type="cond" truecount="1" falsecount="0"/>
      <line num="106" count="136" type="stmt"/>
      <line num="107" count="1" type="stmt"/>
      <line num="108" count="1" type="cond" truecount="1" falsecount="0"/>
      <line num="109" count="173" type="stmt"/>
      <line num="110" count="173" type="stmt"/>
      <line num="111" count="173" type="stmt"/>
      <line num="112" count="173" type="cond" truecount="1" falsecount="0"/>
      <line num="113" count="221" type="stmt"/>
      <line num="114" count="156" type="cond" truecount="1" falsecount="0"/>
      <line num="115" count="173" type="cond" truecount="1" falsecount="0"/>
      <line num="116" count="173" type="stmt"/>
      <line num="117" count="173" type="stmt"/>
      <line num="118" count="173" type="stmt"/>
      <line num="119" count="1" type="stmt"/>
      <line num="120" count="1" type="cond" truecount="1" falsecount="0"/>
      <line num="121" count="41" type="stmt"/>
      <line num="122" count="36" type="cond" truecount="1" falsecount="0"/>
      <line num="123" count="41" type="stmt"/>
      <line num="124" count="1" type="stmt"/>
      <line num="125" count="1" type="cond" truecount="1" falsecount="0"/>
      <line num="126" count="38" type="stmt"/>
      <line num="127" count="38" type="cond" truecount="1" falsecount="0"/>
      <line num="128" count="21" type="stmt"/>
      <line num="129" count="21" type="stmt"/>
      <line num="130" count="38" type="stmt"/>
      <line num="131" count="38" type="stmt"/>
      <line num="132" count="1" type="stmt"/>
      <line num="133" count="1" type="cond" truecount="1" falsecount="0"/>
      <line num="134" count="3" type="stmt"/>
      <line num="135" count="3" type="stmt"/>
      <line num="136" count="3" type="cond" truecount="1" falsecount="0"/>
      <line num="137" count="4" type="stmt"/>
      <line num="138" count="4" type="cond" truecount="1" falsecount="0"/>
      <line num="139" count="4" type="stmt"/>
      <line num="140" count="3" type="stmt"/>
      <line num="141" count="3" type="stmt"/>
      <line num="142" count="0" type="stmt"/>
      <line num="143" count="0" type="stmt"/>
      <line num="144" count="0" type="stmt"/>
      <line num="145" count="3" type="stmt"/>
      <line num="146" count="3" type="stmt"/>
      <line num="147" count="3" type="stmt"/>
      <line num="148" count="3" type="stmt"/>
      <line num="149" count="3" type="stmt"/>
      <line num="150" count="1" type="stmt"/>
      <line num="151" count="1" type="cond" truecount="1" falsecount="0"/>
      <line num="152" count="15" type="stmt"/>
      <line num="153" count="15" type="cond" truecount="1" falsecount="0"/>
      <line num="154" count="4" type="stmt"/>
      <line num="155" count="4" type="cond" truecount="0" falsecount="1"/>
      <line num="156" count="0" type="stmt"/>
      <line num="157" count="0" type="stmt"/>
      <line num="158" count="4" type="cond" truecount="1" falsecount="0"/>
      <line num="159" count="1" type="stmt"/>
      <line num="160" count="1" type="stmt"/>
      <line num="161" count="4" type="stmt"/>
      <line num="162" count="14" type="cond" truecount="1" falsecount="0"/>
      <line num="163" count="14" type="stmt"/>
      <line num="164" count="14" type="stmt"/>
      <line num="165" count="15" type="cond" truecount="1" falsecount="0"/>
      <line num="166" count="4" type="stmt"/>
      <line num="167" count="4" type="cond" truecount="0" falsecount="1"/>
      <line num="168" count="0" type="stmt"/>
      <line num="169" count="0" type="stmt"/>
      <line num="170" count="4" type="stmt"/>
      <line num="171" count="4" type="stmt"/>
      <line num="172" count="14" type="cond" truecount="1" falsecount="0"/>
      <line num="173" count="14" type="stmt"/>
      <line num="174" count="14" type="stmt"/>
      <line num="175" count="15" type="cond" truecount="1" falsecount="0"/>
      <line num="176" count="3" type="stmt"/>
      <line num="177" count="3" type="stmt"/>
      <line num="178" count="3" type="stmt"/>
      <line num="179" count="14" type="cond" truecount="1" falsecount="0"/>
      <line num="180" count="14" type="stmt"/>
      <line num="181" count="15" type="cond" truecount="1" falsecount="0"/>
      <line num="182" count="21" type="stmt"/>
      <line num="183" count="21" type="stmt"/>
      <line num="184" count="21" type="stmt"/>
      <line num="185" count="21" type="stmt"/>
      <line num="186" count="14" type="cond" truecount="1" falsecount="0"/>
      <line num="187" count="14" type="stmt"/>
      <line num="188" count="14" type="stmt"/>
      <line num="189" count="14" type="stmt"/>
      <line num="190" count="15" type="cond" truecount="1" falsecount="0"/>
      <line num="191" count="3" type="stmt"/>
      <line num="192" count="3" type="cond" truecount="1" falsecount="1"/>
      <line num="193" count="0" type="stmt"/>
      <line num="194" count="0" type="stmt"/>
      <line num="195" count="3" type="stmt"/>
      <line num="196" count="3" type="stmt"/>
      <line num="197" count="14" type="cond" truecount="1" falsecount="0"/>
      <line num="198" count="14" type="stmt"/>
      <line num="199" count="15" type="cond" truecount="1" falsecount="0"/>
      <line num="200" count="4" type="cond" truecount="1" falsecount="0"/>
      <line num="201" count="6" type="cond" truecount="0" falsecount="1"/>
      <line num="202" count="0" type="stmt"/>
      <line num="203" count="0" type="stmt"/>
      <line num="204" count="6" type="stmt"/>
      <line num="205" count="4" type="cond" truecount="0" falsecount="1"/>
      <line num="206" count="0" type="stmt"/>
      <line num="207" count="0" type="stmt"/>
      <line num="208" count="0" type="stmt"/>
      <line num="209" count="0" type="stmt"/>
      <line num="210" count="0" type="stmt"/>
      <line num="211" count="4" type="stmt"/>
      <line num="212" count="14" type="cond" truecount="1" falsecount="0"/>
      <line num="213" count="14" type="stmt"/>
      <line num="214" count="14" type="stmt"/>
      <line num="215" count="14" type="stmt"/>
      <line num="216" count="15" type="cond" truecount="1" falsecount="0"/>
      <line num="217" count="3" type="stmt"/>
      <line num="218" count="3" type="stmt"/>
      <line num="219" count="14" type="cond" truecount="1" falsecount="0"/>
      <line num="220" count="14" type="stmt"/>
      <line num="221" count="14" type="stmt"/>
      <line num="222" count="15" type="stmt"/>
      <line num="223" count="1" type="stmt"/>
      <line num="224" count="1" type="cond" truecount="1" falsecount="0"/>
      <line num="225" count="3" type="cond" truecount="1" falsecount="0"/>
      <line num="226" count="3" type="stmt"/>
      <line num="227" count="3" type="stmt"/>
      <line num="228" count="3" type="stmt"/>
      <line num="229" count="1" type="stmt"/>
      <line num="230" count="1" type="cond" truecount="1" falsecount="0"/>
      <line num="231" count="68" type="cond" truecount="1" falsecount="0"/>
      <line num="232" count="30" type="stmt"/>
      <line num="233" count="68" type="cond" truecount="2" falsecount="0"/>
      <line num="234" count="38" type="cond" truecount="1" falsecount="0"/>
      <line num="235" count="1" type="stmt"/>
      <line num="236" count="1" type="stmt"/>
      <line num="237" count="1" type="stmt"/>
      <line num="238" count="1" type="stmt"/>
      <line num="239" count="1" type="stmt"/>
      <line num="240" count="38" type="cond" truecount="2" falsecount="0"/>
      <line num="241" count="2" type="stmt"/>
      <line num="242" count="2" type="stmt"/>
      <line num="243" count="38" type="stmt"/>
      <line num="244" count="57" type="cond" truecount="1" falsecount="0"/>
      <line num="245" count="68" type="stmt"/>
      <line num="246" count="1" type="stmt"/>
      <line num="247" count="1" type="cond" truecount="1" falsecount="0"/>
      <line num="248" count="380" type="stmt"/>
      <line num="249" count="380" type="cond" truecount="1" falsecount="0"/>
      <line num="250" count="435" type="cond" truecount="1" falsecount="0"/>
      <line num="251" count="423" type="stmt"/>
      <line num="252" count="368" type="cond" truecount="2" falsecount="0"/>
      <line num="253" count="368" type="stmt"/>
      <line num="254" count="380" type="stmt"/>
      <line num="255" count="1" type="stmt"/>
      <line num="256" count="1" type="cond" truecount="1" falsecount="0"/>
      <line num="257" count="29" type="stmt"/>
      <line num="258" count="29" type="stmt"/>
      <line num="259" count="27" type="cond" truecount="1" falsecount="0"/>
      <line num="260" count="29" type="stmt"/>
      <line num="261" count="1" type="stmt"/>
      <line num="262" count="1" type="cond" truecount="1" falsecount="0"/>
      <line num="263" count="159" type="stmt"/>
      <line num="264" count="159" type="stmt"/>
      <line num="265" count="159" type="stmt"/>
      <line num="266" count="153" type="cond" truecount="1" falsecount="0"/>
      <line num="267" count="153" type="stmt"/>
      <line num="268" count="159" type="cond" truecount="1" falsecount="0"/>
      <line num="269" count="3" type="cond" truecount="1" falsecount="0"/>
      <line num="270" count="4" type="stmt"/>
      <line num="271" count="4" type="cond" truecount="2" falsecount="0"/>
      <line num="272" count="1" type="stmt"/>
      <line num="273" count="1" type="stmt"/>
      <line num="274" count="4" type="stmt"/>
      <line num="275" count="4" type="stmt"/>
      <line num="276" count="159" type="cond" truecount="2" falsecount="0"/>
      <line num="277" count="1" type="cond" truecount="1" falsecount="0"/>
      <line num="278" count="2" type="stmt"/>
      <line num="279" count="2" type="stmt"/>
      <line num="280" count="2" type="stmt"/>
      <line num="281" count="150" type="cond" truecount="1" falsecount="0"/>
      <line num="282" count="149" type="stmt"/>
      <line num="283" count="149" type="stmt"/>
      <line num="284" count="153" type="cond" truecount="1" falsecount="0"/>
      <line num="285" count="159" type="stmt"/>
      <line num="286" count="1" type="stmt"/>
      <line num="287" count="1" type="cond" truecount="1" falsecount="0"/>
      <line num="288" count="2" type="stmt"/>
      <line num="289" count="2" type="cond" truecount="2" falsecount="0"/>
      <line num="290" count="6" type="stmt"/>
      <line num="291" count="6" type="stmt"/>
      <line num="292" count="6" type="cond" truecount="2" falsecount="0"/>
      <line num="293" count="1" type="stmt"/>
      <line num="294" count="1" type="stmt"/>
      <line num="295" count="0" type="cond" truecount="0" falsecount="1"/>
      <line num="296" count="0" type="stmt"/>
      <line num="297" count="0" type="stmt"/>
      <line num="298" count="0" type="stmt"/>
      <line num="299" count="0" type="stmt"/>
      <line num="300" count="0" type="stmt"/>
      <line num="301" count="0" type="stmt"/>
      <line num="302" count="0" type="stmt"/>
      <line num="303" count="6" type="stmt"/>
      <line num="304" count="2" type="cond" truecount="0" falsecount="1"/>
      <line num="305" count="0" type="stmt"/>
      <line num="306" count="0" type="stmt"/>
      <line num="307" count="0" type="stmt"/>
      <line num="308" count="0" type="stmt"/>
      <line num="309" count="0" type="stmt"/>
      <line num="310" count="0" type="stmt"/>
      <line num="311" count="1" type="cond" truecount="1" falsecount="0"/>
      <line num="312" count="2" type="stmt"/>
      <line num="313" count="1" type="stmt"/>
      <line num="314" count="1" type="cond" truecount="1" falsecount="0"/>
      <line num="315" count="17" type="stmt"/>
      <line num="316" count="17" type="stmt"/>
      <line num="317" count="17" type="stmt"/>
      <line num="318" count="17" type="stmt"/>
      <line num="319" count="17" type="cond" truecount="2" falsecount="0"/>
      <line num="320" count="50" type="stmt"/>
      <line num="321" count="50" type="stmt"/>
      <line num="322" count="50" type="cond" truecount="2" falsecount="0"/>
      <line num="323" count="13" type="cond" truecount="1" falsecount="0"/>
      <line num="324" count="6" type="cond" truecount="2" falsecount="0"/>
      <line num="325" count="3" type="stmt"/>
      <line num="326" count="3" type="stmt"/>
      <line num="327" count="7" type="cond" truecount="1" falsecount="0"/>
      <line num="328" count="7" type="cond" truecount="2" falsecount="0"/>
      <line num="329" count="4" type="stmt"/>
      <line num="330" count="4" type="stmt"/>
      <line num="331" count="4" type="stmt"/>
      <line num="332" count="3" type="cond" truecount="1" falsecount="0"/>
      <line num="333" count="3" type="stmt"/>
      <line num="334" count="0" type="cond" truecount="0" falsecount="1"/>
      <line num="335" count="0" type="stmt"/>
      <line num="336" count="37" type="cond" truecount="1" falsecount="0"/>
      <line num="337" count="50" type="stmt"/>
      <line num="338" count="17" type="stmt"/>
      <line num="339" count="17" type="stmt"/>
      <line num="340" count="17" type="stmt"/>
      <line num="341" count="11" type="cond" truecount="1" falsecount="0"/>
      <line num="342" count="17" type="stmt"/>
      <line num="343" count="1" type="stmt"/>
      <line num="344" count="1" type="cond" truecount="1" falsecount="0"/>
      <line num="345" count="9" type="stmt"/>
      <line num="346" count="9" type="cond" truecount="2" falsecount="0"/>
      <line num="347" count="9" type="cond" truecount="2" falsecount="0"/>
      <line num="348" count="8" type="stmt"/>
      <line num="349" count="8" type="stmt"/>
      <line num="350" count="9" type="stmt"/>
      <line num="351" count="9" type="cond" truecount="2" falsecount="0"/>
      <line num="352" count="1" type="cond" truecount="0" falsecount="1"/>
      <line num="353" count="1" type="stmt"/>
      <line num="354" count="1" type="stmt"/>
      <line num="355" count="0" type="cond" truecount="0" falsecount="1"/>
      <line num="356" count="0" type="stmt"/>
      <line num="357" count="8" type="cond" truecount="1" falsecount="0"/>
      <line num="358" count="9" type="stmt"/>
      <line num="359" count="1" type="stmt"/>
      <line num="360" count="1" type="cond" truecount="3" falsecount="0"/>
      <line num="361" count="1" type="cond" truecount="3" falsecount="0"/>
      <line num="362" count="1" type="stmt"/>
      <line num="363" count="1" type="cond" truecount="1" falsecount="0"/>
      <line num="364" count="5" type="stmt"/>
      <line num="365" count="5" type="cond" truecount="0" falsecount="1"/>
      <line num="366" count="0" type="stmt"/>
      <line num="367" count="0" type="stmt"/>
      <line num="368" count="5" type="stmt"/>
      <line num="369" count="5" type="stmt"/>
      <line num="370" count="5" type="cond" truecount="1" falsecount="0"/>
      <line num="371" count="3" type="stmt"/>
      <line num="372" count="3" type="stmt"/>
      <line num="373" count="3" type="stmt"/>
      <line num="374" count="3" type="cond" truecount="0" falsecount="1"/>
      <line num="375" count="3" type="cond" truecount="0" falsecount="1"/>
      <line num="376" count="3" type="cond" truecount="0" falsecount="1"/>
      <line num="377" count="3" type="stmt"/>
      <line num="378" count="5" type="cond" truecount="1" falsecount="0"/>
      <line num="379" count="2" type="stmt"/>
      <line num="380" count="2" type="stmt"/>
      <line num="381" count="5" type="stmt"/>
      <line num="382" count="5" type="cond" truecount="1" falsecount="0"/>
      <line num="383" count="5" type="stmt"/>
      <line num="384" count="1" type="stmt"/>
      <line num="385" count="1" type="stmt"/>
      <line num="386" count="0" type="stmt"/>
      <line num="387" count="0" type="stmt"/>
      <line num="388" count="0" type="stmt"/>
      <line num="389" count="0" type="stmt"/>
      <line num="390" count="1" type="stmt"/>
      <line num="391" count="1" type="cond" truecount="1" falsecount="0"/>
      <line num="392" count="8" type="stmt"/>
      <line num="393" count="7" type="cond" truecount="1" falsecount="0"/>
      <line num="394" count="8" type="cond" truecount="0" falsecount="1"/>
      <line num="395" count="0" type="stmt"/>
      <line num="396" count="0" type="stmt"/>
      <line num="397" count="0" type="stmt"/>
      <line num="398" count="0" type="stmt"/>
      <line num="399" count="0" type="stmt"/>
      <line num="400" count="0" type="stmt"/>
      <line num="401" count="0" type="stmt"/>
      <line num="402" count="0" type="stmt"/>
      <line num="403" count="0" type="stmt"/>
      <line num="404" count="0" type="stmt"/>
      <line num="405" count="0" type="stmt"/>
      <line num="406" count="0" type="stmt"/>
      <line num="407" count="0" type="stmt"/>
      <line num="408" count="0" type="stmt"/>
      <line num="409" count="0" type="stmt"/>
      <line num="410" count="0" type="stmt"/>
      <line num="411" count="0" type="stmt"/>
      <line num="412" count="0" type="stmt"/>
      <line num="413" count="0" type="stmt"/>
      <line num="414" count="0" type="stmt"/>
      <line num="415" count="0" type="stmt"/>
      <line num="416" count="0" type="stmt"/>
      <line num="417" count="0" type="stmt"/>
      <line num="418" count="0" type="stmt"/>
      <line num="419" count="0" type="stmt"/>
      <line num="420" count="0" type="stmt"/>
      <line num="421" count="0" type="stmt"/>
      <line num="422" count="0" type="stmt"/>
      <line num="423" count="0" type="stmt"/>
      <line num="424" count="0" type="stmt"/>
      <line num="425" count="0" type="stmt"/>
      <line num="426" count="0" type="stmt"/>
      <line num="427" count="0" type="stmt"/>
      <line num="428" count="0" type="stmt"/>
      <line num="429" count="0" type="stmt"/>
      <line num="430" count="0" type="stmt"/>
      <line num="431" count="0" type="stmt"/>
      <line num="432" count="0" type="stmt"/>
      <line num="433" count="7" type="cond" truecount="1" falsecount="0"/>
      <line num="434" count="7" type="stmt"/>
      <line num="435" count="7" type="stmt"/>
      <line num="436" count="7" type="stmt"/>
      <line num="437" count="7" type="stmt"/>
      <line num="438" count="8" type="cond" truecount="1" falsecount="0"/>
      <line num="439" count="32" type="stmt"/>
      <line num="440" count="32" type="cond" truecount="0" falsecount="1"/>
      <line num="441" count="32" type="stmt"/>
      <line num="442" count="32" type="stmt"/>
      <line num="443" count="32" type="cond" truecount="2" falsecount="0"/>
      <line num="444" count="1" type="stmt"/>
      <line num="445" count="1" type="stmt"/>
      <line num="446" count="0" type="cond" truecount="0" falsecount="1"/>
      <line num="447" count="0" type="stmt"/>
      <line num="448" count="0" type="stmt"/>
      <line num="449" count="0" type="stmt"/>
      <line num="450" count="0" type="stmt"/>
      <line num="451" count="0" type="stmt"/>
      <line num="452" count="0" type="stmt"/>
      <line num="453" count="0" type="stmt"/>
      <line num="454" count="32" type="stmt"/>
      <line num="455" count="8" type="cond" truecount="2" falsecount="0"/>
      <line num="456" count="7" type="stmt"/>
      <line num="457" count="7" type="stmt"/>
      <line num="458" count="6" type="cond" truecount="1" falsecount="0"/>
      <line num="459" count="8" type="stmt"/>
      <line num="460" count="1" type="stmt"/>
      <line num="461" count="1" type="stmt"/>
      <line num="462" count="0" type="stmt"/>
      <line num="463" count="0" type="stmt"/>
      <line num="464" count="0" type="stmt"/>
      <line num="465" count="0" type="stmt"/>
      <line num="466" count="0" type="stmt"/>
      <line num="467" count="0" type="stmt"/>
      <line num="468" count="0" type="stmt"/>
      <line num="469" count="0" type="stmt"/>
      <line num="470" count="0" type="stmt"/>
      <line num="471" count="0" type="stmt"/>
      <line num="472" count="0" type="stmt"/>
      <line num="473" count="0" type="stmt"/>
      <line num="474" count="0" type="stmt"/>
      <line num="475" count="0" type="stmt"/>
      <line num="476" count="0" type="stmt"/>
      <line num="477" count="0" type="stmt"/>
      <line num="478" count="0" type="stmt"/>
      <line num="479" count="0" type="stmt"/>
      <line num="480" count="0" type="stmt"/>
      <line num="481" count="0" type="stmt"/>
      <line num="482" count="0" type="stmt"/>
      <line num="483" count="0" type="stmt"/>
      <line num="484" count="0" type="stmt"/>
      <line num="485" count="0" type="stmt"/>
      <line num="486" count="0" type="stmt"/>
      <line num="487" count="0" type="stmt"/>
      <line num="488" count="0" type="stmt"/>
      <line num="489" count="0" type="stmt"/>
      <line num="490" count="0" type="stmt"/>
      <line num="491" count="0" type="stmt"/>
      <line num="492" count="0" type="stmt"/>
      <line num="493" count="0" type="stmt"/>
      <line num="494" count="0" type="stmt"/>
      <line num="495" count="0" type="stmt"/>
      <line num="496" count="0" type="stmt"/>
      <line num="497" count="0" type="stmt"/>
      <line num="498" count="0" type="stmt"/>
      <line num="499" count="0" type="stmt"/>
      <line num="500" count="0" type="stmt"/>
      <line num="501" count="0" type="stmt"/>
      <line num="502" count="0" type="stmt"/>
      <line num="503" count="0" type="stmt"/>
      <line num="504" count="0" type="stmt"/>
      <line num="505" count="0" type="stmt"/>
      <line num="506" count="0" type="stmt"/>
      <line num="507" count="0" type="stmt"/>
      <line num="508" count="0" type="stmt"/>
      <line num="509" count="0" type="stmt"/>
      <line num="510" count="0" type="stmt"/>
      <line num="511" count="0" type="stmt"/>
      <line num="512" count="0" type="stmt"/>
      <line num="513" count="1" type="stmt"/>
      <line num="514" count="1" type="cond" truecount="1" falsecount="0"/>
      <line num="515" count="7" type="cond" truecount="0" falsecount="1"/>
      <line num="516" count="7" type="cond" truecount="1" falsecount="0"/>
      <line num="517" count="7" type="cond" truecount="2" falsecount="0"/>
      <line num="518" count="7" type="cond" truecount="2" falsecount="0"/>
      <line num="519" count="7" type="cond" truecount="1" falsecount="1"/>
      <line num="520" count="1" type="cond" truecount="1" falsecount="0"/>
      <line num="521" count="1" type="stmt"/>
      <line num="522" count="1" type="cond" truecount="0" falsecount="1"/>
      <line num="523" count="1" type="stmt"/>
      <line num="524" count="1" type="stmt"/>
      <line num="525" count="0" type="cond" truecount="0" falsecount="1"/>
      <line num="526" count="7" type="stmt"/>
      <line num="527" count="1" type="stmt"/>
      <line num="528" count="1" type="stmt"/>
      <line num="529" count="0" type="stmt"/>
      <line num="530" count="0" type="stmt"/>
      <line num="531" count="0" type="stmt"/>
      <line num="532" count="0" type="stmt"/>
      <line num="533" count="0" type="stmt"/>
      <line num="534" count="0" type="stmt"/>
      <line num="535" count="0" type="stmt"/>
      <line num="536" count="0" type="stmt"/>
      <line num="537" count="1" type="stmt"/>
      <line num="538" count="1" type="cond" truecount="1" falsecount="0"/>
      <line num="539" count="2" type="stmt"/>
      <line num="540" count="2" type="stmt"/>
      <line num="541" count="2" type="cond" truecount="1" falsecount="0"/>
      <line num="542" count="5" type="cond" truecount="1" falsecount="0"/>
      <line num="543" count="2" type="stmt"/>
      <line num="544" count="2" type="stmt"/>
      <line num="545" count="1" type="cond" truecount="1" falsecount="0"/>
      <line num="546" count="1" type="stmt"/>
      <line num="547" count="1" type="stmt"/>
      <line num="548" count="1" type="stmt"/>
      <line num="549" count="0" type="cond" truecount="0" falsecount="1"/>
      <line num="550" count="0" type="stmt"/>
      <line num="551" count="2" type="stmt"/>
      <line num="552" count="5" type="stmt"/>
      <line num="553" count="2" type="cond" truecount="0" falsecount="2"/>
      <line num="554" count="0" type="stmt"/>
      <line num="555" count="0" type="stmt"/>
      <line num="556" count="2" type="stmt"/>
      <line num="557" count="2" type="stmt"/>
      <line num="558" count="1" type="stmt"/>
      <line num="559" count="1" type="cond" truecount="1" falsecount="0"/>
      <line num="560" count="3" type="stmt"/>
      <line num="561" count="3" type="stmt"/>
      <line num="562" count="3" type="cond" truecount="2" falsecount="0"/>
      <line num="563" count="2" type="stmt"/>
      <line num="564" count="2" type="stmt"/>
      <line num="565" count="2" type="cond" truecount="1" falsecount="0"/>
      <line num="566" count="2" type="stmt"/>
      <line num="567" count="2" type="cond" truecount="0" falsecount="1"/>
      <line num="568" count="0" type="stmt"/>
      <line num="569" count="0" type="stmt"/>
      <line num="570" count="3" type="stmt"/>
      <line num="571" count="3" type="cond" truecount="1" falsecount="0"/>
      <line num="572" count="1" type="stmt"/>
      <line num="573" count="1" type="stmt"/>
      <line num="574" count="3" type="stmt"/>
      <line num="575" count="3" type="stmt"/>
      <line num="576" count="3" type="stmt"/>
      <line num="577" count="1" type="stmt"/>
      <line num="578" count="1" type="cond" truecount="1" falsecount="0"/>
      <line num="579" count="1" type="stmt"/>
      <line num="580" count="1" type="stmt"/>
      <line num="581" count="1" type="stmt"/>
      <line num="582" count="1" type="stmt"/>
      <line num="583" count="1" type="cond" truecount="1" falsecount="0"/>
      <line num="584" count="1" type="stmt"/>
      <line num="585" count="1" type="stmt"/>
      <line num="586" count="1" type="stmt"/>
      <line num="587" count="1" type="cond" truecount="1" falsecount="0"/>
      <line num="588" count="1" type="cond" truecount="1" falsecount="0"/>
      <line num="589" count="2" type="cond" truecount="1" falsecount="0"/>
      <line num="590" count="2" type="stmt"/>
      <line num="591" count="0" type="cond" truecount="0" falsecount="1"/>
      <line num="592" count="1" type="stmt"/>
      <line num="593" count="1" type="cond" truecount="1" falsecount="0"/>
      <line num="594" count="1" type="cond" truecount="1" falsecount="0"/>
      <line num="595" count="4" type="cond" truecount="1" falsecount="0"/>
      <line num="596" count="4" type="stmt"/>
      <line num="597" count="0" type="cond" truecount="0" falsecount="1"/>
      <line num="598" count="1" type="stmt"/>
      <line num="599" count="1" type="cond" truecount="1" falsecount="0"/>
      <line num="600" count="1" type="cond" truecount="1" falsecount="0"/>
      <line num="601" count="5" type="cond" truecount="1" falsecount="0"/>
      <line num="602" count="5" type="stmt"/>
      <line num="603" count="0" type="cond" truecount="0" falsecount="1"/>
      <line num="604" count="1" type="stmt"/>
      <line num="605" count="1" type="stmt"/>
      <line num="606" count="1" type="stmt"/>
      <line num="607" count="1" type="stmt"/>
      <line num="608" count="1" type="cond" truecount="1" falsecount="0"/>
      <line num="609" count="5" type="stmt"/>
      <line num="610" count="5" type="stmt"/>
      <line num="611" count="1" type="stmt"/>
      <line num="612" count="1" type="stmt"/>
      <line num="613" count="1" type="stmt"/>
      <line num="614" count="1" type="stmt"/>
      <line num="615" count="1" type="cond" truecount="1" falsecount="0"/>
      <line num="616" count="4" type="cond" truecount="1" falsecount="0"/>
      <line num="617" count="3" type="cond" truecount="1" falsecount="0"/>
      <line num="618" count="8" type="stmt"/>
      <line num="619" count="8" type="stmt"/>
      <line num="620" count="8" type="stmt"/>
      <line num="621" count="8" type="cond" truecount="1" falsecount="0"/>
      <line num="622" count="8" type="stmt"/>
      <line num="623" count="4" type="cond" truecount="1" falsecount="1"/>
      <line num="624" count="0" type="stmt"/>
      <line num="625" count="0" type="stmt"/>
      <line num="626" count="1" type="stmt"/>
      <line num="627" count="1" type="stmt"/>
      <line num="628" count="1" type="stmt"/>
      <line num="629" count="1" type="stmt"/>
      <line num="630" count="1" type="stmt"/>
      <line num="631" count="0" type="cond" truecount="0" falsecount="1"/>
      <line num="632" count="3" type="cond" truecount="1" falsecount="0"/>
      <line num="633" count="4" type="stmt"/>
      <line num="634" count="1" type="stmt"/>
      <line num="635" count="1" type="cond" truecount="1" falsecount="0"/>
      <line num="636" count="2" type="stmt"/>
      <line num="637" count="1" type="cond" truecount="1" falsecount="0"/>
      <line num="638" count="1" type="cond" truecount="1" falsecount="0"/>
      <line num="639" count="3" type="stmt"/>
      <line num="640" count="3" type="stmt"/>
      <line num="641" count="3" type="stmt"/>
      <line num="642" count="3" type="stmt"/>
      <line num="643" count="2" type="cond" truecount="0" falsecount="1"/>
      <line num="644" count="0" type="stmt"/>
      <line num="645" count="0" type="stmt"/>
      <line num="646" count="0" type="stmt"/>
      <line num="647" count="0" type="stmt"/>
      <line num="648" count="0" type="stmt"/>
      <line num="649" count="0" type="stmt"/>
      <line num="650" count="1" type="cond" truecount="1" falsecount="0"/>
      <line num="651" count="2" type="stmt"/>
      <line num="652" count="1" type="stmt"/>
      <line num="653" count="1" type="cond" truecount="1" falsecount="0"/>
      <line num="654" count="8" type="stmt"/>
      <line num="655" count="8" type="cond" truecount="1" falsecount="0"/>
      <line num="656" count="21" type="cond" truecount="1" falsecount="0"/>
      <line num="657" count="28" type="stmt"/>
      <line num="658" count="28" type="cond" truecount="1" falsecount="0"/>
      <line num="659" count="11" type="cond" truecount="1" falsecount="0"/>
      <line num="660" count="5" type="stmt"/>
      <line num="661" count="5" type="stmt"/>
      <line num="662" count="5" type="stmt"/>
      <line num="663" count="5" type="stmt"/>
      <line num="664" count="5" type="stmt"/>
      <line num="665" count="5" type="stmt"/>
      <line num="666" count="5" type="stmt"/>
      <line num="667" count="5" type="cond" truecount="1" falsecount="0"/>
      <line num="668" count="5" type="stmt"/>
      <line num="669" count="8" type="cond" truecount="1" falsecount="0"/>
      <line num="670" count="8" type="stmt"/>
      <line num="671" count="8" type="stmt"/>
      <line num="672" count="8" type="stmt"/>
      <line num="673" count="8" type="stmt"/>
      <line num="674" count="8" type="stmt"/>
      <line num="675" count="8" type="stmt"/>
      <line num="676" count="11" type="cond" truecount="1" falsecount="1"/>
      <line num="677" count="8" type="stmt"/>
      <line num="678" count="8" type="stmt"/>
      <line num="679" count="0" type="cond" truecount="0" falsecount="1"/>
      <line num="680" count="0" type="stmt"/>
      <line num="681" count="28" type="stmt"/>
      <line num="682" count="13" type="cond" truecount="1" falsecount="0"/>
      <line num="683" count="0" type="cond" truecount="0" falsecount="1"/>
      <line num="684" count="0" type="stmt"/>
      <line num="685" count="0" type="stmt"/>
      <line num="686" count="0" type="stmt"/>
      <line num="687" count="8" type="stmt"/>
      <line num="688" count="1" type="stmt"/>
      <line num="689" count="1" type="cond" truecount="1" falsecount="0"/>
      <line num="690" count="32" type="cond" truecount="0" falsecount="1"/>
      <line num="691" count="32" type="cond" truecount="1" falsecount="0"/>
      <line num="692" count="32" type="cond" truecount="2" falsecount="0"/>
      <line num="693" count="16" type="cond" truecount="1" falsecount="0"/>
      <line num="694" count="14" type="cond" truecount="1" falsecount="0"/>
      <line num="695" count="14" type="stmt"/>
      <line num="696" count="6" type="cond" truecount="1" falsecount="0"/>
      <line num="697" count="6" type="cond" truecount="0" falsecount="1"/>
      <line num="698" count="6" type="cond" truecount="1" falsecount="0"/>
      <line num="699" count="1" type="cond" truecount="0" falsecount="1"/>
      <line num="700" count="1" type="stmt"/>
      <line num="701" count="1" type="stmt"/>
      <line num="702" count="1" type="stmt"/>
      <line num="703" count="1" type="cond" truecount="0" falsecount="1"/>
      <line num="704" count="1" type="stmt"/>
      <line num="705" count="1" type="stmt"/>
      <line num="706" count="1" type="stmt"/>
      <line num="707" count="1" type="stmt"/>
      <line num="708" count="1" type="cond" truecount="0" falsecount="1"/>
      <line num="709" count="0" type="stmt"/>
      <line num="710" count="0" type="stmt"/>
      <line num="711" count="1" type="stmt"/>
      <line num="712" count="6" type="cond" truecount="1" falsecount="0"/>
      <line num="713" count="5" type="cond" truecount="1" falsecount="0"/>
      <line num="714" count="2" type="cond" truecount="1" falsecount="0"/>
      <line num="715" count="5" type="cond" truecount="1" falsecount="0"/>
      <line num="716" count="3" type="stmt"/>
      <line num="717" count="3" type="cond" truecount="0" falsecount="1"/>
      <line num="718" count="3" type="stmt"/>
      <line num="719" count="3" type="stmt"/>
      <line num="720" count="2" type="cond" truecount="1" falsecount="0"/>
      <line num="721" count="2" type="stmt"/>
      <line num="722" count="6" type="stmt"/>
      <line num="723" count="0" type="cond" truecount="0" falsecount="1"/>
      <line num="724" count="0" type="stmt"/>
      <line num="725" count="0" type="stmt"/>
      <line num="726" count="0" type="stmt"/>
      <line num="727" count="0" type="stmt"/>
      <line num="728" count="0" type="stmt"/>
      <line num="729" count="0" type="stmt"/>
      <line num="730" count="0" type="stmt"/>
      <line num="731" count="0" type="stmt"/>
      <line num="732" count="0" type="stmt"/>
      <line num="733" count="0" type="stmt"/>
      <line num="734" count="0" type="stmt"/>
      <line num="735" count="32" type="stmt"/>
      <line num="736" count="1" type="stmt"/>
      <line num="737" count="1" type="cond" truecount="1" falsecount="0"/>
      <line num="738" count="54" type="stmt"/>
      <line num="739" count="54" type="stmt"/>
      <line num="740" count="54" type="stmt"/>
      <line num="741" count="54" type="stmt"/>
      <line num="742" count="54" type="cond" truecount="1" falsecount="0"/>
      <line num="743" count="54" type="cond" truecount="1" falsecount="0"/>
      <line num="744" count="54" type="cond" truecount="1" falsecount="0"/>
      <line num="745" count="54" type="cond" truecount="1" falsecount="0"/>
      <line num="746" count="54" type="cond" truecount="1" falsecount="0"/>
      <line num="747" count="54" type="stmt"/>
      <line num="748" count="54" type="stmt"/>
      <line num="749" count="54" type="stmt"/>
      <line num="750" count="54" type="stmt"/>
      <line num="751" count="54" type="stmt"/>
      <line num="752" count="1" type="stmt"/>
      <line num="753" count="1" type="cond" truecount="1" falsecount="0"/>
      <line num="754" count="434" type="stmt"/>
      <line num="755" count="433" type="cond" truecount="1" falsecount="0"/>
      <line num="756" count="426" type="cond" truecount="1" falsecount="0"/>
      <line num="757" count="426" type="stmt"/>
      <line num="758" count="434" type="cond" truecount="1" falsecount="0"/>
      <line num="759" count="434" type="cond" truecount="1" falsecount="0"/>
      <line num="760" count="434" type="cond" truecount="1" falsecount="0"/>
      <line num="761" count="434" type="cond" truecount="1" falsecount="0"/>
      <line num="762" count="434" type="cond" truecount="1" falsecount="0"/>
      <line num="763" count="434" type="cond" truecount="1" falsecount="0"/>
      <line num="764" count="434" type="cond" truecount="1" falsecount="0"/>
      <line num="765" count="434" type="cond" truecount="1" falsecount="0"/>
      <line num="766" count="434" type="cond" truecount="1" falsecount="0"/>
      <line num="767" count="434" type="cond" truecount="1" falsecount="0"/>
      <line num="768" count="216" type="cond" truecount="2" falsecount="0"/>
      <line num="769" count="216" type="cond" truecount="2" falsecount="1"/>
      <line num="770" count="0" type="cond" truecount="0" falsecount="1"/>
      <line num="771" count="434" type="cond" truecount="1" falsecount="0"/>
      <line num="772" count="434" type="cond" truecount="1" falsecount="0"/>
      <line num="773" count="434" type="cond" truecount="1" falsecount="0"/>
      <line num="774" count="434" type="cond" truecount="1" falsecount="0"/>
      <line num="775" count="434" type="stmt"/>
      <line num="776" count="0" type="cond" truecount="0" falsecount="1"/>
      <line num="777" count="434" type="stmt"/>
      <line num="778" count="1" type="stmt"/>
      <line num="779" count="1" type="cond" truecount="1" falsecount="0"/>
      <line num="780" count="9" type="stmt"/>
      <line num="781" count="9" type="stmt"/>
      <line num="782" count="9" type="cond" truecount="2" falsecount="0"/>
      <line num="783" count="9" type="cond" truecount="2" falsecount="0"/>
      <line num="784" count="9" type="stmt"/>
      <line num="785" count="0" type="cond" truecount="0" falsecount="1"/>
      <line num="786" count="9" type="stmt"/>
      <line num="787" count="1" type="stmt"/>
      <line num="788" count="1" type="cond" truecount="1" falsecount="0"/>
      <line num="789" count="20" type="stmt"/>
      <line num="790" count="20" type="cond" truecount="1" falsecount="0"/>
      <line num="791" count="2" type="stmt"/>
      <line num="792" count="20" type="cond" truecount="2" falsecount="0"/>
      <line num="793" count="14" type="cond" truecount="1" falsecount="0"/>
      <line num="794" count="18" type="cond" truecount="1" falsecount="0"/>
      <line num="795" count="4" type="cond" truecount="2" falsecount="0"/>
      <line num="796" count="4" type="stmt"/>
      <line num="797" count="7" type="cond" truecount="1" falsecount="0"/>
      <line num="798" count="20" type="stmt"/>
      <line num="799" count="1" type="stmt"/>
      <line num="800" count="1" type="cond" truecount="1" falsecount="0"/>
      <line num="801" count="11" type="cond" truecount="1" falsecount="0"/>
      <line num="802" count="6" type="stmt"/>
      <line num="803" count="11" type="cond" truecount="1" falsecount="0"/>
      <line num="804" count="5" type="stmt"/>
      <line num="805" count="5" type="stmt"/>
      <line num="806" count="11" type="stmt"/>
      <line num="807" count="1" type="stmt"/>
      <line num="808" count="1" type="cond" truecount="1" falsecount="0"/>
      <line num="809" count="113" type="stmt"/>
      <line num="810" count="107" type="cond" truecount="1" falsecount="0"/>
      <line num="811" count="113" type="cond" truecount="1" falsecount="0"/>
      <line num="812" count="86" type="stmt"/>
      <line num="813" count="86" type="cond" truecount="2" falsecount="0"/>
      <line num="814" count="13" type="cond" truecount="1" falsecount="0"/>
      <line num="815" count="86" type="cond" truecount="1" falsecount="0"/>
      <line num="816" count="72" type="stmt"/>
      <line num="817" count="72" type="stmt"/>
      <line num="818" count="86" type="stmt"/>
      <line num="819" count="113" type="cond" truecount="2" falsecount="0"/>
      <line num="820" count="113" type="cond" truecount="1" falsecount="1"/>
      <line num="821" count="113" type="cond" truecount="1" falsecount="1"/>
      <line num="822" count="48" type="cond" truecount="1" falsecount="0"/>
      <line num="823" count="113" type="stmt"/>
      <line num="824" count="1" type="stmt"/>
      <line num="825" count="1" type="cond" truecount="1" falsecount="0"/>
      <line num="826" count="114" type="stmt"/>
      <line num="827" count="110" type="cond" truecount="1" falsecount="0"/>
      <line num="828" count="110" type="stmt"/>
      <line num="829" count="114" type="cond" truecount="1" falsecount="0"/>
      <line num="830" count="114" type="stmt"/>
      <line num="831" count="114" type="cond" truecount="1" falsecount="0"/>
      <line num="832" count="15" type="cond" truecount="0" falsecount="1"/>
      <line num="833" count="15" type="stmt"/>
      <line num="834" count="15" type="stmt"/>
      <line num="835" count="114" type="cond" truecount="2" falsecount="0"/>
      <line num="836" count="93" type="cond" truecount="1" falsecount="0"/>
      <line num="837" count="81" type="cond" truecount="1" falsecount="0"/>
      <line num="838" count="81" type="stmt"/>
      <line num="839" count="93" type="cond" truecount="1" falsecount="0"/>
      <line num="840" count="23" type="cond" truecount="1" falsecount="0"/>
      <line num="841" count="2" type="cond" truecount="1" falsecount="0"/>
      <line num="842" count="2" type="stmt"/>
      <line num="843" count="2" type="cond" truecount="1" falsecount="0"/>
      <line num="844" count="9" type="stmt"/>
      <line num="845" count="9" type="stmt"/>
      <line num="846" count="2" type="stmt"/>
      <line num="847" count="2" type="stmt"/>
      <line num="848" count="2" type="stmt"/>
      <line num="849" count="23" type="cond" truecount="2" falsecount="0"/>
      <line num="850" count="1" type="cond" truecount="1" falsecount="0"/>
      <line num="851" count="1" type="stmt"/>
      <line num="852" count="1" type="cond" truecount="1" falsecount="0"/>
      <line num="853" count="5" type="cond" truecount="1" falsecount="0"/>
      <line num="854" count="2" type="stmt"/>
      <line num="855" count="2" type="stmt"/>
      <line num="856" count="5" type="stmt"/>
      <line num="857" count="1" type="stmt"/>
      <line num="858" count="1" type="stmt"/>
      <line num="859" count="1" type="stmt"/>
      <line num="860" count="23" type="cond" truecount="1" falsecount="1"/>
      <line num="861" count="0" type="stmt"/>
      <line num="862" count="0" type="stmt"/>
      <line num="863" count="0" type="stmt"/>
      <line num="864" count="0" type="stmt"/>
      <line num="865" count="0" type="stmt"/>
      <line num="866" count="0" type="stmt"/>
      <line num="867" count="23" type="cond" truecount="2" falsecount="0"/>
      <line num="868" count="1" type="cond" truecount="1" falsecount="0"/>
      <line num="869" count="1" type="cond" truecount="1" falsecount="0"/>
      <line num="870" count="5" type="cond" truecount="1" falsecount="0"/>
      <line num="871" count="5" type="stmt"/>
      <line num="872" count="0" type="cond" truecount="0" falsecount="1"/>
      <line num="873" count="1" type="stmt"/>
      <line num="874" count="1" type="stmt"/>
      <line num="875" count="23" type="cond" truecount="2" falsecount="0"/>
      <line num="876" count="1" type="cond" truecount="1" falsecount="0"/>
      <line num="877" count="1" type="cond" truecount="1" falsecount="0"/>
      <line num="878" count="5" type="cond" truecount="0" falsecount="1"/>
      <line num="879" count="5" type="stmt"/>
      <line num="880" count="1" type="stmt"/>
      <line num="881" count="1" type="stmt"/>
      <line num="882" count="1" type="stmt"/>
      <line num="883" count="23" type="cond" truecount="2" falsecount="0"/>
      <line num="884" count="1" type="cond" truecount="1" falsecount="0"/>
      <line num="885" count="1" type="stmt"/>
      <line num="886" count="1" type="stmt"/>
      <line num="887" count="1" type="cond" truecount="1" falsecount="0"/>
      <line num="888" count="5" type="cond" truecount="1" falsecount="0"/>
      <line num="889" count="10" type="cond" truecount="0" falsecount="1"/>
      <line num="890" count="10" type="cond" truecount="1" falsecount="0"/>
      <line num="891" count="4" type="stmt"/>
      <line num="892" count="4" type="stmt"/>
      <line num="893" count="10" type="stmt"/>
      <line num="894" count="5" type="stmt"/>
      <line num="895" count="1" type="stmt"/>
      <line num="896" count="1" type="stmt"/>
      <line num="897" count="1" type="stmt"/>
      <line num="898" count="23" type="cond" truecount="2" falsecount="0"/>
      <line num="899" count="2" type="cond" truecount="1" falsecount="0"/>
      <line num="900" count="2" type="stmt"/>
      <line num="901" count="2" type="stmt"/>
      <line num="902" count="2" type="cond" truecount="1" falsecount="0"/>
      <line num="903" count="1" type="stmt"/>
      <line num="904" count="2" type="cond" truecount="1" falsecount="0"/>
      <line num="905" count="17" type="stmt"/>
      <line num="906" count="17" type="stmt"/>
      <line num="907" count="2" type="stmt"/>
      <line num="908" count="2" type="stmt"/>
      <line num="909" count="2" type="stmt"/>
      <line num="910" count="23" type="cond" truecount="2" falsecount="0"/>
      <line num="911" count="1" type="cond" truecount="1" falsecount="0"/>
      <line num="912" count="1" type="cond" truecount="1" falsecount="0"/>
      <line num="913" count="6" type="cond" truecount="1" falsecount="0"/>
      <line num="914" count="6" type="stmt"/>
      <line num="915" count="0" type="cond" truecount="0" falsecount="1"/>
      <line num="916" count="1" type="stmt"/>
      <line num="917" count="1" type="stmt"/>
      <line num="918" count="23" type="cond" truecount="2" falsecount="0"/>
      <line num="919" count="1" type="cond" truecount="1" falsecount="0"/>
      <line num="920" count="1" type="cond" truecount="1" falsecount="0"/>
      <line num="921" count="7" type="cond" truecount="1" falsecount="0"/>
      <line num="922" count="7" type="stmt"/>
      <line num="923" count="0" type="cond" truecount="0" falsecount="1"/>
      <line num="924" count="1" type="stmt"/>
      <line num="925" count="1" type="stmt"/>
      <line num="926" count="23" type="cond" truecount="2" falsecount="0"/>
      <line num="927" count="1" type="cond" truecount="1" falsecount="0"/>
      <line num="928" count="1" type="cond" truecount="0" falsecount="1"/>
      <line num="929" count="1" type="stmt"/>
      <line num="930" count="1" type="cond" truecount="1" falsecount="0"/>
      <line num="931" count="4" type="cond" truecount="1" falsecount="0"/>
      <line num="932" count="8" type="cond" truecount="2" falsecount="0"/>
      <line num="933" count="5" type="cond" truecount="1" falsecount="0"/>
      <line num="934" count="8" type="stmt"/>
      <line num="935" count="1" type="stmt"/>
      <line num="936" count="1" type="stmt"/>
      <line num="937" count="1" type="stmt"/>
      <line num="938" count="1" type="stmt"/>
      <line num="939" count="1" type="stmt"/>
      <line num="940" count="23" type="cond" truecount="2" falsecount="0"/>
      <line num="941" count="1" type="cond" truecount="1" falsecount="0"/>
      <line num="942" count="1" type="stmt"/>
      <line num="943" count="1" type="cond" truecount="1" falsecount="0"/>
      <line num="944" count="3" type="stmt"/>
      <line num="945" count="3" type="stmt"/>
      <line num="946" count="0" type="cond" truecount="0" falsecount="1"/>
      <line num="947" count="3" type="stmt"/>
      <line num="948" count="1" type="stmt"/>
      <line num="949" count="1" type="stmt"/>
      <line num="950" count="1" type="stmt"/>
      <line num="951" count="23" type="stmt"/>
      <line num="952" count="69" type="cond" truecount="1" falsecount="0"/>
      <line num="953" count="69" type="stmt"/>
      <line num="954" count="93" type="cond" truecount="1" falsecount="0"/>
[...]
      <line num="246" count="1" type="stmt"/>
      <line num="247" count="1" type="stmt"/>
      <line num="248" count="1" type="stmt"/>
      <line num="249" count="1" type="cond" truecount="1" falsecount="0"/>
      <line num="250" count="67" type="stmt"/>
      <line num="251" count="67" type="stmt"/>
      <line num="252" count="67" type="stmt"/>
      <line num="253" count="67" type="stmt"/>
      <line num="254" count="67" type="stmt"/>
      <line num="255" count="67" type="stmt"/>
      <line num="256" count="67" type="stmt"/>
      <line num="257" count="67" type="stmt"/>
      <line num="258" count="67" type="stmt"/>
      <line num="259" count="67" type="cond" truecount="1" falsecount="0"/>
      <line num="260" count="67" type="cond" truecount="1" falsecount="0"/>
      <line num="261" count="67" type="stmt"/>
      <line num="262" count="67" type="stmt"/>
      <line num="263" count="67" type="stmt"/>
      <line num="264" count="67" type="stmt"/>
      <line num="265" count="67" type="stmt"/>
      <line num="266" count="67" type="stmt"/>
      <line num="267" count="67" type="stmt"/>
      <line num="268" count="67" type="stmt"/>
      <line num="269" count="67" type="stmt"/>
      <line num="270" count="67" type="stmt"/>
      <line num="271" count="67" type="stmt"/>
      <line num="272" count="67" type="stmt"/>
      <line num="273" count="67" type="stmt"/>
      <line num="274" count="67" type="stmt"/>
      <line num="275" count="67" type="stmt"/>
      <line num="276" count="67" type="stmt"/>
      <line num="277" count="67" type="stmt"/>
      <line num="278" count="67" type="stmt"/>
      <line num="279" count="67" type="stmt"/>
      <line num="280" count="67" type="stmt"/>
      <line num="281" count="67" type="stmt"/>
      <line num="282" count="67" type="stmt"/>
      <line num="283" count="67" type="stmt"/>
      <line num="284" count="67" type="stmt"/>
      <line num="285" count="67" type="stmt"/>
      <line num="286" count="67" type="stmt"/>
      <line num="287" count="67" type="stmt"/>
      <line num="288" count="67" type="stmt"/>
      <line num="289" count="67" type="cond" truecount="1" falsecount="0"/>
      <line num="290" count="67" type="cond" truecount="1" falsecount="0"/>
      <line num="291" count="67" type="stmt"/>
      <line num="292" count="67" type="stmt"/>
      <line num="293" count="67" type="stmt"/>
      <line num="294" count="67" type="stmt"/>
      <line num="295" count="67" type="stmt"/>
      <line num="296" count="67" type="stmt"/>
      <line num="297" count="67" type="stmt"/>
      <line num="298" count="67" type="stmt"/>
      <line num="299" count="67" type="stmt"/>
      <line num="300" count="67" type="stmt"/>
      <line num="301" count="67" type="stmt"/>
      <line num="302" count="67" type="stmt"/>
      <line num="303" count="67" type="stmt"/>
      <line num="304" count="67" type="stmt"/>
      <line num="305" count="0" type="stmt"/>
      <line num="306" count="0" type="stmt"/>
      <line num="307" count="67" type="stmt"/>
      <line num="308" count="67" type="cond" truecount="1" falsecount="0"/>
      <line num="309" count="67" type="cond" truecount="1" falsecount="0"/>
      <line num="310" count="67" type="stmt"/>
      <line num="311" count="67" type="stmt"/>
      <line num="312" count="67" type="stmt"/>
      <line num="313" count="67" type="stmt"/>
      <line num="314" count="67" type="stmt"/>
      <line num="315" count="67" type="stmt"/>
      <line num="316" count="67" type="stmt"/>
      <line num="317" count="67" type="stmt"/>
      <line num="318" count="67" type="stmt"/>
      <line num="319" count="67" type="stmt"/>
      <line num="320" count="67" type="stmt"/>
      <line num="321" count="67" type="stmt"/>
      <line num="322" count="67" type="stmt"/>
      <line num="323" count="67" type="cond" truecount="1" falsecount="0"/>
      <line num="324" count="67" type="stmt"/>
      <line num="325" count="67" type="cond" truecount="1" falsecount="0"/>
      <line num="326" count="67" type="stmt"/>
      <line num="327" count="67" type="stmt"/>
      <line num="328" count="67" type="stmt"/>
      <line num="329" count="67" type="stmt"/>
      <line num="330" count="67" type="stmt"/>
      <line num="331" count="67" type="stmt"/>
      <line num="332" count="67" type="stmt"/>
      <line num="333" count="67" type="stmt"/>
      <line num="334" count="67" type="stmt"/>
      <line num="335" count="67" type="stmt"/>
      <line num="336" count="67" type="stmt"/>
      <line num="337" count="67" type="stmt"/>
      <line num="338" count="67" type="stmt"/>
      <line num="339" count="67" type="stmt"/>
      <line num="340" count="67" type="cond" truecount="1" falsecount="0"/>
      <line num="341" count="67" type="cond" truecount="1" falsecount="0"/>
      <line num="342" count="1" type="stmt"/>
      <line num="343" count="1" type="stmt"/>
      <line num="344" count="0" type="cond" truecount="0" falsecount="1"/>
      <line num="345" count="67" type="stmt"/>
      <line num="346" count="67" type="stmt"/>
      <line num="347" count="67" type="stmt"/>
      <line num="348" count="67" type="stmt"/>
      <line num="349" count="67" type="stmt"/>
      <line num="350" count="67" type="stmt"/>
      <line num="351" count="67" type="stmt"/>
      <line num="352" count="0" type="stmt"/>
      <line num="353" count="0" type="stmt"/>
      <line num="354" count="67" type="stmt"/>
      <line num="355" count="67" type="stmt"/>
      <line num="356" count="67" type="stmt"/>
      <line num="357" count="67" type="stmt"/>
      <line num="358" count="67" type="stmt"/>
      <line num="359" count="67" type="cond" truecount="1" falsecount="0"/>
      <line num="360" count="67" type="cond" truecount="1" falsecount="0"/>
      <line num="361" count="1" type="stmt"/>
      <line num="362" count="0" type="cond" truecount="0" falsecount="1"/>
      <line num="363" count="0" type="stmt"/>
      <line num="364" count="67" type="stmt"/>
      <line num="365" count="67" type="stmt"/>
      <line num="366" count="67" type="stmt"/>
      <line num="367" count="67" type="stmt"/>
      <line num="368" count="67" type="cond" truecount="1" falsecount="0"/>
      <line num="369" count="3" type="cond" truecount="0" falsecount="1"/>
      <line num="370" count="0" type="stmt"/>
      <line num="371" count="0" type="stmt"/>
      <line num="372" count="3" type="stmt"/>
      <line num="373" count="67" type="stmt"/>
      <line num="374" count="67" type="stmt"/>
      <line num="375" count="67" type="cond" truecount="1" falsecount="0"/>
      <line num="376" count="1" type="cond" truecount="0" falsecount="1"/>
      <line num="377" count="0" type="stmt"/>
      <line num="378" count="0" type="stmt"/>
      <line num="379" count="1" type="stmt"/>
      <line num="380" count="67" type="stmt"/>
      <line num="381" count="67" type="stmt"/>
      <line num="382" count="67" type="stmt"/>
      <line num="383" count="67" type="stmt"/>
      <line num="384" count="67" type="stmt"/>
      <line num="385" count="0" type="stmt"/>
      <line num="386" count="0" type="stmt"/>
      <line num="387" count="0" type="stmt"/>
      <line num="388" count="67" type="stmt"/>
      <line num="389" count="67" type="stmt"/>
      <line num="390" count="67" type="stmt"/>
      <line num="391" count="67" type="stmt"/>
      <line num="392" count="67" type="stmt"/>
      <line num="393" count="67" type="cond" truecount="1" falsecount="0"/>
      <line num="394" count="67" type="stmt"/>
      <line num="395" count="67" type="stmt"/>
      <line num="396" count="67" type="stmt"/>
      <line num="397" count="67" type="stmt"/>
      <line num="398" count="67" type="stmt"/>
    </file>
    <file name="tokens.js" path="/home/fatih/Projects/djawa-script/src/tokens.js">
      <metrics statements="262" coveredstatements="262" conditionals="1" coveredconditionals="1" methods="0" coveredmethods="0"/>
      <line num="1" count="3" type="cond" truecount="1" falsecount="0"/>
      <line num="2" count="3" type="stmt"/>
      <line num="3" count="3" type="stmt"/>
      <line num="4" count="3" type="stmt"/>
      <line num="5" count="3" type="stmt"/>
      <line num="6" count="3" type="stmt"/>
      <line num="7" count="3" type="stmt"/>
      <line num="8" count="3" type="stmt"/>
      <line num="9" count="3" type="stmt"/>
      <line num="10" count="3" type="stmt"/>
      <line num="11" count="3" type="stmt"/>
      <line num="12" count="3" type="stmt"/>
      <line num="13" count="3" type="stmt"/>
      <line num="14" count="3" type="stmt"/>
      <line num="15" count="3" type="stmt"/>
      <line num="16" count="3" type="stmt"/>
      <line num="17" count="3" type="stmt"/>
      <line num="18" count="3" type="stmt"/>
      <line num="19" count="3" type="stmt"/>
      <line num="20" count="3" type="stmt"/>
      <line num="21" count="3" type="stmt"/>
      <line num="22" count="3" type="stmt"/>
      <line num="23" count="3" type="stmt"/>
      <line num="24" count="3" type="stmt"/>
      <line num="25" count="3" type="stmt"/>
      <line num="26" count="3" type="stmt"/>
      <line num="27" count="3" type="stmt"/>
      <line num="28" count="3" type="stmt"/>
      <line num="29" count="3" type="stmt"/>
      <line num="30" count="3" type="stmt"/>
      <line num="31" count="3" type="stmt"/>
      <line num="32" count="3" type="stmt"/>
      <line num="33" count="3" type="stmt"/>
      <line num="34" count="3" type="stmt"/>
      <line num="35" count="3" type="stmt"/>
      <line num="36" count="3" type="stmt"/>
      <line num="37" count="3" type="stmt"/>
      <line num="38" count="3" type="stmt"/>
      <line num="39" count="3" type="stmt"/>
      <line num="40" count="3" type="stmt"/>
      <line num="41" count="3" type="stmt"/>
      <line num="42" count="3" type="stmt"/>
      <line num="43" count="3" type="stmt"/>
      <line num="44" count="3" type="stmt"/>
      <line num="45" count="3" type="stmt"/>
      <line num="46" count="3" type="stmt"/>
      <line num="47" count="3" type="stmt"/>
      <line num="48" count="3" type="stmt"/>
      <line num="49" count="3" type="stmt"/>
      <line num="50" count="3" type="stmt"/>
      <line num="51" count="3" type="stmt"/>
      <line num="52" count="3" type="stmt"/>
      <line num="53" count="3" type="stmt"/>
      <line num="54" count="3" type="stmt"/>
      <line num="55" count="3" type="stmt"/>
      <line num="56" count="3" type="stmt"/>
      <line num="57" count="3" type="stmt"/>
      <line num="58" count="3" type="stmt"/>
      <line num="59" count="3" type="stmt"/>
      <line num="60" count="3" type="stmt"/>
      <line num="61" count="3" type="stmt"/>
      <line num="62" count="3" type="stmt"/>
      <line num="63" count="3" type="stmt"/>
      <line num="64" count="3" type="stmt"/>
      <line num="65" count="3" type="stmt"/>
      <line num="66" count="3" type="stmt"/>
      <line num="67" count="3" type="stmt"/>
      <line num="68" count="3" type="stmt"/>
      <line num="69" count="3" type="stmt"/>
      <line num="70" count="3" type="stmt"/>
      <line num="71" count="3" type="stmt"/>
      <line num="72" count="3" type="stmt"/>
      <line num="73" count="3" type="stmt"/>
      <line num="74" count="3" type="stmt"/>
      <line num="75" count="3" type="stmt"/>
      <line num="76" count="3" type="stmt"/>
      <line num="77" count="3" type="stmt"/>
      <line num="78" count="3" type="stmt"/>
      <line num="79" count="3" type="stmt"/>
      <line num="80" count="3" type="stmt"/>
      <line num="81" count="3" type="stmt"/>
      <line num="82" count="3" type="stmt"/>
      <line num="83" count="3" type="stmt"/>
      <line num="84" count="3" type="stmt"/>
      <line num="85" count="3" type="stmt"/>
      <line num="86" count="3" type="stmt"/>
      <line num="87" count="3" type="stmt"/>
      <line num="88" count="3" type="stmt"/>
      <line num="89" count="3" type="stmt"/>
      <line num="90" count="3" type="stmt"/>
      <line num="91" count="3" type="stmt"/>
      <line num="92" count="3" type="stmt"/>
      <line num="93" count="3" type="stmt"/>
      <line num="94" count="3" type="stmt"/>
      <line num="95" count="3" type="stmt"/>
      <line num="96" count="3" type="stmt"/>
      <line num="97" count="3" type="stmt"/>
      <line num="98" count="3" type="stmt"/>
      <line num="99" count="3" type="stmt"/>
      <line num="100" count="3" type="stmt"/>
      <line num="101" count="3" type="stmt"/>
      <line num="102" count="3" type="stmt"/>
      <line num="103" count="3" type="stmt"/>
      <line num="104" count="3" type="stmt"/>
      <line num="105" count="3" type="stmt"/>
      <line num="106" count="3" type="stmt"/>
      <line num="107" count="3" type="stmt"/>
      <line num="108" count="3" type="stmt"/>
      <line num="109" count="3" type="stmt"/>
      <line num="110" count="3" type="stmt"/>
      <line num="111" count="3" type="stmt"/>
      <line num="112" count="3" type="stmt"/>
      <line num="113" count="3" type="stmt"/>
      <line num="114" count="3" type="stmt"/>
      <line num="115" count="3" type="stmt"/>
      <line num="116" count="3" type="stmt"/>
      <line num="117" count="3" type="stmt"/>
      <line num="118" count="3" type="stmt"/>
      <line num="119" count="3" type="stmt"/>
      <line num="120" count="3" type="stmt"/>
      <line num="121" count="3" type="stmt"/>
      <line num="122" count="3" type="stmt"/>
      <line num="123" count="3" type="stmt"/>
      <line num="124" count="3" type="stmt"/>
      <line num="125" count="3" type="stmt"/>
      <line num="126" count="3" type="stmt"/>
      <line num="127" count="3" type="stmt"/>
      <line num="128" count="3" type="stmt"/>
      <line num="129" count="3" type="stmt"/>
      <line num="130" count="3" type="stmt"/>
      <line num="131" count="3" type="stmt"/>
      <line num="132" count="3" type="stmt"/>
      <line num="133" count="3" type="stmt"/>
      <line num="134" count="3" type="stmt"/>
      <line num="135" count="3" type="stmt"/>
      <line num="136" count="3" type="stmt"/>
      <line num="137" count="3" type="stmt"/>
      <line num="138" count="3" type="stmt"/>
      <line num="139" count="3" type="stmt"/>
      <line num="140" count="3" type="stmt"/>
      <line num="141" count="3" type="stmt"/>
      <line num="142" count="3" type="stmt"/>
      <line num="143" count="3" type="stmt"/>
      <line num="144" count="3" type="stmt"/>
      <line num="145" count="3" type="stmt"/>
      <line num="146" count="3" type="stmt"/>
      <line num="147" count="3" type="stmt"/>
      <line num="148" count="3" type="stmt"/>
      <line num="149" count="3" type="stmt"/>
      <line num="150" count="3" type="stmt"/>
      <line num="151" count="3" type="stmt"/>
      <line num="152" count="3" type="stmt"/>
      <line num="153" count="3" type="stmt"/>
      <line num="154" count="3" type="stmt"/>
      <line num="155" count="3" type="stmt"/>
      <line num="156" count="3" type="stmt"/>
      <line num="157" count="3" type="stmt"/>
      <line num="158" count="3" type="stmt"/>
      <line num="159" count="3" type="stmt"/>
      <line num="160" count="3" type="stmt"/>
      <line num="161" count="3" type="stmt"/>
      <line num="162" count="3" type="stmt"/>
      <line num="163" count="3" type="stmt"/>
      <line num="164" count="3" type="stmt"/>
      <line num="165" count="3" type="stmt"/>
      <line num="166" count="3" type="stmt"/>
      <line num="167" count="3" type="stmt"/>
      <line num="168" count="3" type="stmt"/>
      <line num="169" count="3" type="stmt"/>
      <line num="170" count="3" type="stmt"/>
      <line num="171" count="3" type="stmt"/>
      <line num="172" count="3" type="stmt"/>
      <line num="173" count="3" type="stmt"/>
      <line num="174" count="3" type="stmt"/>
      <line num="175" count="3" type="stmt"/>
      <line num="176" count="3" type="stmt"/>
      <line num="177" count="3" type="stmt"/>
      <line num="178" count="3" type="stmt"/>
      <line num="179" count="3" type="stmt"/>
      <line num="180" count="3" type="stmt"/>
      <line num="181" count="3" type="stmt"/>
      <line num="182" count="3" type="stmt"/>
      <line num="183" count="3" type="stmt"/>
      <line num="184" count="3" type="stmt"/>
      <line num="185" count="3" type="stmt"/>
      <line num="186" count="3" type="stmt"/>
      <line num="187" count="3" type="stmt"/>
      <line num="188" count="3" type="stmt"/>
      <line num="189" count="3" type="stmt"/>
      <line num="190" count="3" type="stmt"/>
      <line num="191" count="3" type="stmt"/>
      <line num="192" count="3" type="stmt"/>
      <line num="193" count="3" type="stmt"/>
      <line num="194" count="3" type="stmt"/>
      <line num="195" count="3" type="stmt"/>
      <line num="196" count="3" type="stmt"/>
      <line num="197" count="3" type="stmt"/>
      <line num="198" count="3" type="stmt"/>
      <line num="199" count="3" type="stmt"/>
      <line num="200" count="3" type="stmt"/>
      <line num="201" count="3" type="stmt"/>
      <line num="202" count="3" type="stmt"/>
      <line num="203" count="3" type="stmt"/>
      <line num="204" count="3" type="stmt"/>
      <line num="205" count="3" type="stmt"/>
      <line num="206" count="3" type="stmt"/>
      <line num="207" count="3" type="stmt"/>
      <line num="208" count="3" type="stmt"/>
      <line num="209" count="3" type="stmt"/>
      <line num="210" count="3" type="stmt"/>
      <line num="211" count="3" type="stmt"/>
      <line num="212" count="3" type="stmt"/>
      <line num="213" count="3" type="stmt"/>
      <line num="214" count="3" type="stmt"/>
      <line num="215" count="3" type="stmt"/>
      <line num="216" count="3" type="stmt"/>
      <line num="217" count="3" type="stmt"/>
      <line num="218" count="3" type="stmt"/>
      <line num="219" count="3" type="stmt"/>
      <line num="220" count="3" type="stmt"/>
      <line num="221" count="3" type="stmt"/>
      <line num="222" count="3" type="stmt"/>
      <line num="223" count="3" type="stmt"/>
      <line num="224" count="3" type="stmt"/>
      <line num="225" count="3" type="stmt"/>
      <line num="226" count="3" type="stmt"/>
      <line num="227" count="3" type="stmt"/>
      <line num="228" count="3" type="stmt"/>
      <line num="229" count="3" type="stmt"/>
      <line num="230" count="3" type="stmt"/>
      <line num="231" count="3" type="stmt"/>
      <line num="232" count="3" type="stmt"/>
      <line num="233" count="3" type="stmt"/>
      <line num="234" count="3" type="stmt"/>
      <line num="235" count="3" type="stmt"/>
      <line num="236" count="3" type="stmt"/>
      <line num="237" count="3" type="stmt"/>
      <line num="238" count="3" type="stmt"/>
      <line num="239" count="3" type="stmt"/>
      <line num="240" count="3" type="stmt"/>
      <line num="241" count="3" type="stmt"/>
      <line num="242" count="3" type="stmt"/>
      <line num="243" count="3" type="stmt"/>
      <line num="244" count="3" type="stmt"/>
      <line num="245" count="3" type="stmt"/>
      <line num="246" count="3" type="stmt"/>
      <line num="247" count="3" type="stmt"/>
      <line num="248" count="3" type="stmt"/>
      <line num="249" count="3" type="stmt"/>
      <line num="250" count="3" type="stmt"/>
      <line num="251" count="3" type="stmt"/>
      <line num="252" count="3" type="stmt"/>
      <line num="253" count="3" type="stmt"/>
      <line num="254" count="3" type="stmt"/>
      <line num="255" count="3" type="stmt"/>
      <line num="256" count="3" type="stmt"/>
      <line num="257" count="3" type="stmt"/>
      <line num="258" count="3" type="stmt"/>
      <line num="259" count="3" type="stmt"/>
      <line num="260" count="3" type="stmt"/>
      <line num="261" count="3" type="stmt"/>
      <line num="262" count="3" type="stmt"/>
    </file>
  </project>
</coverage>
