{"/home/fatih/Projects/djawa-script-agy/src/ast.js": {"path":"/home/fatih/Projects/djawa-script-agy/src/ast.js","all":false,"statementMap":{"0":{"start":{"line":1,"column":0},"end":{"line":1,"column":40}},"1":{"start":{"line":2,"column":0},"end":{"line":2,"column":0}},"2":{"start":{"line":3,"column":0},"end":{"line":3,"column":19}},"3":{"start":{"line":4,"column":0},"end":{"line":4,"column":20}},"4":{"start":{"line":5,"column":0},"end":{"line":5,"column":1}},"5":{"start":{"line":6,"column":0},"end":{"line":6,"column":0}},"6":{"start":{"line":7,"column":0},"end":{"line":7,"column":34}},"7":{"start":{"line":8,"column":0},"end":{"line":8,"column":38}},"8":{"start":{"line":9,"column":0},"end":{"line":9,"column":12}},"9":{"start":{"line":10,"column":0},"end":{"line":10,"column":21}},"10":{"start":{"line":11,"column":0},"end":{"line":11,"column":29}},"11":{"start":{"line":12,"column":0},"end":{"line":12,"column":23}},"12":{"start":{"line":13,"column":0},"end":{"line":13,"column":3}},"13":{"start":{"line":14,"column":0},"end":{"line":14,"column":59}},"14":{"start":{"line":15,"column":0},"end":{"line":15,"column":1}},"15":{"start":{"line":16,"column":0},"end":{"line":16,"column":0}},"16":{"start":{"line":17,"column":0},"end":{"line":17,"column":36}},"17":{"start":{"line":18,"column":0},"end":{"line":18,"column":27}},"18":{"start":{"line":19,"column":0},"end":{"line":19,"column":12}},"19":{"start":{"line":20,"column":0},"end":{"line":20,"column":33}},"20":{"start":{"line":21,"column":0},"end":{"line":21,"column":3}},"21":{"start":{"line":22,"column":0},"end":{"line":22,"column":61}},"22":{"start":{"line":23,"column":0},"end":{"line":23,"column":1}},"23":{"start":{"line":24,"column":0},"end":{"line":24,"column":0}},"24":{"start":{"line":25,"column":0},"end":{"line":25,"column":35}},"25":{"start":{"line":26,"column":0},"end":{"line":26,"column":22}},"26":{"start":{"line":27,"column":0},"end":{"line":27,"column":12}},"27":{"start":{"line":28,"column":0},"end":{"line":28,"column":23}},"28":{"start":{"line":29,"column":0},"end":{"line":29,"column":3}},"29":{"start":{"line":30,"column":0},"end":{"line":30,"column":60}},"30":{"start":{"line":31,"column":0},"end":{"line":31,"column":1}},"31":{"start":{"line":32,"column":0},"end":{"line":32,"column":0}},"32":{"start":{"line":33,"column":0},"end":{"line":33,"column":33}},"33":{"start":{"line":34,"column":0},"end":{"line":34,"column":32}},"34":{"start":{"line":35,"column":0},"end":{"line":35,"column":12}},"35":{"start":{"line":36,"column":0},"end":{"line":36,"column":29}},"36":{"start":{"line":37,"column":0},"end":{"line":37,"column":23}},"37":{"start":{"line":38,"column":0},"end":{"line":38,"column":3}},"38":{"start":{"line":39,"column":0},"end":{"line":39,"column":58}},"39":{"start":{"line":40,"column":0},"end":{"line":40,"column":1}},"40":{"start":{"line":41,"column":0},"end":{"line":41,"column":0}},"41":{"start":{"line":42,"column":0},"end":{"line":42,"column":35}},"42":{"start":{"line":43,"column":0},"end":{"line":43,"column":31}},"43":{"start":{"line":44,"column":0},"end":{"line":44,"column":12}},"44":{"start":{"line":45,"column":0},"end":{"line":45,"column":21}},"45":{"start":{"line":46,"column":0},"end":{"line":46,"column":29}},"46":{"start":{"line":47,"column":0},"end":{"line":47,"column":3}},"47":{"start":{"line":48,"column":0},"end":{"line":48,"column":60}},"48":{"start":{"line":49,"column":0},"end":{"line":49,"column":1}},"49":{"start":{"line":50,"column":0},"end":{"line":50,"column":0}},"50":{"start":{"line":51,"column":0},"end":{"line":51,"column":36}},"51":{"start":{"line":52,"column":0},"end":{"line":52,"column":21}},"52":{"start":{"line":53,"column":0},"end":{"line":53,"column":12}},"53":{"start":{"line":54,"column":0},"end":{"line":54,"column":21}},"54":{"start":{"line":55,"column":0},"end":{"line":55,"column":3}},"55":{"start":{"line":56,"column":0},"end":{"line":56,"column":61}},"56":{"start":{"line":57,"column":0},"end":{"line":57,"column":1}},"57":{"start":{"line":58,"column":0},"end":{"line":58,"column":0}},"58":{"start":{"line":59,"column":0},"end":{"line":59,"column":34}},"59":{"start":{"line":60,"column":0},"end":{"line":60,"column":38}},"60":{"start":{"line":61,"column":0},"end":{"line":61,"column":12}},"61":{"start":{"line":62,"column":0},"end":{"line":62,"column":21}},"62":{"start":{"line":63,"column":0},"end":{"line":63,"column":29}},"63":{"start":{"line":64,"column":0},"end":{"line":64,"column":23}},"64":{"start":{"line":65,"column":0},"end":{"line":65,"column":3}},"65":{"start":{"line":66,"column":0},"end":{"line":66,"column":59}},"66":{"start":{"line":67,"column":0},"end":{"line":67,"column":1}},"67":{"start":{"line":68,"column":0},"end":{"line":68,"column":0}},"68":{"start":{"line":69,"column":0},"end":{"line":69,"column":32}},"69":{"start":{"line":70,"column":0},"end":{"line":70,"column":36}},"70":{"start":{"line":71,"column":0},"end":{"line":71,"column":12}},"71":{"start":{"line":72,"column":0},"end":{"line":72,"column":25}},"72":{"start":{"line":73,"column":0},"end":{"line":73,"column":23}},"73":{"start":{"line":74,"column":0},"end":{"line":74,"column":21}},"74":{"start":{"line":75,"column":0},"end":{"line":75,"column":3}},"75":{"start":{"line":76,"column":0},"end":{"line":76,"column":57}},"76":{"start":{"line":77,"column":0},"end":{"line":77,"column":1}},"77":{"start":{"line":78,"column":0},"end":{"line":78,"column":0}},"78":{"start":{"line":79,"column":0},"end":{"line":79,"column":31}},"79":{"start":{"line":80,"column":0},"end":{"line":80,"column":29}},"80":{"start":{"line":81,"column":0},"end":{"line":81,"column":12}},"81":{"start":{"line":82,"column":0},"end":{"line":82,"column":25}},"82":{"start":{"line":83,"column":0},"end":{"line":83,"column":21}},"83":{"start":{"line":84,"column":0},"end":{"line":84,"column":3}},"84":{"start":{"line":85,"column":0},"end":{"line":85,"column":56}},"85":{"start":{"line":86,"column":0},"end":{"line":86,"column":1}},"86":{"start":{"line":87,"column":0},"end":{"line":87,"column":0}},"87":{"start":{"line":88,"column":0},"end":{"line":88,"column":31}},"88":{"start":{"line":89,"column":0},"end":{"line":89,"column":36}},"89":{"start":{"line":90,"column":0},"end":{"line":90,"column":12}},"90":{"start":{"line":91,"column":0},"end":{"line":91,"column":25}},"91":{"start":{"line":92,"column":0},"end":{"line":92,"column":21}},"92":{"start":{"line":93,"column":0},"end":{"line":93,"column":23}},"93":{"start":{"line":94,"column":0},"end":{"line":94,"column":3}},"94":{"start":{"line":95,"column":0},"end":{"line":95,"column":56}},"95":{"start":{"line":96,"column":0},"end":{"line":96,"column":1}},"96":{"start":{"line":97,"column":0},"end":{"line":97,"column":0}},"97":{"start":{"line":98,"column":0},"end":{"line":98,"column":32}},"98":{"start":{"line":99,"column":0},"end":{"line":99,"column":24}},"99":{"start":{"line":100,"column":0},"end":{"line":100,"column":12}},"100":{"start":{"line":101,"column":0},"end":{"line":101,"column":27}},"101":{"start":{"line":102,"column":0},"end":{"line":102,"column":3}},"102":{"start":{"line":103,"column":0},"end":{"line":103,"column":57}},"103":{"start":{"line":104,"column":0},"end":{"line":104,"column":1}},"104":{"start":{"line":105,"column":0},"end":{"line":105,"column":0}},"105":{"start":{"line":106,"column":0},"end":{"line":106,"column":33}},"106":{"start":{"line":107,"column":0},"end":{"line":107,"column":32}},"107":{"start":{"line":108,"column":0},"end":{"line":108,"column":12}},"108":{"start":{"line":109,"column":0},"end":{"line":109,"column":27}},"109":{"start":{"line":110,"column":0},"end":{"line":110,"column":25}},"110":{"start":{"line":111,"column":0},"end":{"line":111,"column":3}},"111":{"start":{"line":112,"column":0},"end":{"line":112,"column":58}},"112":{"start":{"line":113,"column":0},"end":{"line":113,"column":1}},"113":{"start":{"line":114,"column":0},"end":{"line":114,"column":0}},"114":{"start":{"line":115,"column":0},"end":{"line":115,"column":35}},"115":{"start":{"line":116,"column":0},"end":{"line":116,"column":46}},"116":{"start":{"line":117,"column":0},"end":{"line":117,"column":12}},"117":{"start":{"line":118,"column":0},"end":{"line":118,"column":31}},"118":{"start":{"line":119,"column":0},"end":{"line":119,"column":29}},"119":{"start":{"line":120,"column":0},"end":{"line":120,"column":29}},"120":{"start":{"line":121,"column":0},"end":{"line":121,"column":3}},"121":{"start":{"line":122,"column":0},"end":{"line":122,"column":60}},"122":{"start":{"line":123,"column":0},"end":{"line":123,"column":1}},"123":{"start":{"line":124,"column":0},"end":{"line":124,"column":0}},"124":{"start":{"line":125,"column":0},"end":{"line":125,"column":35}},"125":{"start":{"line":126,"column":0},"end":{"line":126,"column":38}},"126":{"start":{"line":127,"column":0},"end":{"line":127,"column":12}},"127":{"start":{"line":128,"column":0},"end":{"line":128,"column":21}},"128":{"start":{"line":129,"column":0},"end":{"line":129,"column":29}},"129":{"start":{"line":130,"column":0},"end":{"line":130,"column":23}},"130":{"start":{"line":131,"column":0},"end":{"line":131,"column":3}},"131":{"start":{"line":132,"column":0},"end":{"line":132,"column":60}},"132":{"start":{"line":133,"column":0},"end":{"line":133,"column":1}},"133":{"start":{"line":134,"column":0},"end":{"line":134,"column":0}},"134":{"start":{"line":135,"column":0},"end":{"line":135,"column":33}},"135":{"start":{"line":136,"column":0},"end":{"line":136,"column":34}},"136":{"start":{"line":137,"column":0},"end":{"line":137,"column":12}},"137":{"start":{"line":138,"column":0},"end":{"line":138,"column":27}},"138":{"start":{"line":139,"column":0},"end":{"line":139,"column":29}},"139":{"start":{"line":140,"column":0},"end":{"line":140,"column":3}},"140":{"start":{"line":141,"column":0},"end":{"line":141,"column":58}},"141":{"start":{"line":142,"column":0},"end":{"line":142,"column":1}},"142":{"start":{"line":143,"column":0},"end":{"line":143,"column":0}},"143":{"start":{"line":144,"column":0},"end":{"line":144,"column":40}},"144":{"start":{"line":145,"column":0},"end":{"line":145,"column":25}},"145":{"start":{"line":146,"column":0},"end":{"line":146,"column":12}},"146":{"start":{"line":147,"column":0},"end":{"line":147,"column":29}},"147":{"start":{"line":148,"column":0},"end":{"line":148,"column":3}},"148":{"start":{"line":149,"column":0},"end":{"line":149,"column":65}},"149":{"start":{"line":150,"column":0},"end":{"line":150,"column":1}},"150":{"start":{"line":151,"column":0},"end":{"line":151,"column":0}},"151":{"start":{"line":152,"column":0},"end":{"line":152,"column":41}},"152":{"start":{"line":153,"column":0},"end":{"line":153,"column":27}},"153":{"start":{"line":154,"column":0},"end":{"line":154,"column":12}},"154":{"start":{"line":155,"column":0},"end":{"line":155,"column":72}},"155":{"start":{"line":156,"column":0},"end":{"line":156,"column":3}},"156":{"start":{"line":157,"column":0},"end":{"line":157,"column":66}},"157":{"start":{"line":158,"column":0},"end":{"line":158,"column":1}},"158":{"start":{"line":159,"column":0},"end":{"line":159,"column":0}},"159":{"start":{"line":160,"column":0},"end":{"line":160,"column":37}},"160":{"start":{"line":161,"column":0},"end":{"line":161,"column":38}},"161":{"start":{"line":162,"column":0},"end":{"line":162,"column":12}},"162":{"start":{"line":163,"column":0},"end":{"line":163,"column":23}},"163":{"start":{"line":164,"column":0},"end":{"line":164,"column":19}},"164":{"start":{"line":165,"column":0},"end":{"line":165,"column":67}},"165":{"start":{"line":166,"column":0},"end":{"line":166,"column":3}},"166":{"start":{"line":167,"column":0},"end":{"line":167,"column":58}},"167":{"start":{"line":168,"column":0},"end":{"line":168,"column":1}},"168":{"start":{"line":169,"column":0},"end":{"line":169,"column":0}},"169":{"start":{"line":170,"column":0},"end":{"line":170,"column":43}},"170":{"start":{"line":171,"column":0},"end":{"line":171,"column":37}},"171":{"start":{"line":172,"column":0},"end":{"line":172,"column":12}},"172":{"start":{"line":173,"column":0},"end":{"line":173,"column":27}},"173":{"start":{"line":174,"column":0},"end":{"line":174,"column":35}},"174":{"start":{"line":175,"column":0},"end":{"line":175,"column":3}},"175":{"start":{"line":176,"column":0},"end":{"line":176,"column":68}},"176":{"start":{"line":177,"column":0},"end":{"line":177,"column":1}},"177":{"start":{"line":178,"column":0},"end":{"line":178,"column":0}},"178":{"start":{"line":179,"column":0},"end":{"line":179,"column":42}},"179":{"start":{"line":180,"column":0},"end":{"line":180,"column":30}},"180":{"start":{"line":181,"column":0},"end":{"line":181,"column":12}},"181":{"start":{"line":182,"column":0},"end":{"line":182,"column":19}},"182":{"start":{"line":183,"column":0},"end":{"line":183,"column":29}},"183":{"start":{"line":184,"column":0},"end":{"line":184,"column":3}},"184":{"start":{"line":185,"column":0},"end":{"line":185,"column":67}},"185":{"start":{"line":186,"column":0},"end":{"line":186,"column":1}},"186":{"start":{"line":187,"column":0},"end":{"line":187,"column":0}},"187":{"start":{"line":188,"column":0},"end":{"line":188,"column":19}},"188":{"start":{"line":189,"column":0},"end":{"line":189,"column":20}},"189":{"start":{"line":190,"column":0},"end":{"line":190,"column":1}},"190":{"start":{"line":191,"column":0},"end":{"line":191,"column":0}},"191":{"start":{"line":192,"column":0},"end":{"line":192,"column":38}},"192":{"start":{"line":193,"column":0},"end":{"line":193,"column":27}},"193":{"start":{"line":194,"column":0},"end":{"line":194,"column":12}},"194":{"start":{"line":195,"column":0},"end":{"line":195,"column":33}},"195":{"start":{"line":196,"column":0},"end":{"line":196,"column":3}},"196":{"start":{"line":197,"column":0},"end":{"line":197,"column":63}},"197":{"start":{"line":198,"column":0},"end":{"line":198,"column":1}},"198":{"start":{"line":199,"column":0},"end":{"line":199,"column":0}},"199":{"start":{"line":200,"column":0},"end":{"line":200,"column":35}},"200":{"start":{"line":201,"column":0},"end":{"line":201,"column":28}},"201":{"start":{"line":202,"column":0},"end":{"line":202,"column":12}},"202":{"start":{"line":203,"column":0},"end":{"line":203,"column":35}},"203":{"start":{"line":204,"column":0},"end":{"line":204,"column":3}},"204":{"start":{"line":205,"column":0},"end":{"line":205,"column":60}},"205":{"start":{"line":206,"column":0},"end":{"line":206,"column":1}},"206":{"start":{"line":207,"column":0},"end":{"line":207,"column":0}},"207":{"start":{"line":208,"column":0},"end":{"line":208,"column":31}},"208":{"start":{"line":209,"column":0},"end":{"line":209,"column":51}},"209":{"start":{"line":210,"column":0},"end":{"line":210,"column":12}},"210":{"start":{"line":211,"column":0},"end":{"line":211,"column":21}},"211":{"start":{"line":212,"column":0},"end":{"line":212,"column":35}},"212":{"start":{"line":213,"column":0},"end":{"line":213,"column":27}},"213":{"start":{"line":214,"column":0},"end":{"line":214,"column":3}},"214":{"start":{"line":215,"column":0},"end":{"line":215,"column":56}},"215":{"start":{"line":216,"column":0},"end":{"line":216,"column":1}},"216":{"start":{"line":217,"column":0},"end":{"line":217,"column":0}},"217":{"start":{"line":218,"column":0},"end":{"line":218,"column":33}},"218":{"start":{"line":219,"column":0},"end":{"line":219,"column":27}},"219":{"start":{"line":220,"column":0},"end":{"line":220,"column":12}},"220":{"start":{"line":221,"column":0},"end":{"line":221,"column":33}},"221":{"start":{"line":222,"column":0},"end":{"line":222,"column":3}},"222":{"start":{"line":223,"column":0},"end":{"line":223,"column":58}},"223":{"start":{"line":224,"column":0},"end":{"line":224,"column":1}},"224":{"start":{"line":225,"column":0},"end":{"line":225,"column":0}},"225":{"start":{"line":226,"column":0},"end":{"line":226,"column":31}},"226":{"start":{"line":227,"column":0},"end":{"line":227,"column":66}},"227":{"start":{"line":228,"column":0},"end":{"line":228,"column":12}},"228":{"start":{"line":229,"column":0},"end":{"line":229,"column":31}},"229":{"start":{"line":230,"column":0},"end":{"line":230,"column":33}},"230":{"start":{"line":231,"column":0},"end":{"line":231,"column":73}},"231":{"start":{"line":232,"column":0},"end":{"line":232,"column":33}},"232":{"start":{"line":233,"column":0},"end":{"line":233,"column":3}},"233":{"start":{"line":234,"column":0},"end":{"line":234,"column":56}},"234":{"start":{"line":235,"column":0},"end":{"line":235,"column":1}},"235":{"start":{"line":236,"column":0},"end":{"line":236,"column":0}},"236":{"start":{"line":237,"column":0},"end":{"line":237,"column":34}},"237":{"start":{"line":238,"column":0},"end":{"line":238,"column":32}},"238":{"start":{"line":239,"column":0},"end":{"line":239,"column":12}},"239":{"start":{"line":240,"column":0},"end":{"line":240,"column":31}},"240":{"start":{"line":241,"column":0},"end":{"line":241,"column":21}},"241":{"start":{"line":242,"column":0},"end":{"line":242,"column":3}},"242":{"start":{"line":243,"column":0},"end":{"line":243,"column":59}},"243":{"start":{"line":244,"column":0},"end":{"line":244,"column":1}},"244":{"start":{"line":245,"column":0},"end":{"line":245,"column":0}},"245":{"start":{"line":246,"column":0},"end":{"line":246,"column":34}},"246":{"start":{"line":247,"column":0},"end":{"line":247,"column":56}},"247":{"start":{"line":248,"column":0},"end":{"line":248,"column":12}},"248":{"start":{"line":249,"column":0},"end":{"line":249,"column":35}},"249":{"start":{"line":250,"column":0},"end":{"line":250,"column":31}},"250":{"start":{"line":251,"column":0},"end":{"line":251,"column":31}},"251":{"start":{"line":252,"column":0},"end":{"line":252,"column":21}},"252":{"start":{"line":253,"column":0},"end":{"line":253,"column":3}},"253":{"start":{"line":254,"column":0},"end":{"line":254,"column":59}},"254":{"start":{"line":255,"column":0},"end":{"line":255,"column":1}},"255":{"start":{"line":256,"column":0},"end":{"line":256,"column":0}},"256":{"start":{"line":257,"column":0},"end":{"line":257,"column":33}},"257":{"start":{"line":258,"column":0},"end":{"line":258,"column":71}},"258":{"start":{"line":259,"column":0},"end":{"line":259,"column":12}},"259":{"start":{"line":260,"column":0},"end":{"line":260,"column":21}},"260":{"start":{"line":261,"column":0},"end":{"line":261,"column":29}},"261":{"start":{"line":262,"column":0},"end":{"line":262,"column":21}},"262":{"start":{"line":263,"column":0},"end":{"line":263,"column":27}},"263":{"start":{"line":264,"column":0},"end":{"line":264,"column":27}},"264":{"start":{"line":265,"column":0},"end":{"line":265,"column":3}},"265":{"start":{"line":266,"column":0},"end":{"line":266,"column":58}},"266":{"start":{"line":267,"column":0},"end":{"line":267,"column":1}},"267":{"start":{"line":268,"column":0},"end":{"line":268,"column":0}},"268":{"start":{"line":269,"column":0},"end":{"line":269,"column":39}},"269":{"start":{"line":270,"column":0},"end":{"line":270,"column":33}},"270":{"start":{"line":271,"column":0},"end":{"line":271,"column":12}},"271":{"start":{"line":272,"column":0},"end":{"line":272,"column":23}},"272":{"start":{"line":273,"column":0},"end":{"line":273,"column":71}},"273":{"start":{"line":274,"column":0},"end":{"line":274,"column":21}},"274":{"start":{"line":275,"column":0},"end":{"line":275,"column":3}},"275":{"start":{"line":276,"column":0},"end":{"line":276,"column":60}},"276":{"start":{"line":277,"column":0},"end":{"line":277,"column":1}},"277":{"start":{"line":278,"column":0},"end":{"line":278,"column":0}},"278":{"start":{"line":279,"column":0},"end":{"line":279,"column":32}},"279":{"start":{"line":280,"column":0},"end":{"line":280,"column":93}},"280":{"start":{"line":281,"column":0},"end":{"line":281,"column":12}},"281":{"start":{"line":282,"column":0},"end":{"line":282,"column":21}},"282":{"start":{"line":283,"column":0},"end":{"line":283,"column":25}},"283":{"start":{"line":284,"column":0},"end":{"line":284,"column":21}},"284":{"start":{"line":285,"column":0},"end":{"line":285,"column":27}},"285":{"start":{"line":286,"column":0},"end":{"line":286,"column":35}},"286":{"start":{"line":287,"column":0},"end":{"line":287,"column":33}},"287":{"start":{"line":288,"column":0},"end":{"line":288,"column":3}},"288":{"start":{"line":289,"column":0},"end":{"line":289,"column":57}},"289":{"start":{"line":290,"column":0},"end":{"line":290,"column":1}},"290":{"start":{"line":291,"column":0},"end":{"line":291,"column":0}},"291":{"start":{"line":292,"column":0},"end":{"line":292,"column":35}},"292":{"start":{"line":293,"column":0},"end":{"line":293,"column":31}},"293":{"start":{"line":294,"column":0},"end":{"line":294,"column":12}},"294":{"start":{"line":295,"column":0},"end":{"line":295,"column":27}},"295":{"start":{"line":296,"column":0},"end":{"line":296,"column":23}},"296":{"start":{"line":297,"column":0},"end":{"line":297,"column":3}},"297":{"start":{"line":298,"column":0},"end":{"line":298,"column":60}},"298":{"start":{"line":299,"column":0},"end":{"line":299,"column":1}},"299":{"start":{"line":300,"column":0},"end":{"line":300,"column":0}},"300":{"start":{"line":301,"column":0},"end":{"line":301,"column":33}},"301":{"start":{"line":302,"column":0},"end":{"line":302,"column":97}},"302":{"start":{"line":303,"column":0},"end":{"line":303,"column":12}},"303":{"start":{"line":304,"column":0},"end":{"line":304,"column":21}},"304":{"start":{"line":305,"column":0},"end":{"line":305,"column":33}},"305":{"start":{"line":306,"column":0},"end":{"line":306,"column":27}},"306":{"start":{"line":307,"column":0},"end":{"line":307,"column":69}},"307":{"start":{"line":308,"column":0},"end":{"line":308,"column":29}},"308":{"start":{"line":309,"column":0},"end":{"line":309,"column":33}},"309":{"start":{"line":310,"column":0},"end":{"line":310,"column":3}},"310":{"start":{"line":311,"column":0},"end":{"line":311,"column":58}},"311":{"start":{"line":312,"column":0},"end":{"line":312,"column":1}},"312":{"start":{"line":313,"column":0},"end":{"line":313,"column":0}},"313":{"start":{"line":314,"column":0},"end":{"line":314,"column":36}},"314":{"start":{"line":315,"column":0},"end":{"line":315,"column":29}},"315":{"start":{"line":316,"column":0},"end":{"line":316,"column":12}},"316":{"start":{"line":317,"column":0},"end":{"line":317,"column":21}},"317":{"start":{"line":318,"column":0},"end":{"line":318,"column":57}},"318":{"start":{"line":319,"column":0},"end":{"line":319,"column":3}},"319":{"start":{"line":320,"column":0},"end":{"line":320,"column":61}},"320":{"start":{"line":321,"column":0},"end":{"line":321,"column":1}},"321":{"start":{"line":322,"column":0},"end":{"line":322,"column":0}},"322":{"start":{"line":323,"column":0},"end":{"line":323,"column":38}},"323":{"start":{"line":324,"column":0},"end":{"line":324,"column":42}},"324":{"start":{"line":325,"column":0},"end":{"line":325,"column":12}},"325":{"start":{"line":326,"column":0},"end":{"line":326,"column":21}},"326":{"start":{"line":327,"column":0},"end":{"line":327,"column":66}},"327":{"start":{"line":328,"column":0},"end":{"line":328,"column":70}},"328":{"start":{"line":329,"column":0},"end":{"line":329,"column":3}},"329":{"start":{"line":330,"column":0},"end":{"line":330,"column":59}},"330":{"start":{"line":331,"column":0},"end":{"line":331,"column":1}},"331":{"start":{"line":332,"column":0},"end":{"line":332,"column":0}},"332":{"start":{"line":333,"column":0},"end":{"line":333,"column":33}},"333":{"start":{"line":334,"column":0},"end":{"line":334,"column":63}},"334":{"start":{"line":335,"column":0},"end":{"line":335,"column":12}},"335":{"start":{"line":336,"column":0},"end":{"line":336,"column":29}},"336":{"start":{"line":337,"column":0},"end":{"line":337,"column":29}},"337":{"start":{"line":338,"column":0},"end":{"line":338,"column":35}},"338":{"start":{"line":339,"column":0},"end":{"line":339,"column":39}},"339":{"start":{"line":340,"column":0},"end":{"line":340,"column":3}},"340":{"start":{"line":341,"column":0},"end":{"line":341,"column":58}},"341":{"start":{"line":342,"column":0},"end":{"line":342,"column":1}},"342":{"start":{"line":343,"column":0},"end":{"line":343,"column":0}},"343":{"start":{"line":344,"column":0},"end":{"line":344,"column":35}},"344":{"start":{"line":345,"column":0},"end":{"line":345,"column":31}},"345":{"start":{"line":346,"column":0},"end":{"line":346,"column":12}},"346":{"start":{"line":347,"column":0},"end":{"line":347,"column":27}},"347":{"start":{"line":348,"column":0},"end":{"line":348,"column":23}},"348":{"start":{"line":349,"column":0},"end":{"line":349,"column":3}},"349":{"start":{"line":350,"column":0},"end":{"line":350,"column":60}},"350":{"start":{"line":351,"column":0},"end":{"line":351,"column":1}},"351":{"start":{"line":352,"column":0},"end":{"line":352,"column":0}},"352":{"start":{"line":353,"column":0},"end":{"line":353,"column":34}},"353":{"start":{"line":354,"column":0},"end":{"line":354,"column":38}},"354":{"start":{"line":355,"column":0},"end":{"line":355,"column":12}},"355":{"start":{"line":356,"column":0},"end":{"line":356,"column":27}},"356":{"start":{"line":357,"column":0},"end":{"line":357,"column":23}},"357":{"start":{"line":358,"column":0},"end":{"line":358,"column":3}},"358":{"start":{"line":359,"column":0},"end":{"line":359,"column":59}},"359":{"start":{"line":360,"column":0},"end":{"line":360,"column":1}},"360":{"start":{"line":361,"column":0},"end":{"line":361,"column":0}},"361":{"start":{"line":362,"column":0},"end":{"line":362,"column":36}},"362":{"start":{"line":363,"column":0},"end":{"line":363,"column":38}},"363":{"start":{"line":364,"column":0},"end":{"line":364,"column":12}},"364":{"start":{"line":365,"column":0},"end":{"line":365,"column":27}},"365":{"start":{"line":366,"column":0},"end":{"line":366,"column":23}},"366":{"start":{"line":367,"column":0},"end":{"line":367,"column":3}},"367":{"start":{"line":368,"column":0},"end":{"line":368,"column":61}},"368":{"start":{"line":369,"column":0},"end":{"line":369,"column":1}},"369":{"start":{"line":370,"column":0},"end":{"line":370,"column":0}},"370":{"start":{"line":371,"column":0},"end":{"line":371,"column":39}},"371":{"start":{"line":372,"column":0},"end":{"line":372,"column":27}},"372":{"start":{"line":373,"column":0},"end":{"line":373,"column":12}},"373":{"start":{"line":374,"column":0},"end":{"line":374,"column":21}},"374":{"start":{"line":375,"column":0},"end":{"line":375,"column":21}},"375":{"start":{"line":376,"column":0},"end":{"line":376,"column":3}},"376":{"start":{"line":377,"column":0},"end":{"line":377,"column":60}},"377":{"start":{"line":378,"column":0},"end":{"line":378,"column":1}},"378":{"start":{"line":379,"column":0},"end":{"line":379,"column":0}},"379":{"start":{"line":380,"column":0},"end":{"line":380,"column":35}},"380":{"start":{"line":381,"column":0},"end":{"line":381,"column":21}},"381":{"start":{"line":382,"column":0},"end":{"line":382,"column":12}},"382":{"start":{"line":383,"column":0},"end":{"line":383,"column":59}},"383":{"start":{"line":384,"column":0},"end":{"line":384,"column":3}},"384":{"start":{"line":385,"column":0},"end":{"line":385,"column":60}},"385":{"start":{"line":386,"column":0},"end":{"line":386,"column":1}},"386":{"start":{"line":387,"column":0},"end":{"line":387,"column":0}},"387":{"start":{"line":388,"column":0},"end":{"line":388,"column":33}},"388":{"start":{"line":389,"column":0},"end":{"line":389,"column":49}},"389":{"start":{"line":390,"column":0},"end":{"line":390,"column":12}},"390":{"start":{"line":391,"column":0},"end":{"line":391,"column":33}},"391":{"start":{"line":392,"column":0},"end":{"line":392,"column":51}},"392":{"start":{"line":393,"column":0},"end":{"line":393,"column":39}},"393":{"start":{"line":394,"column":0},"end":{"line":394,"column":3}},"394":{"start":{"line":395,"column":0},"end":{"line":395,"column":58}},"395":{"start":{"line":396,"column":0},"end":{"line":396,"column":1}},"396":{"start":{"line":397,"column":0},"end":{"line":397,"column":0}},"397":{"start":{"line":398,"column":0},"end":{"line":398,"column":36}},"398":{"start":{"line":399,"column":0},"end":{"line":399,"column":31}},"399":{"start":{"line":400,"column":0},"end":{"line":400,"column":12}},"400":{"start":{"line":401,"column":0},"end":{"line":401,"column":21}},"401":{"start":{"line":402,"column":0},"end":{"line":402,"column":65}},"402":{"start":{"line":403,"column":0},"end":{"line":403,"column":3}},"403":{"start":{"line":404,"column":0},"end":{"line":404,"column":57}},"404":{"start":{"line":405,"column":0},"end":{"line":405,"column":1}},"405":{"start":{"line":406,"column":0},"end":{"line":406,"column":0}},"406":{"start":{"line":407,"column":0},"end":{"line":407,"column":37}},"407":{"start":{"line":408,"column":0},"end":{"line":408,"column":48}},"408":{"start":{"line":409,"column":0},"end":{"line":409,"column":12}},"409":{"start":{"line":410,"column":0},"end":{"line":410,"column":33}},"410":{"start":{"line":411,"column":0},"end":{"line":411,"column":57}},"411":{"start":{"line":412,"column":0},"end":{"line":412,"column":39}},"412":{"start":{"line":413,"column":0},"end":{"line":413,"column":3}},"413":{"start":{"line":414,"column":0},"end":{"line":414,"column":58}},"414":{"start":{"line":415,"column":0},"end":{"line":415,"column":1}},"415":{"start":{"line":416,"column":0},"end":{"line":416,"column":0}},"416":{"start":{"line":417,"column":0},"end":{"line":417,"column":74}},"417":{"start":{"line":418,"column":0},"end":{"line":418,"column":71}},"418":{"start":{"line":419,"column":0},"end":{"line":419,"column":31}},"419":{"start":{"line":420,"column":0},"end":{"line":420,"column":105}},"420":{"start":{"line":421,"column":0},"end":{"line":421,"column":112}},"421":{"start":{"line":422,"column":0},"end":{"line":422,"column":0}},"422":{"start":{"line":423,"column":0},"end":{"line":423,"column":39}},"423":{"start":{"line":424,"column":0},"end":{"line":424,"column":28}},"424":{"start":{"line":425,"column":0},"end":{"line":425,"column":12}},"425":{"start":{"line":426,"column":0},"end":{"line":426,"column":52}},"426":{"start":{"line":427,"column":0},"end":{"line":427,"column":86}},"427":{"start":{"line":428,"column":0},"end":{"line":428,"column":3}},"428":{"start":{"line":429,"column":0},"end":{"line":429,"column":60}},"429":{"start":{"line":430,"column":0},"end":{"line":430,"column":1}},"430":{"start":{"line":431,"column":0},"end":{"line":431,"column":0}},"431":{"start":{"line":432,"column":0},"end":{"line":432,"column":39}},"432":{"start":{"line":433,"column":0},"end":{"line":433,"column":36}},"433":{"start":{"line":434,"column":0},"end":{"line":434,"column":12}},"434":{"start":{"line":435,"column":0},"end":{"line":435,"column":52}},"435":{"start":{"line":436,"column":0},"end":{"line":436,"column":98}},"436":{"start":{"line":437,"column":0},"end":{"line":437,"column":40}},"437":{"start":{"line":438,"column":0},"end":{"line":438,"column":3}},"438":{"start":{"line":439,"column":0},"end":{"line":439,"column":60}},"439":{"start":{"line":440,"column":0},"end":{"line":440,"column":1}}},"s":{"0":2,"1":2,"2":2,"3":2,"4":2,"5":2,"6":2,"7":2,"8":276,"9":276,"10":276,"11":276,"12":276,"13":2,"14":2,"15":2,"16":2,"17":2,"18":12,"19":12,"20":12,"21":2,"22":2,"23":2,"24":2,"25":2,"26":927,"27":927,"28":927,"29":2,"30":2,"31":2,"32":2,"33":2,"34":13,"35":13,"36":13,"37":13,"38":2,"39":2,"40":2,"41":2,"42":2,"43":8,"44":8,"45":8,"46":8,"47":2,"48":2,"49":2,"50":2,"51":2,"52":698,"53":698,"54":698,"55":2,"56":2,"57":2,"58":2,"59":2,"60":38,"61":38,"62":38,"63":38,"64":38,"65":2,"66":2,"67":2,"68":2,"69":2,"70":166,"71":166,"72":166,"73":166,"74":166,"75":2,"76":2,"77":2,"78":2,"79":2,"80":200,"81":200,"82":200,"83":200,"84":2,"85":2,"86":2,"87":2,"88":2,"89":15,"90":15,"91":15,"92":15,"93":15,"94":2,"95":2,"96":2,"97":2,"98":2,"99":15,"100":15,"101":15,"102":2,"103":2,"104":2,"105":2,"106":2,"107":0,"108":0,"109":0,"110":0,"111":2,"112":2,"113":2,"114":2,"115":2,"116":4,"117":4,"118":4,"119":4,"120":4,"121":2,"122":2,"123":2,"124":2,"125":2,"126":11,"127":11,"128":11,"129":11,"130":11,"131":2,"132":2,"133":2,"134":2,"135":2,"136":5,"137":5,"138":5,"139":5,"140":2,"141":2,"142":2,"143":2,"144":2,"145":20,"146":20,"147":20,"148":2,"149":2,"150":2,"151":2,"152":2,"153":20,"154":20,"155":20,"156":2,"157":2,"158":2,"159":2,"160":2,"161":6,"162":6,"163":6,"164":6,"165":6,"166":2,"167":2,"168":2,"169":2,"170":2,"171":16,"172":16,"173":16,"174":16,"175":2,"176":2,"177":2,"178":2,"179":2,"180":6,"181":6,"182":6,"183":6,"184":2,"185":2,"186":2,"187":2,"188":2,"189":2,"190":2,"191":2,"192":2,"193":113,"194":113,"195":113,"196":2,"197":2,"198":2,"199":2,"200":2,"201":431,"202":431,"203":431,"204":2,"205":2,"206":2,"207":2,"208":2,"209":204,"210":204,"211":204,"212":204,"213":204,"214":2,"215":2,"216":2,"217":2,"218":2,"219":187,"220":187,"221":187,"222":2,"223":2,"224":2,"225":2,"226":2,"227":41,"228":41,"229":41,"230":41,"231":41,"232":41,"233":2,"234":2,"235":2,"236":2,"237":2,"238":8,"239":8,"240":8,"241":8,"242":2,"243":2,"244":2,"245":2,"246":2,"247":16,"248":16,"249":16,"250":16,"251":16,"252":16,"253":2,"254":2,"255":2,"256":2,"257":2,"258":12,"259":12,"260":12,"261":12,"262":12,"263":12,"264":12,"265":2,"266":2,"267":2,"268":2,"269":2,"270":0,"271":0,"272":0,"273":0,"274":0,"275":2,"276":2,"277":2,"278":2,"279":2,"280":77,"281":77,"282":77,"283":77,"284":77,"285":77,"286":77,"287":77,"288":2,"289":2,"290":2,"291":2,"292":2,"293":52,"294":52,"295":52,"296":52,"297":2,"298":2,"299":2,"300":2,"301":2,"302":22,"303":22,"304":22,"305":22,"306":22,"307":22,"308":22,"309":22,"310":2,"311":2,"312":2,"313":2,"314":2,"315":5,"316":5,"317":5,"318":5,"319":2,"320":2,"321":2,"322":2,"323":2,"324":7,"325":7,"326":7,"327":7,"328":7,"329":2,"330":2,"331":2,"332":2,"333":2,"334":4,"335":4,"336":4,"337":4,"338":4,"339":4,"340":2,"341":2,"342":2,"343":2,"344":2,"345":3,"346":3,"347":3,"348":3,"349":2,"350":2,"351":2,"352":2,"353":2,"354":13,"355":13,"356":13,"357":13,"358":2,"359":2,"360":2,"361":2,"362":2,"363":5,"364":5,"365":5,"366":5,"367":2,"368":2,"369":2,"370":2,"371":2,"372":12,"373":12,"374":12,"375":12,"376":2,"377":2,"378":2,"379":2,"380":2,"381":0,"382":0,"383":0,"384":2,"385":2,"386":2,"387":2,"388":2,"389":3,"390":3,"391":3,"392":3,"393":3,"394":2,"395":2,"396":2,"397":2,"398":2,"399":1,"400":1,"401":1,"402":1,"403":2,"404":2,"405":2,"406":2,"407":2,"408":3,"409":3,"410":3,"411":3,"412":3,"413":2,"414":2,"415":2,"416":2,"417":2,"418":2,"419":2,"420":2,"421":2,"422":2,"423":2,"424":4,"425":4,"426":4,"427":4,"428":2,"429":2,"430":2,"431":2,"432":2,"433":3,"434":3,"435":3,"436":3,"437":3,"438":2,"439":2},"branchMap":{"0":{"type":"branch","line":1,"loc":{"start":{"line":1,"column":0},"end":{"line":440,"column":1}},"locations":[{"start":{"line":1,"column":0},"end":{"line":440,"column":1}}]},"1":{"type":"branch","line":8,"loc":{"start":{"line":8,"column":2},"end":{"line":13,"column":3}},"locations":[{"start":{"line":8,"column":2},"end":{"line":13,"column":3}}]},"2":{"type":"branch","line":14,"loc":{"start":{"line":14,"column":2},"end":{"line":14,"column":59}},"locations":[{"start":{"line":14,"column":2},"end":{"line":14,"column":59}}]},"3":{"type":"branch","line":18,"loc":{"start":{"line":18,"column":2},"end":{"line":21,"column":3}},"locations":[{"start":{"line":18,"column":2},"end":{"line":21,"column":3}}]},"4":{"type":"branch","line":22,"loc":{"start":{"line":22,"column":2},"end":{"line":22,"column":61}},"locations":[{"start":{"line":22,"column":2},"end":{"line":22,"column":61}}]},"5":{"type":"branch","line":26,"loc":{"start":{"line":26,"column":2},"end":{"line":29,"column":3}},"locations":[{"start":{"line":26,"column":2},"end":{"line":29,"column":3}}]},"6":{"type":"branch","line":30,"loc":{"start":{"line":30,"column":2},"end":{"line":30,"column":60}},"locations":[{"start":{"line":30,"column":2},"end":{"line":30,"column":60}}]},"7":{"type":"branch","line":34,"loc":{"start":{"line":34,"column":2},"end":{"line":38,"column":3}},"locations":[{"start":{"line":34,"column":2},"end":{"line":38,"column":3}}]},"8":{"type":"branch","line":39,"loc":{"start":{"line":39,"column":2},"end":{"line":39,"column":58}},"locations":[{"start":{"line":39,"column":2},"end":{"line":39,"column":58}}]},"9":{"type":"branch","line":43,"loc":{"start":{"line":43,"column":2},"end":{"line":47,"column":3}},"locations":[{"start":{"line":43,"column":2},"end":{"line":47,"column":3}}]},"10":{"type":"branch","line":48,"loc":{"start":{"line":48,"column":2},"end":{"line":48,"column":60}},"locations":[{"start":{"line":48,"column":2},"end":{"line":48,"column":60}}]},"11":{"type":"branch","line":52,"loc":{"start":{"line":52,"column":2},"end":{"line":55,"column":3}},"locations":[{"start":{"line":52,"column":2},"end":{"line":55,"column":3}}]},"12":{"type":"branch","line":56,"loc":{"start":{"line":56,"column":2},"end":{"line":56,"column":61}},"locations":[{"start":{"line":56,"column":2},"end":{"line":56,"column":61}}]},"13":{"type":"branch","line":60,"loc":{"start":{"line":60,"column":2},"end":{"line":65,"column":3}},"locations":[{"start":{"line":60,"column":2},"end":{"line":65,"column":3}}]},"14":{"type":"branch","line":66,"loc":{"start":{"line":66,"column":2},"end":{"line":66,"column":59}},"locations":[{"start":{"line":66,"column":2},"end":{"line":66,"column":59}}]},"15":{"type":"branch","line":70,"loc":{"start":{"line":70,"column":2},"end":{"line":75,"column":3}},"locations":[{"start":{"line":70,"column":2},"end":{"line":75,"column":3}}]},"16":{"type":"branch","line":76,"loc":{"start":{"line":76,"column":2},"end":{"line":76,"column":57}},"locations":[{"start":{"line":76,"column":2},"end":{"line":76,"column":57}}]},"17":{"type":"branch","line":80,"loc":{"start":{"line":80,"column":2},"end":{"line":84,"column":3}},"locations":[{"start":{"line":80,"column":2},"end":{"line":84,"column":3}}]},"18":{"type":"branch","line":85,"loc":{"start":{"line":85,"column":2},"end":{"line":85,"column":56}},"locations":[{"start":{"line":85,"column":2},"end":{"line":85,"column":56}}]},"19":{"type":"branch","line":89,"loc":{"start":{"line":89,"column":2},"end":{"line":94,"column":3}},"locations":[{"start":{"line":89,"column":2},"end":{"line":94,"column":3}}]},"20":{"type":"branch","line":95,"loc":{"start":{"line":95,"column":2},"end":{"line":95,"column":56}},"locations":[{"start":{"line":95,"column":2},"end":{"line":95,"column":56}}]},"21":{"type":"branch","line":99,"loc":{"start":{"line":99,"column":2},"end":{"line":102,"column":3}},"locations":[{"start":{"line":99,"column":2},"end":{"line":102,"column":3}}]},"22":{"type":"branch","line":103,"loc":{"start":{"line":103,"column":2},"end":{"line":103,"column":57}},"locations":[{"start":{"line":103,"column":2},"end":{"line":103,"column":57}}]},"23":{"type":"branch","line":116,"loc":{"start":{"line":116,"column":2},"end":{"line":121,"column":3}},"locations":[{"start":{"line":116,"column":2},"end":{"line":121,"column":3}}]},"24":{"type":"branch","line":122,"loc":{"start":{"line":122,"column":2},"end":{"line":122,"column":60}},"locations":[{"start":{"line":122,"column":2},"end":{"line":122,"column":60}}]},"25":{"type":"branch","line":126,"loc":{"start":{"line":126,"column":2},"end":{"line":131,"column":3}},"locations":[{"start":{"line":126,"column":2},"end":{"line":131,"column":3}}]},"26":{"type":"branch","line":132,"loc":{"start":{"line":132,"column":2},"end":{"line":132,"column":60}},"locations":[{"start":{"line":132,"column":2},"end":{"line":132,"column":60}}]},"27":{"type":"branch","line":136,"loc":{"start":{"line":136,"column":2},"end":{"line":140,"column":3}},"locations":[{"start":{"line":136,"column":2},"end":{"line":140,"column":3}}]},"28":{"type":"branch","line":145,"loc":{"start":{"line":145,"column":2},"end":{"line":148,"column":3}},"locations":[{"start":{"line":145,"column":2},"end":{"line":148,"column":3}}]},"29":{"type":"branch","line":149,"loc":{"start":{"line":149,"column":2},"end":{"line":149,"column":65}},"locations":[{"start":{"line":149,"column":2},"end":{"line":149,"column":65}}]},"30":{"type":"branch","line":153,"loc":{"start":{"line":153,"column":2},"end":{"line":156,"column":3}},"locations":[{"start":{"line":153,"column":2},"end":{"line":156,"column":3}}]},"31":{"type":"branch","line":157,"loc":{"start":{"line":157,"column":2},"end":{"line":157,"column":66}},"locations":[{"start":{"line":157,"column":2},"end":{"line":157,"column":66}}]},"32":{"type":"branch","line":161,"loc":{"start":{"line":161,"column":2},"end":{"line":166,"column":3}},"locations":[{"start":{"line":161,"column":2},"end":{"line":166,"column":3}}]},"33":{"type":"branch","line":167,"loc":{"start":{"line":167,"column":2},"end":{"line":167,"column":58}},"locations":[{"start":{"line":167,"column":2},"end":{"line":167,"column":58}}]},"34":{"type":"branch","line":171,"loc":{"start":{"line":171,"column":2},"end":{"line":175,"column":3}},"locations":[{"start":{"line":171,"column":2},"end":{"line":175,"column":3}}]},"35":{"type":"branch","line":176,"loc":{"start":{"line":176,"column":2},"end":{"line":176,"column":68}},"locations":[{"start":{"line":176,"column":2},"end":{"line":176,"column":68}}]},"36":{"type":"branch","line":180,"loc":{"start":{"line":180,"column":2},"end":{"line":184,"column":3}},"locations":[{"start":{"line":180,"column":2},"end":{"line":184,"column":3}}]},"37":{"type":"branch","line":185,"loc":{"start":{"line":185,"column":2},"end":{"line":185,"column":67}},"locations":[{"start":{"line":185,"column":2},"end":{"line":185,"column":67}}]},"38":{"type":"branch","line":193,"loc":{"start":{"line":193,"column":2},"end":{"line":196,"column":3}},"locations":[{"start":{"line":193,"column":2},"end":{"line":196,"column":3}}]},"39":{"type":"branch","line":197,"loc":{"start":{"line":197,"column":2},"end":{"line":197,"column":63}},"locations":[{"start":{"line":197,"column":2},"end":{"line":197,"column":63}}]},"40":{"type":"branch","line":201,"loc":{"start":{"line":201,"column":2},"end":{"line":204,"column":3}},"locations":[{"start":{"line":201,"column":2},"end":{"line":204,"column":3}}]},"41":{"type":"branch","line":205,"loc":{"start":{"line":205,"column":2},"end":{"line":205,"column":60}},"locations":[{"start":{"line":205,"column":2},"end":{"line":205,"column":60}}]},"42":{"type":"branch","line":209,"loc":{"start":{"line":209,"column":2},"end":{"line":214,"column":3}},"locations":[{"start":{"line":209,"column":2},"end":{"line":214,"column":3}}]},"43":{"type":"branch","line":215,"loc":{"start":{"line":215,"column":2},"end":{"line":215,"column":56}},"locations":[{"start":{"line":215,"column":2},"end":{"line":215,"column":56}}]},"44":{"type":"branch","line":219,"loc":{"start":{"line":219,"column":2},"end":{"line":222,"column":3}},"locations":[{"start":{"line":219,"column":2},"end":{"line":222,"column":3}}]},"45":{"type":"branch","line":223,"loc":{"start":{"line":223,"column":2},"end":{"line":223,"column":58}},"locations":[{"start":{"line":223,"column":2},"end":{"line":223,"column":58}}]},"46":{"type":"branch","line":227,"loc":{"start":{"line":227,"column":2},"end":{"line":233,"column":3}},"locations":[{"start":{"line":227,"column":2},"end":{"line":233,"column":3}}]},"47":{"type":"branch","line":234,"loc":{"start":{"line":234,"column":2},"end":{"line":234,"column":56}},"locations":[{"start":{"line":234,"column":2},"end":{"line":234,"column":56}}]},"48":{"type":"branch","line":238,"loc":{"start":{"line":238,"column":2},"end":{"line":242,"column":3}},"locations":[{"start":{"line":238,"column":2},"end":{"line":242,"column":3}}]},"49":{"type":"branch","line":243,"loc":{"start":{"line":243,"column":2},"end":{"line":243,"column":59}},"locations":[{"start":{"line":243,"column":2},"end":{"line":243,"column":59}}]},"50":{"type":"branch","line":247,"loc":{"start":{"line":247,"column":2},"end":{"line":253,"column":3}},"locations":[{"start":{"line":247,"column":2},"end":{"line":253,"column":3}}]},"51":{"type":"branch","line":254,"loc":{"start":{"line":254,"column":2},"end":{"line":254,"column":59}},"locations":[{"start":{"line":254,"column":2},"end":{"line":254,"column":59}}]},"52":{"type":"branch","line":258,"loc":{"start":{"line":258,"column":2},"end":{"line":265,"column":3}},"locations":[{"start":{"line":258,"column":2},"end":{"line":265,"column":3}}]},"53":{"type":"branch","line":266,"loc":{"start":{"line":266,"column":2},"end":{"line":266,"column":58}},"locations":[{"start":{"line":266,"column":2},"end":{"line":266,"column":58}}]},"54":{"type":"branch","line":280,"loc":{"start":{"line":280,"column":2},"end":{"line":288,"column":3}},"locations":[{"start":{"line":280,"column":2},"end":{"line":288,"column":3}}]},"55":{"type":"branch","line":289,"loc":{"start":{"line":289,"column":2},"end":{"line":289,"column":57}},"locations":[{"start":{"line":289,"column":2},"end":{"line":289,"column":57}}]},"56":{"type":"branch","line":293,"loc":{"start":{"line":293,"column":2},"end":{"line":297,"column":3}},"locations":[{"start":{"line":293,"column":2},"end":{"line":297,"column":3}}]},"57":{"type":"branch","line":298,"loc":{"start":{"line":298,"column":2},"end":{"line":298,"column":60}},"locations":[{"start":{"line":298,"column":2},"end":{"line":298,"column":60}}]},"58":{"type":"branch","line":302,"loc":{"start":{"line":302,"column":2},"end":{"line":310,"column":3}},"locations":[{"start":{"line":302,"column":2},"end":{"line":310,"column":3}}]},"59":{"type":"branch","line":311,"loc":{"start":{"line":311,"column":2},"end":{"line":311,"column":58}},"locations":[{"start":{"line":311,"column":2},"end":{"line":311,"column":58}}]},"60":{"type":"branch","line":315,"loc":{"start":{"line":315,"column":2},"end":{"line":319,"column":3}},"locations":[{"start":{"line":315,"column":2},"end":{"line":319,"column":3}}]},"61":{"type":"branch","line":320,"loc":{"start":{"line":320,"column":2},"end":{"line":320,"column":61}},"locations":[{"start":{"line":320,"column":2},"end":{"line":320,"column":61}}]},"62":{"type":"branch","line":324,"loc":{"start":{"line":324,"column":2},"end":{"line":329,"column":3}},"locations":[{"start":{"line":324,"column":2},"end":{"line":329,"column":3}}]},"63":{"type":"branch","line":330,"loc":{"start":{"line":330,"column":2},"end":{"line":330,"column":59}},"locations":[{"start":{"line":330,"column":2},"end":{"line":330,"column":59}}]},"64":{"type":"branch","line":334,"loc":{"start":{"line":334,"column":2},"end":{"line":340,"column":3}},"locations":[{"start":{"line":334,"column":2},"end":{"line":340,"column":3}}]},"65":{"type":"branch","line":341,"loc":{"start":{"line":341,"column":2},"end":{"line":341,"column":58}},"locations":[{"start":{"line":341,"column":2},"end":{"line":341,"column":58}}]},"66":{"type":"branch","line":345,"loc":{"start":{"line":345,"column":2},"end":{"line":349,"column":3}},"locations":[{"start":{"line":345,"column":2},"end":{"line":349,"column":3}}]},"67":{"type":"branch","line":350,"loc":{"start":{"line":350,"column":2},"end":{"line":350,"column":60}},"locations":[{"start":{"line":350,"column":2},"end":{"line":350,"column":60}}]},"68":{"type":"branch","line":354,"loc":{"start":{"line":354,"column":2},"end":{"line":358,"column":3}},"locations":[{"start":{"line":354,"column":2},"end":{"line":358,"column":3}}]},"69":{"type":"branch","line":359,"loc":{"start":{"line":359,"column":2},"end":{"line":359,"column":59}},"locations":[{"start":{"line":359,"column":2},"end":{"line":359,"column":59}}]},"70":{"type":"branch","line":363,"loc":{"start":{"line":363,"column":2},"end":{"line":367,"column":3}},"locations":[{"start":{"line":363,"column":2},"end":{"line":367,"column":3}}]},"71":{"type":"branch","line":368,"loc":{"start":{"line":368,"column":2},"end":{"line":368,"column":61}},"locations":[{"start":{"line":368,"column":2},"end":{"line":368,"column":61}}]},"72":{"type":"branch","line":372,"loc":{"start":{"line":372,"column":2},"end":{"line":376,"column":3}},"locations":[{"start":{"line":372,"column":2},"end":{"line":376,"column":3}}]},"73":{"type":"branch","line":377,"loc":{"start":{"line":377,"column":2},"end":{"line":377,"column":60}},"locations":[{"start":{"line":377,"column":2},"end":{"line":377,"column":60}}]},"74":{"type":"branch","line":389,"loc":{"start":{"line":389,"column":2},"end":{"line":394,"column":3}},"locations":[{"start":{"line":389,"column":2},"end":{"line":394,"column":3}}]},"75":{"type":"branch","line":395,"loc":{"start":{"line":395,"column":2},"end":{"line":395,"column":58}},"locations":[{"start":{"line":395,"column":2},"end":{"line":395,"column":58}}]},"76":{"type":"branch","line":399,"loc":{"start":{"line":399,"column":2},"end":{"line":403,"column":3}},"locations":[{"start":{"line":399,"column":2},"end":{"line":403,"column":3}}]},"77":{"type":"branch","line":404,"loc":{"start":{"line":404,"column":2},"end":{"line":404,"column":57}},"locations":[{"start":{"line":404,"column":2},"end":{"line":404,"column":57}}]},"78":{"type":"branch","line":408,"loc":{"start":{"line":408,"column":2},"end":{"line":413,"column":3}},"locations":[{"start":{"line":408,"column":2},"end":{"line":413,"column":3}}]},"79":{"type":"branch","line":414,"loc":{"start":{"line":414,"column":2},"end":{"line":414,"column":58}},"locations":[{"start":{"line":414,"column":2},"end":{"line":414,"column":58}}]},"80":{"type":"branch","line":417,"loc":{"start":{"line":417,"column":30},"end":{"line":417,"column":72}},"locations":[{"start":{"line":417,"column":30},"end":{"line":417,"column":72}}]},"81":{"type":"branch","line":418,"loc":{"start":{"line":418,"column":30},"end":{"line":418,"column":69}},"locations":[{"start":{"line":418,"column":30},"end":{"line":418,"column":69}}]},"82":{"type":"branch","line":420,"loc":{"start":{"line":420,"column":28},"end":{"line":420,"column":103}},"locations":[{"start":{"line":420,"column":28},"end":{"line":420,"column":103}}]},"83":{"type":"branch","line":424,"loc":{"start":{"line":424,"column":2},"end":{"line":428,"column":3}},"locations":[{"start":{"line":424,"column":2},"end":{"line":428,"column":3}}]},"84":{"type":"branch","line":429,"loc":{"start":{"line":429,"column":2},"end":{"line":429,"column":60}},"locations":[{"start":{"line":429,"column":2},"end":{"line":429,"column":60}}]},"85":{"type":"branch","line":433,"loc":{"start":{"line":433,"column":2},"end":{"line":438,"column":3}},"locations":[{"start":{"line":433,"column":2},"end":{"line":438,"column":3}}]},"86":{"type":"branch","line":439,"loc":{"start":{"line":439,"column":2},"end":{"line":439,"column":60}},"locations":[{"start":{"line":439,"column":2},"end":{"line":439,"column":60}}]}},"b":{"0":[2],"1":[276],"2":[456],"3":[12],"4":[6],"5":[927],"6":[880],"7":[13],"8":[5],"9":[8],"10":[9],"11":[698],"12":[684],"13":[38],"14":[71],"15":[166],"16":[101],"17":[200],"18":[106],"19":[15],"20":[7],"21":[15],"22":[9],"23":[4],"24":[4],"25":[11],"26":[20],"27":[5],"28":[20],"29":[16],"30":[20],"31":[18],"32":[6],"33":[3],"34":[16],"35":[7],"36":[6],"37":[4],"38":[113],"39":[51],"40":[431],"41":[371],"42":[204],"43":[165],"44":[187],"45":[158],"46":[41],"47":[82],"48":[8],"49":[3],"50":[16],"51":[19],"52":[12],"53":[10],"54":[77],"55":[36],"56":[52],"57":[40],"58":[22],"59":[15],"60":[5],"61":[3],"62":[7],"63":[3],"64":[4],"65":[2],"66":[3],"67":[1],"68":[13],"69":[7],"70":[5],"71":[5],"72":[12],"73":[9],"74":[3],"75":[2],"76":[1],"77":[1],"78":[3],"79":[8],"80":[5],"81":[8],"82":[3],"83":[4],"84":[4],"85":[3],"86":[2]},"fnMap":{"0":{"name":"accept","decl":{"start":{"line":4,"column":2},"end":{"line":4,"column":20}},"loc":{"start":{"line":4,"column":2},"end":{"line":4,"column":20}},"line":4},"1":{"name":"Binary","decl":{"start":{"line":8,"column":2},"end":{"line":13,"column":3}},"loc":{"start":{"line":8,"column":2},"end":{"line":13,"column":3}},"line":8},"2":{"name":"accept","decl":{"start":{"line":14,"column":2},"end":{"line":14,"column":59}},"loc":{"start":{"line":14,"column":2},"end":{"line":14,"column":59}},"line":14},"3":{"name":"Grouping","decl":{"start":{"line":18,"column":2},"end":{"line":21,"column":3}},"loc":{"start":{"line":18,"column":2},"end":{"line":21,"column":3}},"line":18},"4":{"name":"accept","decl":{"start":{"line":22,"column":2},"end":{"line":22,"column":61}},"loc":{"start":{"line":22,"column":2},"end":{"line":22,"column":61}},"line":22},"5":{"name":"Literal","decl":{"start":{"line":26,"column":2},"end":{"line":29,"column":3}},"loc":{"start":{"line":26,"column":2},"end":{"line":29,"column":3}},"line":26},"6":{"name":"accept","decl":{"start":{"line":30,"column":2},"end":{"line":30,"column":60}},"loc":{"start":{"line":30,"column":2},"end":{"line":30,"column":60}},"line":30},"7":{"name":"Unary","decl":{"start":{"line":34,"column":2},"end":{"line":38,"column":3}},"loc":{"start":{"line":34,"column":2},"end":{"line":38,"column":3}},"line":34},"8":{"name":"accept","decl":{"start":{"line":39,"column":2},"end":{"line":39,"column":58}},"loc":{"start":{"line":39,"column":2},"end":{"line":39,"column":58}},"line":39},"9":{"name":"Postfix","decl":{"start":{"line":43,"column":2},"end":{"line":47,"column":3}},"loc":{"start":{"line":43,"column":2},"end":{"line":47,"column":3}},"line":43},"10":{"name":"accept","decl":{"start":{"line":48,"column":2},"end":{"line":48,"column":60}},"loc":{"start":{"line":48,"column":2},"end":{"line":48,"column":60}},"line":48},"11":{"name":"Variable","decl":{"start":{"line":52,"column":2},"end":{"line":55,"column":3}},"loc":{"start":{"line":52,"column":2},"end":{"line":55,"column":3}},"line":52},"12":{"name":"accept","decl":{"start":{"line":56,"column":2},"end":{"line":56,"column":61}},"loc":{"start":{"line":56,"column":2},"end":{"line":56,"column":61}},"line":56},"13":{"name":"Assign","decl":{"start":{"line":60,"column":2},"end":{"line":65,"column":3}},"loc":{"start":{"line":60,"column":2},"end":{"line":65,"column":3}},"line":60},"14":{"name":"accept","decl":{"start":{"line":66,"column":2},"end":{"line":66,"column":59}},"loc":{"start":{"line":66,"column":2},"end":{"line":66,"column":59}},"line":66},"15":{"name":"Call","decl":{"start":{"line":70,"column":2},"end":{"line":75,"column":3}},"loc":{"start":{"line":70,"column":2},"end":{"line":75,"column":3}},"line":70},"16":{"name":"accept","decl":{"start":{"line":76,"column":2},"end":{"line":76,"column":57}},"loc":{"start":{"line":76,"column":2},"end":{"line":76,"column":57}},"line":76},"17":{"name":"Get","decl":{"start":{"line":80,"column":2},"end":{"line":84,"column":3}},"loc":{"start":{"line":80,"column":2},"end":{"line":84,"column":3}},"line":80},"18":{"name":"accept","decl":{"start":{"line":85,"column":2},"end":{"line":85,"column":56}},"loc":{"start":{"line":85,"column":2},"end":{"line":85,"column":56}},"line":85},"19":{"name":"Set","decl":{"start":{"line":89,"column":2},"end":{"line":94,"column":3}},"loc":{"start":{"line":89,"column":2},"end":{"line":94,"column":3}},"line":89},"20":{"name":"accept","decl":{"start":{"line":95,"column":2},"end":{"line":95,"column":56}},"loc":{"start":{"line":95,"column":2},"end":{"line":95,"column":56}},"line":95},"21":{"name":"This","decl":{"start":{"line":99,"column":2},"end":{"line":102,"column":3}},"loc":{"start":{"line":99,"column":2},"end":{"line":102,"column":3}},"line":99},"22":{"name":"accept","decl":{"start":{"line":103,"column":2},"end":{"line":103,"column":57}},"loc":{"start":{"line":103,"column":2},"end":{"line":103,"column":57}},"line":103},"23":{"name":"Super","decl":{"start":{"line":107,"column":2},"end":{"line":111,"column":3}},"loc":{"start":{"line":107,"column":2},"end":{"line":111,"column":3}},"line":107},"24":{"name":"accept","decl":{"start":{"line":112,"column":2},"end":{"line":112,"column":58}},"loc":{"start":{"line":112,"column":2},"end":{"line":112,"column":58}},"line":112},"25":{"name":"Ternary","decl":{"start":{"line":116,"column":2},"end":{"line":121,"column":3}},"loc":{"start":{"line":116,"column":2},"end":{"line":121,"column":3}},"line":116},"26":{"name":"accept","decl":{"start":{"line":122,"column":2},"end":{"line":122,"column":60}},"loc":{"start":{"line":122,"column":2},"end":{"line":122,"column":60}},"line":122},"27":{"name":"Logical","decl":{"start":{"line":126,"column":2},"end":{"line":131,"column":3}},"loc":{"start":{"line":126,"column":2},"end":{"line":131,"column":3}},"line":126},"28":{"name":"accept","decl":{"start":{"line":132,"column":2},"end":{"line":132,"column":60}},"loc":{"start":{"line":132,"column":2},"end":{"line":132,"column":60}},"line":132},"29":{"name":"Tuple","decl":{"start":{"line":136,"column":2},"end":{"line":140,"column":3}},"loc":{"start":{"line":136,"column":2},"end":{"line":140,"column":3}},"line":136},"30":{"name":"accept","decl":{"start":{"line":141,"column":2},"end":{"line":141,"column":58}},"loc":{"start":{"line":141,"column":2},"end":{"line":141,"column":58}},"line":141},"31":{"name":"ArrayLiteral","decl":{"start":{"line":145,"column":2},"end":{"line":148,"column":3}},"loc":{"start":{"line":145,"column":2},"end":{"line":148,"column":3}},"line":145},"32":{"name":"accept","decl":{"start":{"line":149,"column":2},"end":{"line":149,"column":65}},"loc":{"start":{"line":149,"column":2},"end":{"line":149,"column":65}},"line":149},"33":{"name":"ObjectLiteral","decl":{"start":{"line":153,"column":2},"end":{"line":156,"column":3}},"loc":{"start":{"line":153,"column":2},"end":{"line":156,"column":3}},"line":153},"34":{"name":"accept","decl":{"start":{"line":157,"column":2},"end":{"line":157,"column":66}},"loc":{"start":{"line":157,"column":2},"end":{"line":157,"column":66}},"line":157},"35":{"name":"RangeExpr","decl":{"start":{"line":161,"column":2},"end":{"line":166,"column":3}},"loc":{"start":{"line":161,"column":2},"end":{"line":166,"column":3}},"line":161},"36":{"name":"accept","decl":{"start":{"line":167,"column":2},"end":{"line":167,"column":58}},"loc":{"start":{"line":167,"column":2},"end":{"line":167,"column":58}},"line":167},"37":{"name":"TemplateLiteral","decl":{"start":{"line":171,"column":2},"end":{"line":175,"column":3}},"loc":{"start":{"line":171,"column":2},"end":{"line":175,"column":3}},"line":171},"38":{"name":"accept","decl":{"start":{"line":176,"column":2},"end":{"line":176,"column":68}},"loc":{"start":{"line":176,"column":2},"end":{"line":176,"column":68}},"line":176},"39":{"name":"TaggedTemplate","decl":{"start":{"line":180,"column":2},"end":{"line":184,"column":3}},"loc":{"start":{"line":180,"column":2},"end":{"line":184,"column":3}},"line":180},"40":{"name":"accept","decl":{"start":{"line":185,"column":2},"end":{"line":185,"column":67}},"loc":{"start":{"line":185,"column":2},"end":{"line":185,"column":67}},"line":185},"41":{"name":"accept","decl":{"start":{"line":189,"column":2},"end":{"line":189,"column":20}},"loc":{"start":{"line":189,"column":2},"end":{"line":189,"column":20}},"line":189},"42":{"name":"Expression","decl":{"start":{"line":193,"column":2},"end":{"line":196,"column":3}},"loc":{"start":{"line":193,"column":2},"end":{"line":196,"column":3}},"line":193},"43":{"name":"accept","decl":{"start":{"line":197,"column":2},"end":{"line":197,"column":63}},"loc":{"start":{"line":197,"column":2},"end":{"line":197,"column":63}},"line":197},"44":{"name":"Cetakno","decl":{"start":{"line":201,"column":2},"end":{"line":204,"column":3}},"loc":{"start":{"line":201,"column":2},"end":{"line":204,"column":3}},"line":201},"45":{"name":"accept","decl":{"start":{"line":205,"column":2},"end":{"line":205,"column":60}},"loc":{"start":{"line":205,"column":2},"end":{"line":205,"column":60}},"line":205},"46":{"name":"Var","decl":{"start":{"line":209,"column":2},"end":{"line":214,"column":3}},"loc":{"start":{"line":209,"column":2},"end":{"line":214,"column":3}},"line":209},"47":{"name":"accept","decl":{"start":{"line":215,"column":2},"end":{"line":215,"column":56}},"loc":{"start":{"line":215,"column":2},"end":{"line":215,"column":56}},"line":215},"48":{"name":"Block","decl":{"start":{"line":219,"column":2},"end":{"line":222,"column":3}},"loc":{"start":{"line":219,"column":2},"end":{"line":222,"column":3}},"line":219},"49":{"name":"accept","decl":{"start":{"line":223,"column":2},"end":{"line":223,"column":58}},"loc":{"start":{"line":223,"column":2},"end":{"line":223,"column":58}},"line":223},"50":{"name":"Lek","decl":{"start":{"line":227,"column":2},"end":{"line":233,"column":3}},"loc":{"start":{"line":227,"column":2},"end":{"line":233,"column":3}},"line":227},"51":{"name":"accept","decl":{"start":{"line":234,"column":2},"end":{"line":234,"column":56}},"loc":{"start":{"line":234,"column":2},"end":{"line":234,"column":56}},"line":234},"52":{"name":"Selagi","decl":{"start":{"line":238,"column":2},"end":{"line":242,"column":3}},"loc":{"start":{"line":238,"column":2},"end":{"line":242,"column":3}},"line":238},"53":{"name":"accept","decl":{"start":{"line":243,"column":2},"end":{"line":243,"column":59}},"loc":{"start":{"line":243,"column":2},"end":{"line":243,"column":59}},"line":243},"54":{"name":"Kanggo","decl":{"start":{"line":247,"column":2},"end":{"line":253,"column":3}},"loc":{"start":{"line":247,"column":2},"end":{"line":253,"column":3}},"line":247},"55":{"name":"accept","decl":{"start":{"line":254,"column":2},"end":{"line":254,"column":59}},"loc":{"start":{"line":254,"column":2},"end":{"line":254,"column":59}},"line":254},"56":{"name":"ForOf","decl":{"start":{"line":258,"column":2},"end":{"line":265,"column":3}},"loc":{"start":{"line":258,"column":2},"end":{"line":265,"column":3}},"line":258},"57":{"name":"accept","decl":{"start":{"line":266,"column":2},"end":{"line":266,"column":58}},"loc":{"start":{"line":266,"column":2},"end":{"line":266,"column":58}},"line":266},"58":{"name":"RentangStmt","decl":{"start":{"line":270,"column":2},"end":{"line":275,"column":3}},"loc":{"start":{"line":270,"column":2},"end":{"line":275,"column":3}},"line":270},"59":{"name":"accept","decl":{"start":{"line":276,"column":2},"end":{"line":276,"column":60}},"loc":{"start":{"line":276,"column":2},"end":{"line":276,"column":60}},"line":276},"60":{"name":"Gawe","decl":{"start":{"line":280,"column":2},"end":{"line":288,"column":3}},"loc":{"start":{"line":280,"column":2},"end":{"line":288,"column":3}},"line":280},"61":{"name":"accept","decl":{"start":{"line":289,"column":2},"end":{"line":289,"column":57}},"loc":{"start":{"line":289,"column":2},"end":{"line":289,"column":57}},"line":289},"62":{"name":"Balekno","decl":{"start":{"line":293,"column":2},"end":{"line":297,"column":3}},"loc":{"start":{"line":293,"column":2},"end":{"line":297,"column":3}},"line":293},"63":{"name":"accept","decl":{"start":{"line":298,"column":2},"end":{"line":298,"column":60}},"loc":{"start":{"line":298,"column":2},"end":{"line":298,"column":60}},"line":298},"64":{"name":"Kelas","decl":{"start":{"line":302,"column":2},"end":{"line":310,"column":3}},"loc":{"start":{"line":302,"column":2},"end":{"line":310,"column":3}},"line":302},"65":{"name":"accept","decl":{"start":{"line":311,"column":2},"end":{"line":311,"column":58}},"loc":{"start":{"line":311,"column":2},"end":{"line":311,"column":58}},"line":311},"66":{"name":"Struktur","decl":{"start":{"line":315,"column":2},"end":{"line":319,"column":3}},"loc":{"start":{"line":315,"column":2},"end":{"line":319,"column":3}},"line":315},"67":{"name":"accept","decl":{"start":{"line":320,"column":2},"end":{"line":320,"column":61}},"loc":{"start":{"line":320,"column":2},"end":{"line":320,"column":61}},"line":320},"68":{"name":"WangunStmt","decl":{"start":{"line":324,"column":2},"end":{"line":329,"column":3}},"loc":{"start":{"line":324,"column":2},"end":{"line":329,"column":3}},"line":324},"69":{"name":"accept","decl":{"start":{"line":330,"column":2},"end":{"line":330,"column":59}},"loc":{"start":{"line":330,"column":2},"end":{"line":330,"column":59}},"line":330},"70":{"name":"Cobak","decl":{"start":{"line":334,"column":2},"end":{"line":340,"column":3}},"loc":{"start":{"line":334,"column":2},"end":{"line":340,"column":3}},"line":334},"71":{"name":"accept","decl":{"start":{"line":341,"column":2},"end":{"line":341,"column":58}},"loc":{"start":{"line":341,"column":2},"end":{"line":341,"column":58}},"line":341},"72":{"name":"Uncalen","decl":{"start":{"line":345,"column":2},"end":{"line":349,"column":3}},"loc":{"start":{"line":345,"column":2},"end":{"line":349,"column":3}},"line":345},"73":{"name":"accept","decl":{"start":{"line":350,"column":2},"end":{"line":350,"column":60}},"loc":{"start":{"line":350,"column":2},"end":{"line":350,"column":60}},"line":350},"74":{"name":"Mandek","decl":{"start":{"line":354,"column":2},"end":{"line":358,"column":3}},"loc":{"start":{"line":354,"column":2},"end":{"line":358,"column":3}},"line":354},"75":{"name":"accept","decl":{"start":{"line":359,"column":2},"end":{"line":359,"column":59}},"loc":{"start":{"line":359,"column":2},"end":{"line":359,"column":59}},"line":359},"76":{"name":"Lanjutno","decl":{"start":{"line":363,"column":2},"end":{"line":367,"column":3}},"loc":{"start":{"line":363,"column":2},"end":{"line":367,"column":3}},"line":363},"77":{"name":"accept","decl":{"start":{"line":368,"column":2},"end":{"line":368,"column":61}},"loc":{"start":{"line":368,"column":2},"end":{"line":368,"column":61}},"line":368},"78":{"name":"LabeledStmt","decl":{"start":{"line":372,"column":2},"end":{"line":376,"column":3}},"loc":{"start":{"line":372,"column":2},"end":{"line":376,"column":3}},"line":372},"79":{"name":"accept","decl":{"start":{"line":377,"column":2},"end":{"line":377,"column":60}},"loc":{"start":{"line":377,"column":2},"end":{"line":377,"column":60}},"line":377},"80":{"name":"Command","decl":{"start":{"line":381,"column":2},"end":{"line":384,"column":3}},"loc":{"start":{"line":381,"column":2},"end":{"line":384,"column":3}},"line":381},"81":{"name":"accept","decl":{"start":{"line":385,"column":2},"end":{"line":385,"column":60}},"loc":{"start":{"line":385,"column":2},"end":{"line":385,"column":60}},"line":385},"82":{"name":"Pilih","decl":{"start":{"line":389,"column":2},"end":{"line":394,"column":3}},"loc":{"start":{"line":389,"column":2},"end":{"line":394,"column":3}},"line":389},"83":{"name":"accept","decl":{"start":{"line":395,"column":2},"end":{"line":395,"column":58}},"loc":{"start":{"line":395,"column":2},"end":{"line":395,"column":58}},"line":395},"84":{"name":"EnumStmt","decl":{"start":{"line":399,"column":2},"end":{"line":403,"column":3}},"loc":{"start":{"line":399,"column":2},"end":{"line":403,"column":3}},"line":399},"85":{"name":"accept","decl":{"start":{"line":404,"column":2},"end":{"line":404,"column":57}},"loc":{"start":{"line":404,"column":2},"end":{"line":404,"column":57}},"line":404},"86":{"name":"MatchStmt","decl":{"start":{"line":408,"column":2},"end":{"line":413,"column":3}},"loc":{"start":{"line":408,"column":2},"end":{"line":413,"column":3}},"line":408},"87":{"name":"accept","decl":{"start":{"line":414,"column":2},"end":{"line":414,"column":58}},"loc":{"start":{"line":414,"column":2},"end":{"line":414,"column":58}},"line":414},"88":{"name":"LiteralPattern","decl":{"start":{"line":417,"column":30},"end":{"line":417,"column":72}},"loc":{"start":{"line":417,"column":30},"end":{"line":417,"column":72}},"line":417},"89":{"name":"BindingPattern","decl":{"start":{"line":418,"column":30},"end":{"line":418,"column":69}},"loc":{"start":{"line":418,"column":30},"end":{"line":418,"column":69}},"line":418},"90":{"name":"ArrayPattern","decl":{"start":{"line":420,"column":28},"end":{"line":420,"column":103}},"loc":{"start":{"line":420,"column":28},"end":{"line":420,"column":103}},"line":420},"91":{"name":"ObjectPattern","decl":{"start":{"line":421,"column":29},"end":{"line":421,"column":110}},"loc":{"start":{"line":421,"column":29},"end":{"line":421,"column":110}},"line":421},"92":{"name":"MetoknoStmt","decl":{"start":{"line":424,"column":2},"end":{"line":428,"column":3}},"loc":{"start":{"line":424,"column":2},"end":{"line":428,"column":3}},"line":424},"93":{"name":"accept","decl":{"start":{"line":429,"column":2},"end":{"line":429,"column":60}},"loc":{"start":{"line":429,"column":2},"end":{"line":429,"column":60}},"line":429},"94":{"name":"JupuknoStmt","decl":{"start":{"line":433,"column":2},"end":{"line":438,"column":3}},"loc":{"start":{"line":433,"column":2},"end":{"line":438,"column":3}},"line":433},"95":{"name":"accept","decl":{"start":{"line":439,"column":2},"end":{"line":439,"column":60}},"loc":{"start":{"line":439,"column":2},"end":{"line":439,"column":60}},"line":439}},"f":{"0":0,"1":276,"2":456,"3":12,"4":6,"5":927,"6":880,"7":13,"8":5,"9":8,"10":9,"11":698,"12":684,"13":38,"14":71,"15":166,"16":101,"17":200,"18":106,"19":15,"20":7,"21":15,"22":9,"23":0,"24":0,"25":4,"26":4,"27":11,"28":20,"29":5,"30":0,"31":20,"32":16,"33":20,"34":18,"35":6,"36":3,"37":16,"38":7,"39":6,"40":4,"41":0,"42":113,"43":51,"44":431,"45":371,"46":204,"47":165,"48":187,"49":158,"50":41,"51":82,"52":8,"53":3,"54":16,"55":19,"56":12,"57":10,"58":0,"59":0,"60":77,"61":36,"62":52,"63":40,"64":22,"65":15,"66":5,"67":3,"68":7,"69":3,"70":4,"71":2,"72":3,"73":1,"74":13,"75":7,"76":5,"77":5,"78":12,"79":9,"80":0,"81":0,"82":3,"83":2,"84":1,"85":1,"86":3,"87":8,"88":5,"89":8,"90":3,"91":0,"92":4,"93":4,"94":3,"95":2}}
,"/home/fatih/Projects/djawa-script-agy/src/environment.js": {"path":"/home/fatih/Projects/djawa-script-agy/src/environment.js","all":false,"statementMap":{"0":{"start":{"line":1,"column":0},"end":{"line":1,"column":26}},"1":{"start":{"line":2,"column":0},"end":{"line":2,"column":33}},"2":{"start":{"line":3,"column":0},"end":{"line":3,"column":28}},"3":{"start":{"line":4,"column":0},"end":{"line":4,"column":31}},"4":{"start":{"line":5,"column":0},"end":{"line":5,"column":3}},"5":{"start":{"line":6,"column":0},"end":{"line":6,"column":0}},"6":{"start":{"line":7,"column":0},"end":{"line":7,"column":13}},"7":{"start":{"line":8,"column":0},"end":{"line":8,"column":39}},"8":{"start":{"line":9,"column":0},"end":{"line":9,"column":42}},"9":{"start":{"line":10,"column":0},"end":{"line":10,"column":5}},"10":{"start":{"line":11,"column":0},"end":{"line":11,"column":65}},"11":{"start":{"line":12,"column":0},"end":{"line":12,"column":97}},"12":{"start":{"line":13,"column":0},"end":{"line":13,"column":3}},"13":{"start":{"line":14,"column":0},"end":{"line":14,"column":0}},"14":{"start":{"line":15,"column":0},"end":{"line":15,"column":23}},"15":{"start":{"line":16,"column":0},"end":{"line":16,"column":39}},"16":{"start":{"line":17,"column":0},"end":{"line":17,"column":42}},"17":{"start":{"line":18,"column":0},"end":{"line":18,"column":13}},"18":{"start":{"line":19,"column":0},"end":{"line":19,"column":5}},"19":{"start":{"line":20,"column":0},"end":{"line":20,"column":34}},"20":{"start":{"line":21,"column":0},"end":{"line":21,"column":41}},"21":{"start":{"line":22,"column":0},"end":{"line":22,"column":13}},"22":{"start":{"line":23,"column":0},"end":{"line":23,"column":5}},"23":{"start":{"line":24,"column":0},"end":{"line":24,"column":122}},"24":{"start":{"line":25,"column":0},"end":{"line":25,"column":3}},"25":{"start":{"line":26,"column":0},"end":{"line":26,"column":0}},"26":{"start":{"line":27,"column":0},"end":{"line":27,"column":23}},"27":{"start":{"line":28,"column":0},"end":{"line":28,"column":33}},"28":{"start":{"line":29,"column":0},"end":{"line":29,"column":3}},"29":{"start":{"line":30,"column":0},"end":{"line":30,"column":0}},"30":{"start":{"line":31,"column":0},"end":{"line":31,"column":22}},"31":{"start":{"line":32,"column":0},"end":{"line":32,"column":27}},"32":{"start":{"line":33,"column":0},"end":{"line":33,"column":40}},"33":{"start":{"line":34,"column":0},"end":{"line":34,"column":42}},"34":{"start":{"line":35,"column":0},"end":{"line":35,"column":5}},"35":{"start":{"line":36,"column":0},"end":{"line":36,"column":23}},"36":{"start":{"line":37,"column":0},"end":{"line":37,"column":3}},"37":{"start":{"line":38,"column":0},"end":{"line":38,"column":0}},"38":{"start":{"line":39,"column":0},"end":{"line":39,"column":25}},"39":{"start":{"line":40,"column":0},"end":{"line":40,"column":52}},"40":{"start":{"line":41,"column":0},"end":{"line":41,"column":3}},"41":{"start":{"line":42,"column":0},"end":{"line":42,"column":0}},"42":{"start":{"line":43,"column":0},"end":{"line":43,"column":35}},"43":{"start":{"line":44,"column":0},"end":{"line":44,"column":52}},"44":{"start":{"line":45,"column":0},"end":{"line":45,"column":3}},"45":{"start":{"line":46,"column":0},"end":{"line":46,"column":1}}},"s":{"0":1,"1":1,"2":364,"3":364,"4":364,"5":1,"6":1,"7":1099,"8":759,"9":759,"10":1099,"11":17,"12":1099,"13":1,"14":1,"15":99,"16":85,"17":85,"18":85,"19":14,"20":14,"21":14,"22":14,"23":0,"24":99,"25":1,"26":1,"27":3209,"28":3209,"29":1,"30":1,"31":4,"32":4,"33":0,"34":0,"35":4,"36":4,"37":1,"38":1,"39":4,"40":4,"41":1,"42":1,"43":0,"44":0,"45":1},"branchMap":{"0":{"type":"branch","line":1,"loc":{"start":{"line":1,"column":0},"end":{"line":46,"column":1}},"locations":[{"start":{"line":1,"column":0},"end":{"line":46,"column":1}}]},"1":{"type":"branch","line":2,"loc":{"start":{"line":2,"column":2},"end":{"line":5,"column":3}},"locations":[{"start":{"line":2,"column":2},"end":{"line":5,"column":3}}]},"2":{"type":"branch","line":7,"loc":{"start":{"line":7,"column":2},"end":{"line":13,"column":3}},"locations":[{"start":{"line":7,"column":2},"end":{"line":13,"column":3}}]},"3":{"type":"branch","line":8,"loc":{"start":{"line":8,"column":38},"end":{"line":10,"column":5}},"locations":[{"start":{"line":8,"column":38},"end":{"line":10,"column":5}}]},"4":{"type":"branch","line":11,"loc":{"start":{"line":11,"column":-1},"end":{"line":11,"column":33}},"locations":[{"start":{"line":11,"column":-1},"end":{"line":11,"column":33}}]},"5":{"type":"branch","line":11,"loc":{"start":{"line":11,"column":33},"end":{"line":11,"column":65}},"locations":[{"start":{"line":11,"column":33},"end":{"line":11,"column":65}}]},"6":{"type":"branch","line":12,"loc":{"start":{"line":12,"column":-1},"end":{"line":13,"column":2}},"locations":[{"start":{"line":12,"column":-1},"end":{"line":13,"column":2}}]},"7":{"type":"branch","line":15,"loc":{"start":{"line":15,"column":2},"end":{"line":25,"column":3}},"locations":[{"start":{"line":15,"column":2},"end":{"line":25,"column":3}}]},"8":{"type":"branch","line":16,"loc":{"start":{"line":16,"column":38},"end":{"line":19,"column":5}},"locations":[{"start":{"line":16,"column":38},"end":{"line":19,"column":5}}]},"9":{"type":"branch","line":20,"loc":{"start":{"line":20,"column":-1},"end":{"line":23,"column":5}},"locations":[{"start":{"line":20,"column":-1},"end":{"line":23,"column":5}}]},"10":{"type":"branch","line":24,"loc":{"start":{"line":24,"column":-1},"end":{"line":25,"column":2}},"locations":[{"start":{"line":24,"column":-1},"end":{"line":25,"column":2}}]},"11":{"type":"branch","line":27,"loc":{"start":{"line":27,"column":2},"end":{"line":29,"column":3}},"locations":[{"start":{"line":27,"column":2},"end":{"line":29,"column":3}}]},"12":{"type":"branch","line":31,"loc":{"start":{"line":31,"column":2},"end":{"line":37,"column":3}},"locations":[{"start":{"line":31,"column":2},"end":{"line":37,"column":3}}]},"13":{"type":"branch","line":33,"loc":{"start":{"line":33,"column":39},"end":{"line":35,"column":5}},"locations":[{"start":{"line":33,"column":39},"end":{"line":35,"column":5}}]},"14":{"type":"branch","line":39,"loc":{"start":{"line":39,"column":2},"end":{"line":41,"column":3}},"locations":[{"start":{"line":39,"column":2},"end":{"line":41,"column":3}}]}},"b":{"0":[1],"1":[364],"2":[1099],"3":[759],"4":[340],"5":[323],"6":[17],"7":[99],"8":[85],"9":[14],"10":[0],"11":[3209],"12":[4],"13":[0],"14":[4]},"fnMap":{"0":{"name":"Environment","decl":{"start":{"line":2,"column":2},"end":{"line":5,"column":3}},"loc":{"start":{"line":2,"column":2},"end":{"line":5,"column":3}},"line":2},"1":{"name":"get","decl":{"start":{"line":7,"column":2},"end":{"line":13,"column":3}},"loc":{"start":{"line":7,"column":2},"end":{"line":13,"column":3}},"line":7},"2":{"name":"assign","decl":{"start":{"line":15,"column":2},"end":{"line":25,"column":3}},"loc":{"start":{"line":15,"column":2},"end":{"line":25,"column":3}},"line":15},"3":{"name":"define","decl":{"start":{"line":27,"column":2},"end":{"line":29,"column":3}},"loc":{"start":{"line":27,"column":2},"end":{"line":29,"column":3}},"line":27},"4":{"name":"ancestor","decl":{"start":{"line":31,"column":2},"end":{"line":37,"column":3}},"loc":{"start":{"line":31,"column":2},"end":{"line":37,"column":3}},"line":31},"5":{"name":"getAt","decl":{"start":{"line":39,"column":2},"end":{"line":41,"column":3}},"loc":{"start":{"line":39,"column":2},"end":{"line":41,"column":3}},"line":39},"6":{"name":"assignAt","decl":{"start":{"line":43,"column":2},"end":{"line":45,"column":3}},"loc":{"start":{"line":43,"column":2},"end":{"line":45,"column":3}},"line":43}},"f":{"0":364,"1":1099,"2":99,"3":3209,"4":4,"5":4,"6":0}}
,"/home/fatih/Projects/djawa-script-agy/src/interpreter.js": {"path":"/home/fatih/Projects/djawa-script-agy/src/interpreter.js","all":false,"statementMap":{"0":{"start":{"line":1,"column":0},"end":{"line":1,"column":40}},"1":{"start":{"line":2,"column":0},"end":{"line":2,"column":32}},"2":{"start":{"line":3,"column":0},"end":{"line":3,"column":47}},"3":{"start":{"line":4,"column":0},"end":{"line":4,"column":33}},"4":{"start":{"line":5,"column":0},"end":{"line":5,"column":0}},"5":{"start":{"line":6,"column":0},"end":{"line":6,"column":28}},"6":{"start":{"line":7,"column":0},"end":{"line":7,"column":0}},"7":{"start":{"line":8,"column":0},"end":{"line":8,"column":33}},"8":{"start":{"line":9,"column":0},"end":{"line":9,"column":22}},"9":{"start":{"line":10,"column":0},"end":{"line":10,"column":12}},"10":{"start":{"line":11,"column":0},"end":{"line":11,"column":23}},"11":{"start":{"line":12,"column":0},"end":{"line":12,"column":3}},"12":{"start":{"line":13,"column":0},"end":{"line":13,"column":1}},"13":{"start":{"line":14,"column":0},"end":{"line":14,"column":0}},"14":{"start":{"line":15,"column":0},"end":{"line":15,"column":27}},"15":{"start":{"line":16,"column":0},"end":{"line":16,"column":29}},"16":{"start":{"line":17,"column":0},"end":{"line":17,"column":12}},"17":{"start":{"line":18,"column":0},"end":{"line":18,"column":23}},"18":{"start":{"line":19,"column":0},"end":{"line":19,"column":3}},"19":{"start":{"line":20,"column":0},"end":{"line":20,"column":1}},"20":{"start":{"line":21,"column":0},"end":{"line":21,"column":0}},"21":{"start":{"line":22,"column":0},"end":{"line":22,"column":30}},"22":{"start":{"line":23,"column":0},"end":{"line":23,"column":29}},"23":{"start":{"line":24,"column":0},"end":{"line":24,"column":12}},"24":{"start":{"line":25,"column":0},"end":{"line":25,"column":23}},"25":{"start":{"line":26,"column":0},"end":{"line":26,"column":3}},"26":{"start":{"line":27,"column":0},"end":{"line":27,"column":1}},"27":{"start":{"line":28,"column":0},"end":{"line":28,"column":0}},"28":{"start":{"line":29,"column":0},"end":{"line":29,"column":27}},"29":{"start":{"line":30,"column":0},"end":{"line":30,"column":12}},"30":{"start":{"line":31,"column":0},"end":{"line":31,"column":28}},"31":{"start":{"line":32,"column":0},"end":{"line":32,"column":1}},"32":{"start":{"line":33,"column":0},"end":{"line":33,"column":0}},"33":{"start":{"line":34,"column":0},"end":{"line":34,"column":41}},"34":{"start":{"line":35,"column":0},"end":{"line":35,"column":60}},"35":{"start":{"line":36,"column":0},"end":{"line":36,"column":12}},"36":{"start":{"line":37,"column":0},"end":{"line":37,"column":35}},"37":{"start":{"line":38,"column":0},"end":{"line":38,"column":27}},"38":{"start":{"line":39,"column":0},"end":{"line":39,"column":39}},"39":{"start":{"line":40,"column":0},"end":{"line":40,"column":3}},"40":{"start":{"line":41,"column":0},"end":{"line":41,"column":0}},"41":{"start":{"line":42,"column":0},"end":{"line":42,"column":58}},"42":{"start":{"line":43,"column":0},"end":{"line":43,"column":52}},"43":{"start":{"line":44,"column":0},"end":{"line":44,"column":0}},"44":{"start":{"line":45,"column":0},"end":{"line":45,"column":18}},"45":{"start":{"line":46,"column":0},"end":{"line":46,"column":56}},"46":{"start":{"line":47,"column":0},"end":{"line":47,"column":42}},"47":{"start":{"line":48,"column":0},"end":{"line":48,"column":81}},"48":{"start":{"line":49,"column":0},"end":{"line":49,"column":3}},"49":{"start":{"line":50,"column":0},"end":{"line":50,"column":0}},"50":{"start":{"line":51,"column":0},"end":{"line":51,"column":33}},"51":{"
[...]
,"/home/fatih/Projects/djawa-script-agy/src/tokens.js": {"path":"/home/fatih/Projects/djawa-script-agy/src/tokens.js","all":false,"statementMap":{"0":{"start":{"line":1,"column":0},"end":{"line":1,"column":26}},"1":{"start":{"line":2,"column":0},"end":{"line":2,"column":17}},"2":{"start":{"line":3,"column":0},"end":{"line":3,"column":0}},"3":{"start":{"line":4,"column":0},"end":{"line":4,"column":35}},"4":{"start":{"line":5,"column":0},"end":{"line":5,"column":36}},"5":{"start":{"line":6,"column":0},"end":{"line":6,"column":34}},"6":{"start":{"line":7,"column":0},"end":{"line":7,"column":39}},"7":{"start":{"line":8,"column":0},"end":{"line":8,"column":37}},"8":{"start":{"line":9,"column":0},"end":{"line":9,"column":50}},"9":{"start":{"line":10,"column":0},"end":{"line":10,"column":33}},"10":{"start":{"line":11,"column":0},"end":{"line":11,"column":38}},"11":{"start":{"line":12,"column":0},"end":{"line":12,"column":35}},"12":{"start":{"line":13,"column":0},"end":{"line":13,"column":36}},"13":{"start":{"line":14,"column":0},"end":{"line":14,"column":34}},"14":{"start":{"line":15,"column":0},"end":{"line":15,"column":47}},"15":{"start":{"line":16,"column":0},"end":{"line":16,"column":46}},"16":{"start":{"line":17,"column":0},"end":{"line":17,"column":44}},"17":{"start":{"line":18,"column":0},"end":{"line":18,"column":35}},"18":{"start":{"line":19,"column":0},"end":{"line":19,"column":36}},"19":{"start":{"line":20,"column":0},"end":{"line":20,"column":35}},"20":{"start":{"line":21,"column":0},"end":{"line":21,"column":52}},"21":{"start":{"line":22,"column":0},"end":{"line":22,"column":37}},"22":{"start":{"line":23,"column":0},"end":{"line":23,"column":34}},"23":{"start":{"line":24,"column":0},"end":{"line":24,"column":36}},"24":{"start":{"line":25,"column":0},"end":{"line":25,"column":39}},"25":{"start":{"line":26,"column":0},"end":{"line":26,"column":37}},"26":{"start":{"line":27,"column":0},"end":{"line":27,"column":35}},"27":{"start":{"line":28,"column":0},"end":{"line":28,"column":38}},"28":{"start":{"line":29,"column":0},"end":{"line":29,"column":36}},"29":{"start":{"line":30,"column":0},"end":{"line":30,"column":34}},"30":{"start":{"line":31,"column":0},"end":{"line":31,"column":36}},"31":{"start":{"line":32,"column":0},"end":{"line":32,"column":38}},"32":{"start":{"line":33,"column":0},"end":{"line":33,"column":36}},"33":{"start":{"line":34,"column":0},"end":{"line":34,"column":48}},"34":{"start":{"line":35,"column":0},"end":{"line":35,"column":36}},"35":{"start":{"line":36,"column":0},"end":{"line":36,"column":36}},"36":{"start":{"line":37,"column":0},"end":{"line":37,"column":33}},"37":{"start":{"line":38,"column":0},"end":{"line":38,"column":36}},"38":{"start":{"line":39,"column":0},"end":{"line":39,"column":39}},"39":{"start":{"line":40,"column":0},"end":{"line":40,"column":37}},"40":{"start":{"line":41,"column":0},"end":{"line":41,"column":42}},"41":{"start":{"line":42,"column":0},"end":{"line":42,"column":42}},"42":{"start":{"line":43,"column":0},"end":{"line":43,"column":36}},"43":{"start":{"line":44,"column":0},"end":{"line":44,"column":35}},"44":{"start":{"line":45,"column":0},"end":{"line":45,"column":40}},"45":{"start":{"line":46,"column":0},"end":{"line":46,"column":37}},"46":{"start":{"line":47,"column":0},"end":{"line":47,"column":41}},"47":{"start":{"line":48,"column":0},"end":{"line":48,"column":37}},"48":{"start":{"line":49,"column":0},"end":{"line":49,"column":34}},"49":{"start":{"line":50,"column":0},"end":{"line":50,"column":34}},"50":{"start":{"line":51,"column":0},"end":{"line":51,"column":52}},"51":{"start":{"line":52,"column":0},"end":{"line":52,"column":48}},"52":{"start":{"line":53,"column":0},"end":{"line":53,"column":34}},"53":{"start":{"line":54,"column":0},"end":{"line":54,"column":34}},"54":{"start":{"line":55,"column":0},"end":{"line":55,"column":36}},"55":{"start":{"line":56,"column":0},"end":{"line":56,"column":38}},"56":{"start":{"line":57,"column":0},"end":{"line":57,"column":37}},"57":{"start":{"line":58,"column":0},"end":{"line":58,"column":37}},"58":{"start":{"line":59,"column":0},"end":{"line":59,"column":44}},"59":{"start":{"line":60,"column":0},"end":{"line":60,"column":61}},"60":{"start":{"line":61,"column":0},"end":{"line":61,"column":51}},"61":{"start":{"line":62,"column":0},"end":{"line":62,"column":54}},"62":{"start":{"line":63,"column":0},"end":{"line":63,"column":50}},"63":{"start":{"line":64,"column":0},"end":{"line":64,"column":40}},"64":{"start":{"line":65,"column":0},"end":{"line":65,"column":40}},"65":{"start":{"line":66,"column":0},"end":{"line":66,"column":0}},"66":{"start":{"line":67,"column":0},"end":{"line":67,"column":13}},"67":{"start":{"line":68,"column":0},"end":{"line":68,"column":27}},"68":{"start":{"line":69,"column":0},"end":{"line":69,"column":19}},"69":{"start":{"line":70,"column":0},"end":{"line":70,"column":19}},"70":{"start":{"line":71,"column":0},"end":{"line":71,"column":27}},"71":{"start":{"line":72,"column":0},"end":{"line":72,"column":17}},"72":{"start":{"line":73,"column":0},"end":{"line":73,"column":0}},"73":{"start":{"line":74,"column":0},"end":{"line":74,"column":14}},"74":{"start":{"line":75,"column":0},"end":{"line":75,"column":32}},"75":{"start":{"line":76,"column":0},"end":{"line":76,"column":32}},"76":{"start":{"line":77,"column":0},"end":{"line":77,"column":32}},"77":{"start":{"line":78,"column":0},"end":{"line":78,"column":32}},"78":{"start":{"line":79,"column":0},"end":{"line":79,"column":32}},"79":{"start":{"line":80,"column":0},"end":{"line":80,"column":32}},"80":{"start":{"line":81,"column":0},"end":{"line":81,"column":33}},"81":{"start":{"line":82,"column":0},"end":{"line":82,"column":35}},"82":{"start":{"line":83,"column":0},"end":{"line":83,"column":35}},"83":{"start":{"line":84,"column":0},"end":{"line":84,"column":33}},"84":{"start":{"line":85,"column":0},"end":{"line":85,"column":33}},"85":{"start":{"line":86,"column":0},"end":{"line":86,"column":33}},"86":{"start":{"line":87,"column":0},"end":{"line":87,"column":0}},"87":{"start":{"line":88,"column":0},"end":{"line":88,"column":16}},"88":{"start":{"line":89,"column":0},"end":{"line":89,"column":34}},"89":{"start":{"line":90,"column":0},"end":{"line":90,"column":33}},"90":{"start":{"line":91,"column":0},"end":{"line":91,"column":34}},"91":{"start":{"line":92,"column":0},"end":{"line":92,"column":33}},"92":{"start":{"line":93,"column":0},"end":{"line":93,"column":34}},"93":{"start":{"line":94,"column":0},"end":{"line":94,"column":34}},"94":{"start":{"line":95,"column":0},"end":{"line":95,"column":45}},"95":{"start":{"line":96,"column":0},"end":{"line":96,"column":45}},"96":{"start":{"line":97,"column":0},"end":{"line":97,"column":0}},"97":{"start":{"line":98,"column":0},"end":{"line":98,"column":12}},"98":{"start":{"line":99,"column":0},"end":{"line":99,"column":33}},"99":{"start":{"line":100,"column":0},"end":{"line":100,"column":33}},"100":{"start":{"line":101,"column":0},"end":{"line":101,"column":32}},"101":{"start":{"line":102,"column":0},"end":{"line":102,"column":45}},"102":{"start":{"line":103,"column":0},"end":{"line":103,"column":0}},"103":{"start":{"line":104,"column":0},"end":{"line":104,"column":12}},"104":{"start":{"line":105,"column":0},"end":{"line":105,"column":32}},"105":{"start":{"line":106,"column":0},"end":{"line":106,"column":32}},"106":{"start":{"line":107,"column":0},"end":{"line":107,"column":32}},"107":{"start":{"line":108,"column":0},"end":{"line":108,"column":32}},"108":{"start":{"line":109,"column":0},"end":{"line":109,"column":33}},"109":{"start":{"line":110,"column":0},"end":{"line":110,"column":37}},"110":{"start":{"line":111,"column":0},"end":{"line":111,"column":46}},"111":{"start":{"line":112,"column":0},"end":{"line":112,"column":0}},"112":{"start":{"line":113,"column":0},"end":{"line":113,"column":16}},"113":{"start":{"line":114,"column":0},"end":{"line":114,"column":34}},"114":{"start":{"line":115,"column":0},"end":{"line":115,"column":34}},"115":{"start":{"line":116,"column":0},"end":{"line":116,"column":36}},"116":{"start":{"line":117,"column":0},"end":{"line":117,"column":38}},"117":{"start":{"line":118,"column":0},"end":{"line":118,"column":34}},"118":{"start":{"line":119,"column":0},"end":{"line":119,"column":34}},"119":{"start":{"line":120,"column":0},"end":{"line":120,"column":35}},"120":{"start":{"line":121,"column":0},"end":{"line":121,"column":34}},"121":{"start":{"line":122,"column":0},"end":{"line":122,"column":34}},"122":{"start":{"line":123,"column":0},"end":{"line":123,"column":42}},"123":{"start":{"line":124,"column":0},"end":{"line":124,"column":43}},"124":{"start":{"line":125,"column":0},"end":{"line":125,"column":0}},"125":{"start":{"line":126,"column":0},"end":{"line":126,"column":40}},"126":{"start":{"line":127,"column":0},"end":{"line":127,"column":29}},"127":{"start":{"line":128,"column":0},"end":{"line":128,"column":17}},"128":{"start":{"line":129,"column":0},"end":{"line":129,"column":21}},"129":{"start":{"line":130,"column":0},"end":{"line":130,"column":0}},"130":{"start":{"line":131,"column":0},"end":{"line":131,"column":12}},"131":{"start":{"line":132,"column":0},"end":{"line":132,"column":2}},"132":{"start":{"line":133,"column":0},"end":{"line":133,"column":0}},"133":{"start":{"line":134,"column":0},"end":{"line":134,"column":0}},"134":{"start":{"line":135,"column":0},"end":{"line":135,"column":25}},"135":{"start":{"line":136,"column":0},"end":{"line":136,"column":27}},"136":{"start":{"line":137,"column":0},"end":{"line":137,"column":31}},"137":{"start":{"line":138,"column":0},"end":{"line":138,"column":27}},"138":{"start":{"line":139,"column":0},"end":{"line":139,"column":25}},"139":{"start":{"line":140,"column":0},"end":{"line":140,"column":31}},"140":{"start":{"line":141,"column":0},"end":{"line":141,"column":31}},"141":{"start":{"line":142,"column":0},"end":{"line":142,"column":23}},"142":{"start":{"line":143,"column":0},"end":{"line":143,"column":29}},"143":{"start":{"line":144,"column":0},"end":{"line":144,"column":29}},"144":{"start":{"line":145,"column":0},"end":{"line":145,"column":29}},"145":{"start":{"line":146,"column":0},"end":{"line":146,"column":31}},"146":{"start":{"line":147,"column":0},"end":{"line":147,"column":27}},"147":{"start":{"line":148,"column":0},"end":{"line":148,"column":27}},"148":{"start":{"line":149,"column":0},"end":{"line":149,"column":27}},"149":{"start":{"line":150,"column":0},"end":{"line":150,"column":23}},"150":{"start":{"line":151,"column":0},"end":{"line":151,"column":29}},"151":{"start":{"line":152,"column":0},"end":{"line":152,"column":49}},"152":{"start":{"line":153,"column":0},"end":{"line":153,"column":27}},"153":{"start":{"line":154,"column":0},"end":{"line":154,"column":27}},"154":{"start":{"line":155,"column":0},"end":{"line":155,"column":29}},"155":{"start":{"line":156,"column":0},"end":{"line":156,"column":33}},"156":{"start":{"line":157,"column":0},"end":{"line":157,"column":27}},"157":{"start":{"line":158,"column":0},"end":{"line":158,"column":25}},"158":{"start":{"line":159,"column":0},"end":{"line":159,"column":27}},"159":{"start":{"line":160,"column":0},"end":{"line":160,"column":27}},"160":{"start":{"line":161,"column":0},"end":{"line":161,"column":27}},"161":{"start":{"line":162,"column":0},"end":{"line":162,"column":27}},"162":{"start":{"line":163,"column":0},"end":{"line":163,"column":29}},"163":{"start":{"line":164,"column":0},"end":{"line":164,"column":35}},"164":{"start":{"line":165,"column":0},"end":{"line":165,"column":31}},"165":{"start":{"line":166,"column":0},"end":{"line":166,"column":33}},"166":{"start":{"line":167,"column":0},"end":{"line":167,"column":29}},"167":{"start":{"line":168,"column":0},"end":{"line":168,"column":29}},"168":{"start":{"line":169,"column":0},"end":{"line":169,"column":29}},"169":{"start":{"line":170,"column":0},"end":{"line":170,"column":27}},"170":{"start":{"line":171,"column":0},"end":{"line":171,"column":31}},"171":{"start":{"line":172,"column":0},"end":{"line":172,"column":31}},"172":{"start":{"line":173,"column":0},"end":{"line":173,"column":41}},"173":{"start":{"line":174,"column":0},"end":{"line":174,"column":31}},"174":{"start":{"line":175,"column":0},"end":{"line":175,"column":27}},"175":{"start":{"line":176,"column":0},"end":{"line":176,"column":23}},"176":{"start":{"line":177,"column":0},"end":{"line":177,"column":29}},"177":{"start":{"line":178,"column":0},"end":{"line":178,"column":33}},"178":{"start":{"line":179,"column":0},"end":{"line":179,"column":27}},"179":{"start":{"line":180,"column":0},"end":{"line":180,"column":27}},"180":{"start":{"line":181,"column":0},"end":{"line":181,"column":27}},"181":{"start":{"line":182,"column":0},"end":{"line":182,"column":29}},"182":{"start":{"line":183,"column":0},"end":{"line":183,"column":27}},"183":{"start":{"line":184,"column":0},"end":{"line":184,"column":31}},"184":{"start":{"line":185,"column":0},"end":{"line":185,"column":31}},"185":{"start":{"line":186,"column":0},"end":{"line":186,"column":25}},"186":{"start":{"line":187,"column":0},"end":{"line":187,"column":23}},"187":{"start":{"line":188,"column":0},"end":{"line":188,"column":25}},"188":{"start":{"line":189,"column":0},"end":{"line":189,"column":78}},"189":{"start":{"line":190,"column":0},"end":{"line":190,"column":31}},"190":{"start":{"line":191,"column":0},"end":{"line":191,"column":27}},"191":{"start":{"line":192,"column":0},"end":{"line":192,"column":21}},"192":{"start":{"line":193,"column":0},"end":{"line":193,"column":0}},"193":{"start":{"line":194,"column":0},"end":{"line":194,"column":29}},"194":{"start":{"line":195,"column":0},"end":{"line":195,"column":0}},"195":{"start":{"line":196,"column":0},"end":{"line":196,"column":19}},"196":{"start":{"line":197,"column":0},"end":{"line":197,"column":23}},"197":{"start":{"line":198,"column":0},"end":{"line":198,"column":29}},"198":{"start":{"line":199,"column":0},"end":{"line":199,"column":25}},"199":{"start":{"line":200,"column":0},"end":{"line":200,"column":25}},"200":{"start":{"line":201,"column":0},"end":{"line":201,"column":25}},"201":{"start":{"line":202,"column":0},"end":{"line":202,"column":31}},"202":{"start":{"line":203,"column":0},"end":{"line":203,"column":27}},"203":{"start":{"line":204,"column":0},"end":{"line":204,"column":38}},"204":{"start":{"line":205,"column":0},"end":{"line":205,"column":38}},"205":{"start":{"line":206,"column":0},"end":{"line":206,"column":34}},"206":{"start":{"line":207,"column":0},"end":{"line":207,"column":34}},"207":{"start":{"line":208,"column":0},"end":{"line":208,"column":34}},"208":{"start":{"line":209,"column":0},"end":{"line":209,"column":25}},"209":{"start":{"line":210,"column":0},"end":{"line":210,"column":25}},"210":{"start":{"line":211,"column":0},"end":{"line":211,"column":32}},"211":{"start":{"line":212,"column":0},"end":{"line":212,"column":32}},"212":{"start":{"line":213,"column":0},"end":{"line":213,"column":38}},"213":{"start":{"line":214,"column":0},"end":{"line":214,"column":38}},"214":{"start":{"line":215,"column":0},"end":{"line":215,"column":47}},"215":{"start":{"line":216,"column":0},"end":{"line":216,"column":47}},"216":{"start":{"line":217,"column":0},"end":{"line":217,"column":23}},"217":{"start":{"line":218,"column":0},"end":{"line":218,"column":27}},"218":{"start":{"line":219,"column":0},"end":{"line":219,"column":23}},"219":{"start":{"line":220,"column":0},"end":{"line":220,"column":29}},"220":{"start":{"line":221,"column":0},"end":{"line":221,"column":33}},"221":{"start":{"line":222,"column":0},"end":{"line":222,"column":23}},"222":{"start":{"line":223,"column":0},"end":{"line":223,"column":27}},"223":{"start":{"line":224,"column":0},"end":{"line":224,"column":36}},"224":{"start":{"line":225,"column":0},"end":{"line":225,"column":40}},"225":{"start":{"line":226,"column":0},"end":{"line":226,"column":47}},"226":{"start":{"line":227,"column":0},"end":{"line":227,"column":47}},"227":{"start":{"line":228,"column":0},"end":{"line":228,"column":23}},"228":{"start":{"line":229,"column":0},"end":{"line":229,"column":23}},"229":{"start":{"line":230,"column":0},"end":{"line":230,"column":27}},"230":{"start":{"line":231,"column":0},"end":{"line":231,"column":37}},"231":{"start":{"line":232,"column":0},"end":{"line":232,"column":31}},"232":{"start":{"line":233,"column":0},"end":{"line":233,"column":2}},"233":{"start":{"line":234,"column":0},"end":{"line":234,"column":24}},"234":{"start":{"line":235,"column":0},"end":{"line":235,"column":27}},"235":{"start":{"line":236,"column":0},"end":{"line":236,"column":29}},"236":{"start":{"line":237,"column":0},"end":{"line":237,"column":31}},"237":{"start":{"line":238,"column":0},"end":{"line":238,"column":24}},"238":{"start":{"line":239,"column":0},"end":{"line":239,"column":26}},"239":{"start":{"line":240,"column":0},"end":{"line":240,"column":28}},"240":{"start":{"line":241,"column":0},"end":{"line":241,"column":25}},"241":{"start":{"line":242,"column":0},"end":{"line":242,"column":30}},"242":{"start":{"line":243,"column":0},"end":{"line":243,"column":29}},"243":{"start":{"line":244,"column":0},"end":{"line":244,"column":29}},"244":{"start":{"line":245,"column":0},"end":{"line":245,"column":23}},"245":{"start":{"line":246,"column":0},"end":{"line":246,"column":26}},"246":{"start":{"line":247,"column":0},"end":{"line":247,"column":28}},"247":{"start":{"line":248,"column":0},"end":{"line":248,"column":32}},"248":{"start":{"line":249,"column":0},"end":{"line":249,"column":30}},"249":{"start":{"line":250,"column":0},"end":{"line":250,"column":2}}},"s":{"0":3,"1":3,"2":3,"3":3,"4":3,"5":3,"6":3,"7":3,"8":3,"9":3,"10":3,"11":3,"12":3,"13":3,"14":3,"15":3,"16":3,"17":3,"18":3,"19":3,"20":3,"21":3,"22":3,"23":3,"24":3,"25":3,"26":3,"27":3,"28":3,"29":3,"30":3,"31":3,"32":3,"33":3,"34":3,"35":3,"36":3,"37":3,"38":3,"39":3,"40":3,"41":3,"42":3,"43":3,"44":3,"45":3,"46":3,"47":3,"48":3,"49":3,"50":3,"51":3,"52":3,"53":3,"54":3,"55":3,"56":3,"57":3,"58":3,"59":3,"60":3,"61":3,"62":3,"63":3,"64":3,"65":3,"66":3,"67":3,"68":3,"69":3,"70":3,"71":3,"72":3,"73":3,"74":3,"75":3,"76":3,"77":3,"78":3,"79":3,"80":3,"81":3,"82":3,"83":3,"84":3,"85":3,"86":3,"87":3,"88":3,"89":3,"90":3,"91":3,"92":3,"93":3,"94":3,"95":3,"96":3,"97":3,"98":3,"99":3,"100":3,"101":3,"102":3,"103":3,"104":3,"105":3,"106":3,"107":3,"108":3,"109":3,"110":3,"111":3,"112":3,"113":3,"114":3,"115":3,"116":3,"117":3,"118":3,"119":3,"120":3,"121":3,"122":3,"123":3,"124":3,"125":3,"126":3,"127":3,"128":3,"129":3,"130":3,"131":3,"132":3,"133":3,"134":3,"135":3,"136":3,"137":3,"138":3,"139":3,"140":3,"141":3,"142":3,"143":3,"144":3,"145":3,"146":3,"147":3,"148":3,"149":3,"150":3,"151":3,"152":3,"153":3,"154":3,"155":3,"156":3,"157":3,"158":3,"159":3,"160":3,"161":3,"162":3,"163":3,"164":3,"165":3,"166":3,"167":3,"168":3,"169":3,"170":3,"171":3,"172":3,"173":3,"174":3,"175":3,"176":3,"177":3,"178":3,"179":3,"180":3,"181":3,"182":3,"183":3,"184":3,"185":3,"186":3,"187":3,"188":3,"189":3,"190":3,"191":3,"192":3,"193":3,"194":3,"195":3,"196":3,"197":3,"198":3,"199":3,"200":3,"201":3,"202":3,"203":3,"204":3,"205":3,"206":3,"207":3,"208":3,"209":3,"210":3,"211":3,"212":3,"213":3,"214":3,"215":3,"216":3,"217":3,"218":3,"219":3,"220":3,"221":3,"222":3,"223":3,"224":3,"225":3,"226":3,"227":3,"228":3,"229":3,"230":3,"231":3,"232":3,"233":3,"234":3,"235":3,"236":3,"237":3,"238":3,"239":3,"240":3,"241":3,"242":3,"243":3,"244":3,"245":3,"246":3,"247":3,"248":3,"249":3},"branchMap":{"0":{"type":"branch","line":1,"loc":{"start":{"line":1,"column":0},"end":{"line":250,"column":2}},"locations":[{"start":{"line":1,"column":0},"end":{"line":250,"column":2}}]}},"b":{"0":[3]},"fnMap":{},"f":{}}
}
