TN:
SF:src/ast.js
FN:4,accept
FN:8,Binary
FN:14,accept
FN:18,Grouping
FN:22,accept
FN:26,Literal
FN:30,accept
FN:34,Unary
FN:39,accept
FN:43,Postfix
FN:48,accept
FN:52,Variable
FN:56,accept
FN:60,Assign
FN:66,accept
FN:70,Call
FN:76,accept
FN:80,Get
FN:85,accept
FN:89,Set
FN:95,accept
FN:99,This
FN:103,accept
FN:107,Super
FN:112,accept
FN:116,Ternary
FN:122,accept
FN:126,Logical
FN:132,accept
FN:136,Tuple
FN:141,accept
FN:145,ArrayLiteral
FN:149,accept
FN:153,ObjectLiteral
FN:157,accept
FN:161,RangeExpr
FN:167,accept
FN:171,TemplateLiteral
FN:176,accept
FN:180,TaggedTemplate
FN:185,accept
FN:189,accept
FN:193,Expression
FN:197,accept
FN:201,Cetakno
FN:205,accept
FN:209,Var
FN:215,accept
FN:219,Block
FN:223,accept
FN:227,Lek
FN:234,accept
FN:238,Selagi
FN:243,accept
FN:247,Kanggo
FN:254,accept
FN:258,ForOf
FN:266,accept
FN:270,RentangStmt
FN:276,accept
FN:280,Gawe
FN:289,accept
FN:293,Balekno
FN:298,accept
FN:302,Kelas
FN:311,accept
FN:315,Struktur
FN:320,accept
FN:324,WangunStmt
FN:330,accept
FN:334,Cobak
FN:341,accept
FN:345,Uncalen
FN:350,accept
FN:354,Mandek
FN:359,accept
FN:363,Ngenteni
FN:369,accept
FN:373,Lanjutno
FN:378,accept
FN:382,LabeledStmt
FN:387,accept
FN:391,Command
FN:395,accept
FN:399,Pilih
FN:405,accept
FN:409,EnumStmt
FN:414,accept
FN:418,MatchStmt
FN:424,accept
FN:427,LiteralPattern
FN:428,BindingPattern
FN:430,ArrayPattern
FN:431,ObjectPattern
FN:434,MetoknoStmt
FN:439,accept
FN:443,JupuknoStmt
FN:449,accept
FNF:98
FNH:89
FNDA:0,accept
FNDA:274,Binary
FNDA:434,accept
FNDA:12,Grouping
FNDA:6,accept
FNDA:939,Literal
FNDA:865,accept
FNDA:13,Unary
FNDA:5,accept
FNDA:8,Postfix
FNDA:9,accept
FNDA:662,Variable
FNDA:674,accept
FNDA:33,Assign
FNDA:54,accept
FNDA:161,Call
FNDA:113,accept
FNDA:201,Get
FNDA:114,accept
FNDA:15,Set
FNDA:6,accept
FNDA:15,This
FNDA:9,accept
FNDA:0,Super
FNDA:0,accept
FNDA:5,Ternary
FNDA:11,accept
FNDA:11,Logical
FNDA:20,accept
FNDA:5,Tuple
FNDA:4,accept
FNDA:21,ArrayLiteral
FNDA:21,accept
FNDA:17,ObjectLiteral
FNDA:8,accept
FNDA:6,RangeExpr
FNDA:3,accept
FNDA:16,TemplateLiteral
FNDA:8,accept
FNDA:6,TaggedTemplate
FNDA:1,accept
FNDA:0,accept
FNDA:99,Expression
FNDA:41,accept
FNDA:452,Cetakno
FNDA:380,accept
FNDA:210,Var
FNDA:159,accept
FNDA:182,Block
FNDA:136,accept
FNDA:36,Lek
FNDA:68,accept
FNDA:8,Selagi
FNDA:2,accept
FNDA:14,Kanggo
FNDA:17,accept
FNDA:12,ForOf
FNDA:8,accept
FNDA:0,RentangStmt
FNDA:0,accept
FNDA:84,Gawe
FNDA:38,accept
FNDA:51,Balekno
FNDA:29,accept
FNDA:22,Kelas
FNDA:15,accept
FNDA:5,Struktur
FNDA:3,accept
FNDA:7,WangunStmt
FNDA:3,accept
FNDA:5,Cobak
FNDA:3,accept
FNDA:3,Uncalen
FNDA:1,accept
FNDA:13,Mandek
FNDA:7,accept
FNDA:13,Ngenteni
FNDA:5,accept
FNDA:4,Lanjutno
FNDA:4,accept
FNDA:9,LabeledStmt
FNDA:9,accept
FNDA:0,Command
FNDA:0,accept
FNDA:3,Pilih
FNDA:2,accept
FNDA:1,EnumStmt
FNDA:1,accept
FNDA:3,MatchStmt
FNDA:8,accept
FNDA:5,LiteralPattern
FNDA:8,BindingPattern
FNDA:3,ArrayPattern
FNDA:0,ObjectPattern
FNDA:4,MetoknoStmt
FNDA:4,accept
FNDA:3,JupuknoStmt
FNDA:2,accept
DA:1,2
DA:2,2
DA:3,2
DA:4,2
DA:5,2
DA:6,2
DA:7,2
DA:8,2
DA:9,274
DA:10,274
DA:11,274
DA:12,274
DA:13,274
DA:14,2
DA:15,2
DA:16,2
DA:17,2
DA:18,2
DA:19,12
DA:20,12
DA:21,12
DA:22,2
DA:23,2
DA:24,2
DA:25,2
DA:26,2
DA:27,939
DA:28,939
DA:29,939
DA:30,2
DA:31,2
DA:32,2
DA:33,2
DA:34,2
DA:35,13
DA:36,13
DA:37,13
DA:38,13
DA:39,2
DA:40,2
DA:41,2
DA:42,2
DA:43,2
DA:44,8
DA:45,8
DA:46,8
DA:47,8
DA:48,2
DA:49,2
DA:50,2
DA:51,2
DA:52,2
DA:53,662
DA:54,662
DA:55,662
DA:56,2
DA:57,2
DA:58,2
DA:59,2
DA:60,2
DA:61,33
DA:62,33
DA:63,33
DA:64,33
DA:65,33
DA:66,2
DA:67,2
DA:68,2
DA:69,2
DA:70,2
DA:71,161
DA:72,161
DA:73,161
DA:74,161
DA:75,161
DA:76,2
DA:77,2
DA:78,2
DA:79,2
DA:80,2
DA:81,201
DA:82,201
DA:83,201
DA:84,201
DA:85,2
DA:86,2
DA:87,2
DA:88,2
DA:89,2
DA:90,15
DA:91,15
DA:92,15
DA:93,15
DA:94,15
DA:95,2
DA:96,2
DA:97,2
DA:98,2
DA:99,2
DA:100,15
DA:101,15
DA:102,15
DA:103,2
DA:104,2
DA:105,2
DA:106,2
DA:107,2
DA:108,0
DA:109,0
DA:110,0
DA:111,0
DA:112,2
DA:113,2
DA:114,2
DA:115,2
DA:116,2
DA:117,5
DA:118,5
DA:119,5
DA:120,5
DA:121,5
DA:122,2
DA:123,2
DA:124,2
DA:125,2
DA:126,2
DA:127,11
DA:128,11
DA:129,11
DA:130,11
DA:131,11
DA:132,2
DA:133,2
DA:134,2
DA:135,2
DA:136,2
DA:137,5
DA:138,5
DA:139,5
DA:140,5
DA:141,2
DA:142,2
DA:143,2
DA:144,2
DA:145,2
DA:146,21
DA:147,21
DA:148,21
DA:149,2
DA:150,2
DA:151,2
DA:152,2
DA:153,2
DA:154,17
DA:155,17
DA:156,17
DA:157,2
DA:158,2
DA:159,2
DA:160,2
DA:161,2
DA:162,6
DA:163,6
DA:164,6
DA:165,6
DA:166,6
DA:167,2
DA:168,2
DA:169,2
DA:170,2
DA:171,2
DA:172,16
DA:173,16
DA:174,16
DA:175,16
DA:176,2
DA:177,2
DA:178,2
DA:179,2
DA:180,2
DA:181,6
DA:182,6
DA:183,6
DA:184,6
DA:185,2
DA:186,2
DA:187,2
DA:188,2
DA:189,2
DA:190,2
DA:191,2
DA:192,2
DA:193,2
DA:194,99
DA:195,99
DA:196,99
DA:197,2
DA:198,2
DA:199,2
DA:200,2
DA:201,2
DA:202,452
DA:203,452
DA:204,452
DA:205,2
DA:206,2
DA:207,2
DA:208,2
DA:209,2
DA:210,210
DA:211,210
DA:212,210
DA:213,210
DA:214,210
DA:215,2
DA:216,2
DA:217,2
DA:218,2
DA:219,2
DA:220,182
DA:221,182
DA:222,182
DA:223,2
DA:224,2
DA:225,2
DA:226,2
DA:227,2
DA:228,36
DA:229,36
DA:230,36
DA:231,36
DA:232,36
DA:233,36
DA:234,2
DA:235,2
DA:236,2
DA:237,2
DA:238,2
DA:239,8
DA:240,8
DA:241,8
DA:242,8
DA:243,2
DA:244,2
DA:245,2
DA:246,2
DA:247,2
DA:248,14
DA:249,14
DA:250,14
DA:251,14
DA:252,14
DA:253,14
DA:254,2
DA:255,2
DA:256,2
DA:257,2
DA:258,2
DA:259,12
DA:260,12
DA:261,12
DA:262,12
DA:263,12
DA:264,12
DA:265,12
DA:266,2
DA:267,2
DA:268,2
DA:269,2
DA:270,2
DA:271,0
DA:272,0
DA:273,0
DA:274,0
DA:275,0
DA:276,2
DA:277,2
DA:278,2
DA:279,2
DA:280,2
DA:281,84
DA:282,84
DA:283,84
DA:284,84
DA:285,84
DA:286,84
DA:287,84
DA:288,84
DA:289,2
DA:290,2
DA:291,2
DA:292,2
DA:293,2
DA:294,51
DA:295,51
DA:296,51
DA:297,51
DA:298,2
DA:299,2
DA:300,2
DA:301,2
DA:302,2
DA:303,22
DA:304,22
DA:305,22
DA:306,22
DA:307,22
DA:308,22
DA:309,22
DA:310,22
DA:311,2
DA:312,2
DA:313,2
DA:314,2
DA:315,2
DA:316,5
DA:317,5
DA:318,5
DA:319,5
DA:320,2
DA:321,2
DA:322,2
DA:323,2
DA:324,2
DA:325,7
DA:326,7
DA:327,7
DA:328,7
DA:329,7
DA:330,2
DA:331,2
DA:332,2
DA:333,2
DA:334,2
DA:335,5
DA:336,5
DA:337,5
DA:338,5
DA:339,5
DA:340,5
DA:341,2
DA:342,2
DA:343,2
DA:344,2
DA:345,2
DA:346,3
DA:347,3
DA:348,3
DA:349,3
DA:350,2
DA:351,2
DA:352,2
DA:353,2
DA:354,2
DA:355,13
DA:356,13
DA:357,13
DA:358,13
DA:359,2
DA:360,2
DA:361,2
DA:362,2
DA:363,2
DA:364,13
DA:365,13
DA:366,13
DA:367,13
DA:368,13
DA:369,2
DA:370,2
DA:371,2
DA:372,2
DA:373,2
DA:374,4
DA:375,4
DA:376,4
DA:377,4
DA:378,2
DA:379,2
DA:380,2
DA:381,2
DA:382,2
DA:383,9
DA:384,9
DA:385,9
DA:386,9
DA:387,2
DA:388,2
DA:389,2
DA:390,2
DA:391,2
DA:392,0
DA:393,0
DA:394,0
DA:395,2
DA:396,2
DA:397,2
DA:398,2
DA:399,2
DA:400,3
DA:401,3
DA:402,3
DA:403,3
DA:404,3
DA:405,2
DA:406,2
DA:407,2
DA:408,2
DA:409,2
DA:410,1
DA:411,1
DA:412,1
DA:413,1
DA:414,2
DA:415,2
DA:416,2
DA:417,2
DA:418,2
DA:419,3
DA:420,3
DA:421,3
DA:422,3
DA:423,3
DA:424,2
DA:425,2
DA:426,2
DA:427,2
DA:428,2
DA:429,2
DA:430,2
DA:431,2
DA:432,2
DA:433,2
DA:434,2
DA:435,4
DA:436,4
DA:437,4
DA:438,4
DA:439,2
DA:440,2
DA:441,2
DA:442,2
DA:443,2
DA:444,3
DA:445,3
DA:446,3
DA:447,3
DA:448,3
DA:449,2
DA:450,2
LF:450
LH:438
BRDA:1,0,0,2
BRDA:8,1,0,274
BRDA:14,2,0,434
BRDA:18,3,0,12
BRDA:22,4,0,6
BRDA:26,5,0,939
BRDA:30,6,0,865
BRDA:34,7,0,13
BRDA:39,8,0,5
BRDA:43,9,0,8
BRDA:48,10,0,9
BRDA:52,11,0,662
BRDA:56,12,0,674
BRDA:60,13,0,33
BRDA:66,14,0,54
BRDA:70,15,0,161
BRDA:76,16,0,113
BRDA:80,17,0,201
BRDA:85,18,0,114
BRDA:89,19,0,15
BRDA:95,20,0,6
BRDA:99,21,0,15
BRDA:103,22,0,9
BRDA:116,23,0,5
BRDA:122,24,0,11
BRDA:126,25,0,11
BRDA:132,26,0,20
BRDA:136,27,0,5
BRDA:141,28,0,4
BRDA:145,29,0,21
BRDA:149,30,0,21
BRDA:153,31,0,17
BRDA:157,32,0,8
BRDA:161,33,0,6
BRDA:167,34,0,3
BRDA:171,35,0,16
BRDA:176,36,0,8
BRDA:180,37,0,6
BRDA:185,38,0,1
BRDA:193,39,0,99
BRDA:197,40,0,41
BRDA:201,41,0,452
BRDA:205,42,0,380
BRDA:209,43,0,210
BRDA:215,44,0,159
BRDA:219,45,0,182
BRDA:223,46,0,136
BRDA:227,47,0,36
BRDA:234,48,0,68
BRDA:238,49,0,8
BRDA:243,50,0,2
BRDA:247,51,0,14
BRDA:254,52,0,17
BRDA:258,53,0,12
BRDA:266,54,0,8
BRDA:280,55,0,84
BRDA:289,56,0,38
BRDA:293,57,0,51
BRDA:298,58,0,29
BRDA:302,59,0,22
BRDA:311,60,0,15
BRDA:315,61,0,5
BRDA:320,62,0,3
BRDA:324,63,0,7
BRDA:330,64,0,3
BRDA:334,65,0,5
BRDA:341,66,0,3
BRDA:345,67,0,3
BRDA:350,68,0,1
BRDA:354,69,0,13
BRDA:359,70,0,7
BRDA:363,71,0,13
BRDA:369,72,0,5
BRDA:373,73,0,4
BRDA:378,74,0,4
BRDA:382,75,0,9
BRDA:387,76,0,9
BRDA:399,77,0,3
BRDA:405,78,0,2
BRDA:409,79,0,1
BRDA:414,80,0,1
BRDA:418,81,0,3
BRDA:424,82,0,8
BRDA:427,83,0,5
BRDA:428,84,0,8
BRDA:430,85,0,3
BRDA:434,86,0,4
BRDA:439,87,0,4
BRDA:443,88,0,3
BRDA:449,89,0,2
BRF:90
BRH:90
end_of_record
TN:
SF:src/environment.js
FN:2,Environment
FN:7,get
FN:15,assign
FN:27,define
FN:31,ancestor
FN:39,getAt
FN:43,assignAt
FNF:7
FNH:6
FNDA:365,Environment
FNDA:1020,get
FNDA:73,assign
FNDA:2152,define
FNDA:4,ancestor
FNDA:4,getAt
FNDA:0,assignAt
DA:1,1
DA:2,1
DA:3,365
DA:4,365
DA:5,365
DA:6,1
DA:7,1
DA:8,1020
DA:9,732
DA:10,732
DA:11,1020
DA:12,17
DA:13,1020
DA:14,1
DA:15,1
DA:16,73
DA:17,68
DA:18,68
DA:19,68
DA:20,5
DA:21,5
DA:22,5
DA:23,5
DA:24,0
DA:25,73
DA:26,1
DA:27,1
DA:28,2152
DA:29,2152
DA:30,1
DA:31,1
DA:32,4
DA:33,4
DA:34,0
DA:35,0
DA:36,4
DA:37,4
DA:38,1
DA:39,1
DA:40,4
DA:41,4
DA:42,1
DA:43,1
DA:44,0
DA:45,0
DA:46,1
LF:46
LH:41
BRDA:1,0,0,1
BRDA:2,1,0,365
BRDA:7,2,0,1020
BRDA:8,3,0,732
BRDA:11,4,0,288
BRDA:11,5,0,271
BRDA:12,6,0,17
BRDA:15,7,0,73
BRDA:16,8,0,68
BRDA:20,9,0,5
BRDA:24,10,0,0
BRDA:27,11,0,2152
BRDA:31,12,0,4
BRDA:33,13,0,0
BRDA:39,14,0,4
BRF:15
BRH:13
end_of_record
TN:
SF:src/interpreter.js
FN:14,Interpreter
FN:28,destroy
FN:37,interpret
FN:51,loadModule
FN:111,execute
FN:112,evaluate
FN:114,visitBlockStmt
FN:119,executeBlock
FN:131,visitExpressionStmt
FN:136,visitGaweStmt
FN:144,visitWangunStmt
FN:162,visitKelasStmt
FN:235,visitStrukturStmt
FN:241,visitLekStmt
FN:258,visitCetaknoStmt
FN:267,visitBaleknoStmt
FN:273,visitVarStmt
FN:298,visitSelagiStmt
FN:326,visitKanggoStmt
FN:357,visitLabeledStmt
FN:373,visitMandekStmt
FN:374,visitLanjutnoStmt
FN:376,visitNgenteniStmt
FN:405,_callValue
FN:411,visitForOfStmt
FN:483,visitRentangStmt
FN:538,toIterable
FN:552,visitCommandStmt
FN:562,visitPilihStmt
FN:583,visitCobakStmt
FN:602,visitUncalenStmt
FN:607,visitEnumStmt
FN:611,ikuEnum
FN:617,jenenge
FN:623,nilai
FN:629,kabeh
FN:630,toString
FN:639,visitMetoknoStmt
FN:659,visitJupuknoStmt
FN:677,visitMatchStmt
FN:713,matchPattern
FN:761,visitAssignExpr
FN:777,visitBinaryExpr
FN:803,visitPostfixExpr
FN:812,visitLogicalExpr
FN:824,visitTernaryExpr
FN:832,visitCallExpr
FN:849,visitGetExpr
FN:865,results
FN:874,i
FN:885,i
FN:892,i
FN:900,arr
FN:908,start
FN:923,i
FN:935,i
FN:943,d
FN:951,result
FN:954,flatten
FN:965,val
FN:984,visitSetExpr
FN:1001,visitThisExpr
FN:1003,visitGroupingExpr
FN:1004,visitLiteralExpr
FN:1005,visitUnaryExpr
FN:1016,visitVariableExpr
FN:1018,visitArrayLiteralExpr
FN:1026,visitObjectLiteralExpr
FN:1034,visitRangeExpr
FN:1044,next
FN:1052,visitTupleExpr
FN:1060,visitTemplateLiteralExpr
FN:1071,visitTaggedTemplateExpr
FNF:73
FNH:66
FNDA:67,Interpreter
FNDA:0,destroy
FNDA:67,interpret
FNDA:2,loadModule
FNDA:928,execute
FNDA:2382,evaluate
FNDA:136,visitBlockStmt
FNDA:173,executeBlock
FNDA:41,visitExpressionStmt
FNDA:38,visitGaweStmt
FNDA:3,visitWangunStmt
FNDA:15,visitKelasStmt
FNDA:3,visitStrukturStmt
FNDA:68,visitLekStmt
FNDA:380,visitCetaknoStmt
FNDA:29,visitBaleknoStmt
FNDA:159,visitVarStmt
FNDA:2,visitSelagiStmt
FNDA:17,visitKanggoStmt
FNDA:9,visitLabeledStmt
FNDA:7,visitMandekStmt
FNDA:4,visitLanjutnoStmt
FNDA:5,visitNgenteniStmt
FNDA:0,_callValue
FNDA:8,visitForOfStmt
FNDA:0,visitRentangStmt
FNDA:7,toIterable
FNDA:0,visitCommandStmt
FNDA:2,visitPilihStmt
FNDA:3,visitCobakStmt
FNDA:1,visitUncalenStmt
FNDA:1,visitEnumStmt
FNDA:1,ikuEnum
FNDA:1,jenenge
FNDA:1,nilai
FNDA:0,kabeh
FNDA:0,toString
FNDA:4,visitMetoknoStmt
FNDA:2,visitJupuknoStmt
FNDA:8,visitMatchStmt
FNDA:32,matchPattern
FNDA:54,visitAssignExpr
FNDA:434,visitBinaryExpr
FNDA:9,visitPostfixExpr
FNDA:20,visitLogicalExpr
FNDA:11,visitTernaryExpr
FNDA:113,visitCallExpr
FNDA:114,visitGetExpr
FNDA:2,results
FNDA:1,i
FNDA:0,i
FNDA:1,i
FNDA:1,arr
FNDA:1,start
FNDA:2,i
FNDA:1,i
FNDA:1,d
FNDA:1,result
FNDA:4,flatten
FNDA:1,val
FNDA:6,visitSetExpr
FNDA:9,visitThisExpr
FNDA:6,visitGroupingExpr
FNDA:865,visitLiteralExpr
FNDA:5,visitUnaryExpr
FNDA:674,visitVariableExpr
FNDA:21,visitArrayLiteralExpr
FNDA:8,visitObjectLiteralExpr
FNDA:3,visitRangeExpr
FNDA:22,next
FNDA:4,visitTupleExpr
FNDA:8,visitTemplateLiteralExpr
FNDA:1,visitTaggedTemplateExpr
DA:1,1
DA:2,1
DA:3,1
DA:4,1
DA:5,1
DA:6,1
DA:7,1
DA:8,1
DA:9,1
DA:10,1
DA:11,1
DA:12,1
DA:13,1
DA:14,1
DA:15,67
DA:16,67
DA:17,67
DA:18,67
DA:19,67
DA:20,67
DA:21,67
DA:22,67
DA:23,67
DA:24,67
DA:25,67
DA:26,67
DA:27,1
DA:28,1
DA:29,0
DA:30,0
DA:31,0
DA:32,0
DA:33,0
DA:34,0
DA:35,0
DA:36,1
DA:37,1
DA:38,67
DA:39,67
DA:40,542
DA:41,515
DA:42,67
DA:43,27
DA:44,27
DA:45,27
DA:46,0
DA:47,0
DA:48,27
DA:49,67
DA:50,1
DA:51,1
DA:52,2
DA:53,0
DA:54,0
DA:55,2
DA:56,2
DA:57,2
DA:58,2
DA:59,2
DA:60,2
DA:61,2
DA:62,2
DA:63,1
DA:64,1
DA:65,2
DA:66,0
DA:67,0
DA:68,2
DA:69,1
DA:70,1
DA:71,1
DA:72,1
DA:73,1
DA:74,1
DA:75,1
DA:76,1
DA:77,1
DA:78,1
DA:79,1
DA:80,1
DA:81,1
DA:82,1
DA:83,1
DA:84,1
DA:85,0
DA:86,1
DA:87,1
DA:88,0
DA:89,1
DA:90,1
DA:91,2
DA:92,4
DA:93,4
DA:94,1
DA:95,1
DA:96,1
DA:97,1
DA:98,1
DA:99,2
DA:100,0
DA:101,0
DA:102,0
DA:103,0
DA:104,0
DA:105,0
DA:106,0
DA:107,0
DA:108,1
DA:109,2
DA:110,1
DA:111,1
DA:112,1
DA:113,1
DA:114,1
DA:115,136
DA:116,99
DA:117,136
DA:118,1
DA:119,1
DA:120,173
DA:121,173
DA:122,173
DA:123,173
DA:124,221
DA:125,156
DA:126,173
DA:127,173
DA:128,173
DA:129,173
DA:130,1
DA:131,1
DA:132,41
DA:133,36
DA:134,41
DA:135,1
DA:136,1
DA:137,38
DA:138,38
DA:139,21
DA:140,21
DA:141,38
DA:142,38
DA:143,1
DA:144,1
DA:145,3
DA:146,3
DA:147,3
DA:148,4
DA:149,4
DA:150,4
DA:151,3
DA:152,3
DA:153,0
DA:154,0
DA:155,0
DA:156,3
DA:157,3
DA:158,3
DA:159,3
DA:160,3
DA:161,1
DA:162,1
DA:163,15
DA:164,15
DA:165,4
DA:166,4
DA:167,0
DA:168,0
DA:169,4
DA:170,1
DA:171,1
DA:172,4
DA:173,14
DA:174,14
DA:175,14
DA:176,15
DA:177,4
DA:178,4
DA:179,0
DA:180,0
DA:181,4
DA:182,4
DA:183,14
DA:184,14
DA:185,14
DA:186,15
DA:187,3
DA:188,3
DA:189,3
DA:190,14
DA:191,14
DA:192,15
DA:193,21
DA:194,21
DA:195,21
DA:196,21
DA:197,14
DA:198,14
DA:199,14
DA:200,14
DA:201,15
DA:202,3
DA:203,3
DA:204,0
DA:205,0
DA:206,3
DA:207,3
DA:208,14
DA:209,14
DA:210,15
DA:211,4
DA:212,6
DA:213,0
DA:214,0
DA:215,6
DA:216,4
DA:217,0
DA:218,0
DA:219,0
DA:220,0
DA:221,0
DA:222,4
DA:223,14
DA:224,14
DA:225,14
DA:226,14
DA:227,15
DA:228,3
DA:229,3
DA:230,14
DA:231,14
DA:232,14
DA:233,15
DA:234,1
DA:235,1
DA:236,3
DA:237,3
DA:238,3
DA:239,3
DA:240,1
DA:241,1
DA:242,68
DA:243,30
DA:244,68
DA:245,38
DA:246,1
DA:247,1
DA:248,1
DA:249,1
DA:250,1
DA:251,38
DA:252,2
DA:253,2
DA:254,38
DA:255,57
DA:256,68
DA:257,1
DA:258,1
DA:259,380
DA:260,380
DA:261,435
DA:262,423
DA:263,368
DA:264,368
DA:265,380
DA:266,1
DA:267,1
DA:268,29
DA:269,29
DA:270,27
DA:271,29
DA:272,1
DA:273,1
DA:274,159
DA:275,159
DA:276,159
DA:277,153
DA:278,153
DA:279,159
DA:280,3
DA:281,4
DA:282,4
DA:283,1
DA:284,1
DA:285,4
DA:286,4
DA:287,159
DA:288,1
DA:289,2
DA:290,2
DA:291,2
DA:292,150
DA:293,149
DA:294,149
DA:295,153
DA:296,159
DA:297,1
DA:298,1
DA:299,2
DA:300,2
DA:301,6
DA:302,6
DA:303,6
DA:304,6
DA:305,1
DA:306,1
DA:307,0
DA:308,0
DA:309,0
DA:310,0
DA:311,0
DA:312,0
DA:313,0
DA:314,0
DA:315,6
DA:316,2
DA:317,0
DA:318,0
DA:319,0
DA:320,0
DA:321,0
DA:322,0
DA:323,1
DA:324,2
DA:325,1
DA:326,1
DA:327,17
DA:328,17
DA:329,17
DA:330,17
DA:331,17
DA:332,50
DA:333,50
DA:334,50
DA:335,50
DA:336,13
DA:337,6
DA:338,3
DA:339,3
DA:340,7
DA:341,7
DA:342,4
DA:343,4
DA:344,4
DA:345,3
DA:346,3
DA:347,0
DA:348,0
DA:349,37
DA:350,50
DA:351,17
DA:352,17
DA:353,17
DA:354,11
DA:355,17
DA:356,1
DA:357,1
DA:358,9
DA:359,9
DA:360,9
DA:361,8
DA:362,8
DA:363,9
DA:364,9
DA:365,1
DA:366,1
DA:367,1
DA:368,0
DA:369,0
DA:370,8
DA:371,9
DA:372,1
DA:373,1
DA:374,1
DA:375,1
DA:376,1
DA:377,5
DA:378,5
DA:379,0
DA:380,0
DA:381,5
DA:382,5
DA:383,5
DA:384,3
DA:385,3
DA:386,3
DA:387,3
DA:388,3
DA:389,3
DA:390,3
DA:391,5
DA:392,2
DA:393,2
DA:394,5
DA:395,5
DA:396,5
DA:397,5
DA:398,5
DA:399,5
DA:400,5
DA:401,5
DA:402,5
DA:403,5
DA:404,1
DA:405,1
DA:406,0
DA:407,0
DA:408,0
DA:409,0
DA:410,1
DA:411,1
DA:412,8
DA:413,7
DA:414,8
DA:415,0
DA:416,0
DA:417,0
DA:418,0
DA:419,0
DA:420,0
DA:421,0
DA:422,0
DA:423,0
DA:424,0
DA:425,0
DA:426,0
DA:427,0
DA:428,0
DA:429,0
DA:430,0
DA:431,0
DA:432,0
DA:433,0
DA:434,0
DA:435,0
DA:436,0
DA:437,0
DA:438,0
DA:439,0
DA:440,0
DA:441,0
DA:442,0
DA:443,0
DA:444,0
DA:445,0
DA:446,0
DA:447,0
DA:448,0
DA:449,0
DA:450,0
DA:451,0
DA:452,0
DA:453,0
DA:454,7
DA:455,7
DA:456,7
DA:457,7
DA:458,7
DA:459,8
DA:460,32
DA:461,32
DA:462,32
DA:463,32
DA:464,32
DA:465,32
DA:466,1
DA:467,1
DA:468,0
DA:469,0
DA:470,0
DA:471,0
DA:472,0
DA:473,0
DA:474,0
DA:475,0
DA:476,32
DA:477,8
DA:478,7
DA:479,7
DA:480,6
DA:481,8
DA:482,1
DA:483,1
DA:484,0
DA:485,0
DA:486,0
DA:487,0
DA:488,0
DA:489,0
DA:490,0
DA:491,0
DA:492,0
DA:493,0
DA:494,0
DA:495,0
DA:496,0
DA:497,0
DA:498,0
DA:499,0
DA:500,0
DA:501,0
DA:502,0
DA:503,0
DA:504,0
DA:505,0
DA:506,0
DA:507,0
DA:508,0
DA:509,0
DA:510,0
DA:511,0
DA:512,0
DA:513,0
DA:514,0
DA:515,0
DA:516,0
DA:517,0
DA:518,0
DA:519,0
DA:520,0
DA:521,0
DA:522,0
DA:523,0
DA:524,0
DA:525,0
DA:526,0
DA:527,0
DA:528,0
DA:529,0
DA:530,0
DA:531,0
DA:532,0
DA:533,0
DA:534,0
DA:535,0
DA:536,0
DA:537,1
DA:538,1
DA:539,7
DA:540,7
DA:541,7
DA:542,7
DA:543,7
DA:544,1
DA:545,1
DA:546,1
DA:547,1
DA:548,1
DA:549,0
DA:550,7
DA:551,1
DA:552,1
DA:553,0
DA:554,0
DA:555,0
DA:556,0
DA:557,0
DA:558,0
DA:559,0
DA:560,0
DA:561,1
DA:562,1
DA:563,2
DA:564,2
DA:565,2
DA:566,5
DA:567,2
DA:568,2
DA:569,1
DA:570,1
DA:571,1
DA:572,1
DA:573,0
DA:574,0
DA:575,2
DA:576,5
DA:577,2
DA:578,0
DA:579,0
DA:580,2
DA:581,2
DA:582,1
DA:583,1
DA:584,3
DA:585,3
DA:586,3
DA:587,2
DA:588,2
DA:589,2
DA:590,2
DA:591,2
DA:592,0
DA:593,0
DA:594,3
DA:595,3
DA:596,1
DA:597,1
DA:598,3
DA:599,3
DA:600,3
DA:601,1
DA:602,1
DA:603,1
DA:604,1
DA:605,1
DA:606,1
DA:607,1
DA:608,1
DA:609,1
DA:610,1
DA:611,1
DA:612,1
DA:613,2
DA:614,2
DA:615,0
DA:616,1
DA:617,1
DA:618,1
DA:619,4
DA:620,4
DA:621,0
DA:622,1
DA:623,1
DA:624,1
DA:625,5
DA:626,5
DA:627,0
DA:628,1
DA:629,1
DA:630,1
DA:631,1
DA:632,1
DA:633,5
DA:634,5
DA:635,1
DA:636,1
DA:637,1
DA:638,1
DA:639,1
DA:640,4
DA:641,3
DA:642,8
DA:643,8
DA:644,8
DA:645,8
DA:646,8
DA:647,4
DA:648,0
DA:649,0
DA:650,1
DA:651,1
DA:652,1
DA:653,1
DA:654,1
DA:655,0
DA:656,3
DA:657,4
DA:658,1
DA:659,1
DA:660,2
DA:661,1
DA:662,1
DA:663,3
DA:664,3
DA:665,3
DA:666,3
DA:667,2
DA:668,0
DA:669,0
DA:670,0
DA:671,0
DA:672,0
DA:673,0
DA:674,1
DA:675,2
DA:676,1
DA:677,1
DA:678,8
DA:679,8
DA:680,21
DA:681,28
DA:682,28
DA:683,11
DA:684,5
DA:685,5
DA:686,5
DA:687,5
DA:688,5
DA:689,5
DA:690,5
DA:691,5
DA:692,5
DA:693,8
DA:694,8
DA:695,8
DA:696,8
DA:697,8
DA:698,8
DA:699,8
DA:700,11
DA:701,8
DA:702,8
DA:703,0
DA:704,0
DA:705,28
DA:706,13
DA:707,0
DA:708,0
DA:709,0
DA:710,0
DA:711,8
DA:712,1
DA:713,1
DA:714,32
DA:715,32
DA:716,32
DA:717,16
DA:718,14
DA:719,14
DA:720,6
DA:721,6
DA:722,6
DA:723,1
DA:724,1
DA:725,1
DA:726,1
DA:727,1
DA:728,1
DA:729,1
DA:730,1
DA:731,1
DA:732,1
DA:733,0
DA:734,0
DA:735,1
DA:736,6
DA:737,5
DA:738,2
DA:739,5
DA:740,3
DA:741,3
DA:742,3
DA:743,3
DA:744,2
DA:745,2
DA:746,6
DA:747,0
DA:748,0
DA:749,0
DA:750,0
DA:751,0
DA:752,0
DA:753,0
DA:754,0
DA:755,0
DA:756,0
DA:757,0
DA:758,0
DA:759,32
DA:760,1
DA:761,1
DA:762,54
DA:763,54
DA:764,54
DA:765,54
DA:766,54
DA:767,54
DA:768,54
DA:769,54
DA:770,54
DA:771,54
DA:772,54
DA:773,54
DA:774,54
DA:775,54
DA:776,1
DA:777,1
DA:778,434
DA:779,433
DA:780,426
DA:781,426
DA:782,434
DA:783,434
DA:784,434
DA:785,434
DA:786,434
DA:787,434
DA:788,434
DA:789,434
DA:790,434
DA:791,434
DA:792,216
DA:793,216
DA:794,0
DA:795,434
DA:796,434
DA:797,434
DA:798,434
DA:799,434
DA:800,0
DA:801,434
DA:802,1
DA:803,1
DA:804,9
DA:805,9
DA:806,9
DA:807,9
DA:808,9
DA:809,0
DA:810,9
DA:811,1
DA:812,1
DA:813,20
DA:814,20
DA:815,2
DA:816,20
DA:817,14
DA:818,18
DA:819,4
DA:820,4
DA:821,7
DA:822,20
DA:823,1
DA:824,1
DA:825,11
DA:826,6
DA:827,11
DA:828,5
DA:829,5
DA:830,11
DA:831,1
DA:832,1
DA:833,113
DA:834,107
DA:835,113
DA:836,86
DA:837,86
DA:838,13
DA:839,86
DA:840,72
DA:841,72
DA:842,86
DA:843,113
DA:844,113
DA:845,113
DA:846,48
DA:847,113
DA:848,1
DA:849,1
DA:850,114
DA:851,110
DA:852,110
DA:853,114
DA:854,114
DA:855,114
DA:856,15
DA:857,15
DA:858,15
DA:859,114
DA:860,93
DA:861,81
DA:862,81
DA:863,93
DA:864,23
DA:865,2
DA:866,2
DA:867,2
DA:868,9
DA:869,9
DA:870,2
DA:871,2
DA:872,2
DA:873,23
DA:874,1
DA:875,1
DA:876,1
DA:877,5
DA:878,2
DA:879,2
DA:880,5
DA:881,1
DA:882,1
DA:883,1
DA:884,23
DA:885,0
DA:886,0
DA:887,0
DA:888,0
DA:889,0
DA:890,0
DA:891,23
DA:892,1
DA:893,1
DA:894,5
DA:895,5
DA:896,0
DA:897,1
DA:898,1
DA:899,23
DA:900,1
DA:901,1
DA:902,5
DA:903,5
DA:904,1
DA:905,1
DA:906,1
DA:907,23
DA:908,1
DA:909,1
DA:910,1
DA:911,1
DA:912,5
DA:913,10
DA:914,10
DA:915,4
DA:916,4
DA:917,10
DA:918,5
DA:919,1
DA:920,1
DA:921,1
DA:922,23
DA:923,2
DA:924,2
DA:925,2
DA:926,2
DA:927,1
DA:928,2
DA:929,17
DA:930,17
DA:931,2
DA:932,2
DA:933,2
DA:934,23
DA:935,1
DA:936,1
DA:937,6
DA:938,6
DA:939,0
DA:940,1
DA:941,1
DA:942,23
DA:943,1
DA:944,1
DA:945,7
DA:946,7
DA:947,0
DA:948,1
DA:949,1
DA:950,23
DA:951,1
DA:952,1
DA:953,1
DA:954,1
DA:955,4
DA:956,8
DA:957,5
DA:958,8
DA:959,1
DA:960,1
DA:961,1
DA:962,1
DA:963,1
DA:964,23
DA:965,1
DA:966,1
DA:967,1
DA:968,3
DA:969,3
DA:970,0
DA:971,3
DA:972,1
DA:973,1
DA:974,1
DA:975,23
DA:976,69
DA:977,69
DA:978,93
DA:979,36
DA:980,36
DA:981,2
DA:982,114
DA:983,1
DA:984,1
DA:985,6
DA:986,6
DA:987,6
DA:988,6
DA:989,4
DA:990,4
DA:991,4
DA:992,4
DA:993,6
DA:994,2
DA:995,1
DA:996,1
DA:997,1
DA:998,0
DA:999,6
DA:1000,1
DA:1001,1
DA:1002,1
DA:1003,1
DA:1004,1
DA:1005,1
DA:1006,5
DA:1007,5
DA:1008,5
DA:1009,5
DA:1010,5
DA:1011,5
DA:1012,5
DA:1013,5
DA:1014,0
DA:1015,5
DA:1016,1
DA:1017,1
DA:1018,1
DA:1019,21
DA:1020,21
DA:1021,71
DA:1022,71
DA:1023,21
DA:1024,21
DA:1025,1
DA:1026,1
DA:1027,8
DA:1028,8
DA:1029,19
DA:1030,19
DA:1031,8
DA:1032,8
DA:1033,1
DA:1034,1
DA:1035,3
DA:1036,3
DA:1037,3
DA:1038,0
DA:1039,0
DA:1040,3
DA:1041,3
DA:1042,3
DA:1043,3
DA:1044,3
DA:1045,22
DA:1046,22
DA:1047,19
DA:1048,22
DA:1049,3
DA:1050,3
DA:1051,1
DA:1052,1
DA:1053,4
DA:1054,4
DA:1055,9
DA:1056,9
DA:1057,4
DA:1058,4
DA:1059,1
DA:1060,1
DA:1061,8
DA:1062,8
DA:1063,0
DA:1064,0
DA:1065,0
DA:1066,0
DA:1067,8
DA:1068,8
DA:1069,8
DA:1070,1
DA:1071,1
DA:1072,1
DA:1073,1
DA:1074,1
DA:1075,1
DA:1076,1
DA:1077,0
DA:1078,0
DA:1079,1
DA:1080,0
DA:1081,0
DA:1082,1
DA:1083,1
DA:1084,1
DA:1085,0
DA:1086,1
DA:1087,1
LF:1087
LH:851
BRDA:1,0,0,1
BRDA:14,1,0,67
BRDA:17,2,0,0
BRDA:18,3,0,0
BRDA:37,4,0,67
BRDA:39,5,0,542
BRDA:41,6,0,515
BRDA:42,7,0,40
BRDA:42,8,0,27
BRDA:45,9,0,0
BRDA:51,10,0,2
BRDA:52,11,0,0
BRDA:62,12,0,1
BRDA:65,13,0,0
BRDA:68,14,0,1
BRDA:91,15,0,4
BRDA:94,16,0,1
BRDA:99,17,0,0
BRDA:99,18,0,0
BRDA:108,19,0,1
BRDA:111,20,0,928
BRDA:112,21,0,2382
BRDA:114,22,0,136
BRDA:116,23,0,99
BRDA:119,24,0,173
BRDA:123,25,0,221
BRDA:125,26,0,156
BRDA:126,27,0,108
BRDA:131,28,0,41
BRDA:133,29,0,36
BRDA:136,30,0,38
BRDA:138,31,0,21
BRDA:144,32,0,3
BRDA:147,33,0,4
BRDA:149,34,0,1
BRDA:162,35,0,15
BRDA:164,36,0,4
BRDA:166,37,0,0
BRDA:169,38,0,1
BRDA:173,39,0,14
BRDA:176,40,0,4
BRDA:178,41,0,0
BRDA:183,42,0,14
BRDA:186,43,0,3
BRDA:190,44,0,14
BRDA:192,45,0,21
BRDA:197,46,0,14
BRDA:201,47,0,3
BRDA:203,48,0,2
BRDA:203,49,0,0
BRDA:208,50,0,14
BRDA:210,51,0,4
BRDA:211,52,0,6
BRDA:212,53,0,0
BRDA:216,54,0,0
BRDA:223,55,0,14
BRDA:227,56,0,3
BRDA:230,57,0,14
BRDA:235,58,0,3
BRDA:236,59,0,5
BRDA:241,60,0,68
BRDA:242,61,0,30
BRDA:244,62,0,20
BRDA:244,63,0,38
BRDA:245,64,0,1
BRDA:251,65,0,37
BRDA:251,66,0,2
BRDA:255,67,0,57
BRDA:258,68,0,380
BRDA:260,69,0,435
BRDA:261,70,0,423
BRDA:263,71,0,368
BRDA:263,72,0,421
BRDA:267,73,0,29
BRDA:270,74,0,27
BRDA:273,75,0,159
BRDA:277,76,0,153
BRDA:279,77,0,3
BRDA:280,78,0,4
BRDA:282,79,0,1
BRDA:282,80,0,1
BRDA:287,81,0,150
BRDA:287,82,0,1
BRDA:288,83,0,2
BRDA:292,84,0,149
BRDA:295,85,0,153
BRDA:298,86,0,2
BRDA:300,87,0,7
BRDA:300,88,0,6
BRDA:301,89,0,0
BRDA:304,90,0,5
BRDA:304,91,0,1
BRDA:307,92,0,0
BRDA:316,93,0,0
BRDA:323,94,0,1
BRDA:326,95,0,17
BRDA:331,96,0,58
BRDA:331,97,0,50
BRDA:332,98,0,0
BRDA:335,99,0,37
BRDA:335,100,0,13
BRDA:336,101,0,6
BRDA:337,102,0,5
BRDA:337,103,0,3
BRDA:340,104,0,7
BRDA:341,105,0,6
BRDA:341,106,0,4
BRDA:345,107,0,3
BRDA:347,108,0,0
BRDA:349,109,0,37
BRDA:354,110,0,11
BRDA:357,111,0,9
BRDA:359,112,0,8
BRDA:359,113,0,2
BRDA:360,114,0,1
BRDA:360,115,0,8
BRDA:364,116,0,8
BRDA:364,117,0,1
BRDA:365,118,0,0
BRDA:368,119,0,0
BRDA:370,120,0,8
BRDA:373,121,0,7
BRDA:373,122,0,5
BRDA:373,123,0,2
BRDA:374,124,0,4
BRDA:374,125,0,3
BRDA:374,126,0,1
BRDA:376,127,0,5
BRDA:378,128,0,0
BRDA:383,129,0,3
BRDA:387,130,0,0
BRDA:388,131,0,0
BRDA:389,132,0,0
BRDA:391,133,0,2
BRDA:395,134,0,5
BRDA:396,135,0,5
BRDA:411,136,0,8
BRDA:413,137,0,7
BRDA:414,138,0,0
BRDA:454,139,0,7
BRDA:459,140,0,32
BRDA:460,141,0,0
BRDA:462,142,0,0
BRDA:465,143,0,31
BRDA:465,144,0,1
BRDA:468,145,0,0
BRDA:477,146,0,6
BRDA:477,147,0,7
BRDA:480,148,0,6
BRDA:538,149,0,7
BRDA:539,150,0,0
BRDA:540,151,0,2
BRDA:541,152,0,5
BRDA:541,153,0,1
BRDA:542,154,0,4
BRDA:542,155,0,3
BRDA:543,156,0,1
BRDA:543,157,0,0
BRDA:544,158,0,1
BRDA:546,159,0,0
BRDA:549,160,0,0
BRDA:562,161,0,2
BRDA:565,162,0,5
BRDA:566,163,0,2
BRDA:569,164,0,1
BRDA:573,165,0,0
BRDA:577,166,0,0
BRDA:577,167,0,0
BRDA:583,168,0,3
BRDA:586,169,0,1
BRDA:586,170,0,2
BRDA:589,171,0,1
BRDA:591,172,0,0
BRDA:595,173,0,1
BRDA:602,174,0,1
BRDA:607,175,0,1
BRDA:632,176,0,5
BRDA:611,177,0,1
BRDA:612,178,0,2
BRDA:613,179,0,1
BRDA:615,180,0,0
BRDA:617,181,0,1
BRDA:618,182,0,4
BRDA:619,183,0,1
BRDA:621,184,0,0
BRDA:623,185,0,1
BRDA:624,186,0,5
BRDA:625,187,0,1
BRDA:627,188,0,0
BRDA:639,189,0,4
BRDA:640,190,0,3
BRDA:641,191,0,8
BRDA:645,192,0,5
BRDA:647,193,0,1
BRDA:647,194,0,0
BRDA:655,195,0,0
BRDA:656,196,0,3
BRDA:659,197,0,2
BRDA:661,198,0,1
BRDA:662,199,0,3
BRDA:667,200,0,0
BRDA:674,201,0,1
BRDA:677,202,0,8
BRDA:679,203,0,21
BRDA:680,204,0,28
BRDA:682,205,0,11
BRDA:683,206,0,5
BRDA:691,207,0,3
BRDA:693,208,0,8
BRDA:700,209,0,0
BRDA:700,210,0,8
BRDA:703,211,0,0
BRDA:706,212,0,13
BRDA:707,213,0,0
BRDA:713,214,0,32
BRDA:714,215,0,0
BRDA:715,216,0,10
BRDA:716,217,0,22
BRDA:716,218,0,16
BRDA:717,219,0,2
BRDA:718,220,0,14
BRDA:720,221,0,6
BRDA:721,222,0,0
BRDA:722,223,0,1
BRDA:723,224,0,0
BRDA:727,225,0,0
BRDA:732,226,0,0
BRDA:736,227,0,5
BRDA:737,228,0,3
BRDA:738,229,0,2
BRDA:739,230,0,3
BRDA:741,231,0,0
BRDA:744,232,0,2
BRDA:747,233,0,0
BRDA:761,234,0,54
BRDA:766,235,0,3
BRDA:767,236,0,1
BRDA:768,237,0,1
BRDA:769,238,0,1
BRDA:770,239,0,1
BRDA:777,240,0,434
BRDA:779,241,0,433
BRDA:780,242,0,426
BRDA:782,243,0,30
BRDA:783,244,0,6
BRDA:784,245,0,74
BRDA:785,246,0,1
BRDA:786,247,0,1
BRDA:787,248,0,10
BRDA:788,249,0,1
BRDA:789,250,0,51
BRDA:790,251,0,11
BRDA:791,252,0,216
BRDA:792,253,0,62
BRDA:792,254,0,62
BRDA:793,255,0,154
BRDA:793,256,0,0
BRDA:793,257,0,154
BRDA:794,258,0,0
BRDA:795,259,0,2
BRDA:796,260,0,21
BRDA:797,261,0,1
BRDA:798,262,0,1
BRDA:800,263,0,0
BRDA:803,264,0,9
BRDA:806,265,0,6
BRDA:806,266,0,4
BRDA:807,267,0,3
BRDA:807,268,0,2
BRDA:809,269,0,0
BRDA:812,270,0,20
BRDA:814,271,0,2
BRDA:816,272,0,18
BRDA:816,273,0,14
BRDA:817,274,0,9
BRDA:818,275,0,4
BRDA:819,276,0,3
BRDA:819,277,0,2
BRDA:821,278,0,7
BRDA:824,279,0,11
BRDA:825,280,0,6
BRDA:827,281,0,5
BRDA:832,282,0,113
BRDA:834,283,0,107
BRDA:835,284,0,86
BRDA:837,285,0,85
BRDA:837,286,0,13
BRDA:839,287,0,72
BRDA:843,288,0,106
BRDA:843,289,0,52
BRDA:844,290,0,54
BRDA:844,291,0,0
BRDA:845,292,0,48
BRDA:845,293,0,0
BRDA:846,294,0,48
BRDA:838,295,0,69
BRDA:849,296,0,114
BRDA:851,297,0,110
BRDA:853,298,0,62
BRDA:855,299,0,15
BRDA:856,300,0,0
BRDA:859,301,0,95
BRDA:859,302,0,93
BRDA:860,303,0,12
BRDA:861,304,0,81
BRDA:863,305,0,23
BRDA:864,306,0,2
BRDA:873,307,0,21
BRDA:873,308,0,1
BRDA:884,309,0,20
BRDA:884,310,0,0
BRDA:891,311,0,20
BRDA:891,312,0,1
BRDA:899,313,0,19
BRDA:899,314,0,1
BRDA:907,315,0,18
BRDA:907,316,0,1
BRDA:922,317,0,17
BRDA:922,318,0,2
BRDA:934,319,0,15
BRDA:934,320,0,1
BRDA:942,321,0,14
BRDA:942,322,0,1
BRDA:950,323,0,13
BRDA:950,324,0,1
BRDA:964,325,0,12
BRDA:964,326,0,1
BRDA:976,327,0,69
BRDA:978,328,0,33
BRDA:979,329,0,36
BRDA:981,330,0,2
BRDA:865,331,0,2
BRDA:867,332,0,9
BRDA:874,333,0,1
BRDA:876,334,0,5
BRDA:877,335,0,2
BRDA:892,336,0,1
BRDA:893,337,0,5
BRDA:894,338,0,1
BRDA:896,339,0,0
BRDA:900,340,0,1
BRDA:901,341,0,5
BRDA:902,342,0,0
BRDA:908,343,0,1
BRDA:911,344,0,5
BRDA:912,345,0,10
BRDA:913,346,0,0
BRDA:914,347,0,4
BRDA:923,348,0,2
BRDA:926,349,0,1
BRDA:928,350,0,17
BRDA:935,351,0,1
BRDA:936,352,0,6
BRDA:937,353,0,1
BRDA:939,354,0,0
BRDA:943,355,0,1
BRDA:944,356,0,7
BRDA:945,357,0,1
BRDA:947,358,0,0
BRDA:951,359,0,1
BRDA:952,360,0,0
BRDA:954,361,0,4
BRDA:955,362,0,8
BRDA:956,363,0,3
BRDA:956,364,0,3
BRDA:957,365,0,5
BRDA:965,366,0,1
BRDA:967,367,0,3
BRDA:970,368,0,0
BRDA:984,369,0,6
BRDA:988,370,0,4
BRDA:989,371,0,0
BRDA:993,372,0,2
BRDA:993,373,0,2
BRDA:994,374,0,1
BRDA:998,375,0,0
BRDA:1001,376,0,9
BRDA:1003,377,0,6
BRDA:1004,378,0,865
BRDA:1005,379,0,5
BRDA:1008,380,0,0
BRDA:1009,381,0,2
BRDA:1010,382,0,1
BRDA:1011,383,0,2
BRDA:1012,384,0,0
BRDA:1014,385,0,0
BRDA:1016,386,0,674
BRDA:1018,387,0,21
BRDA:1020,388,0,71
BRDA:1026,389,0,8
BRDA:1028,390,0,19
BRDA:1034,391,0,3
BRDA:1037,392,0,0
BRDA:1041,393,0,0
BRDA:1043,394,0,3
BRDA:1044,395,0,22
BRDA:1045,396,0,3
BRDA:1046,397,0,3
BRDA:1047,398,0,19
BRDA:1052,399,0,4
BRDA:1054,400,0,9
BRDA:1060,401,0,8
BRDA:1062,402,0,0
BRDA:1071,403,0,1
BRDA:1076,404,0,0
BRDA:1079,405,0,0
BRDA:1085,406,0,0
BRF:407
BRH:330
end_of_record
TN:
SF:src/lexer.js
FN:4,Token
FN:31,Lexer
FN:40,scanTokens
FN:49,scanToken
FN:155,identifier
FN:200,rawString
FN:212,regex
FN:239,number
FN:249,template
FN:284,string
FN:308,match
FN:315,peek
FN:320,peekNext
FN:325,isAlpha
FN:329,isAlphaNumeric
FN:333,isDigit
FN:337,isAtEnd
FN:341,advance
FN:345,addToken
FNF:19
FNH:19
FNDA:7481,Token
FNDA:207,Lexer
FNDA:207,scanTokens
FNDA:12875,scanToken
FNDA:3769,identifier
FNDA:6,rawString
FNDA:8,regex
FNDA:457,number
FNDA:19,template
FNDA:530,string
FNDA:663,match
FNDA:54341,peek
FNDA:44,peekNext
FNDA:48938,isAlpha
FNDA:45103,isAlphaNumeric
FNDA:14729,isDigit
FNDA:83981,isAtEnd
FNDA:45494,advance
FNDA:7281,addToken
DA:1,3
DA:2,3
DA:3,3
DA:4,3
DA:5,7481
DA:6,7481
DA:7,7481
DA:8,7481
DA:9,7481
DA:10,3
DA:11,3
DA:12,3
DA:13,3
DA:14,3
DA:15,3
DA:16,3
DA:17,3
DA:18,3
DA:19,3
DA:20,3
DA:21,3
DA:22,3
DA:23,3
DA:24,3
DA:25,3
DA:26,3
DA:27,3
DA:28,3
DA:29,3
DA:30,3
DA:31,3
DA:32,207
DA:33,207
DA:34,207
DA:35,207
DA:36,207
DA:37,207
DA:38,207
DA:39,3
DA:40,3
DA:41,207
DA:42,12875
DA:43,12875
DA:44,12875
DA:45,200
DA:46,200
DA:47,207
DA:48,3
DA:49,3
DA:50,12875
DA:51,12875
DA:52,12875
DA:53,12875
DA:54,12875
DA:55,12875
DA:56,12875
DA:57,12875
DA:58,12875
DA:59,12875
DA:60,12875
DA:61,12875
DA:62,12875
DA:63,6
DA:64,0
DA:65,0
DA:66,6
DA:67,6
DA:68,12875
DA:69,136
DA:70,0
DA:71,0
DA:72,136
DA:73,136
DA:74,12875
DA:75,12875
DA:76,263
DA:77,245
DA:78,263
DA:79,2
DA:80,25
DA:81,25
DA:82,18
DA:83,7
DA:84,7
DA:85,7
DA:86,7
DA:87,7
DA:88,7
DA:89,3
DA:90,3
DA:91,3
DA:92,3
DA:93,1
DA:94,1
DA:95,3
DA:96,2
DA:97,1
DA:98,2
DA:99,7
DA:100,4
DA:101,4
DA:102,4
DA:103,4
DA:104,4
DA:105,0
DA:106,0
DA:107,4
DA:108,16
DA:109,3
DA:110,7
DA:111,6
DA:112,6
DA:113,262
DA:114,12875
DA:115,12875
DA:116,12875
DA:117,12875
DA:118,0
DA:119,0
DA:120,0
DA:121,0
DA:122,0
DA:123,12875
DA:124,2
DA:125,1
DA:126,1
DA:127,1
DA:128,1
DA:129,1
DA:130,12875
DA:131,12875
DA:132,12875
DA:133,12875
DA:134,3736
DA:135,12875
DA:136,1604
DA:137,1604
DA:138,12875
DA:139,12875
DA:140,530
DA:141,12875
DA:142,19
DA:143,12875
DA:144,4227
DA:145,457
DA:146,4227
DA:147,3769
DA:148,3770
DA:149,1
DA:150,1
DA:151,4225
DA:152,12875
DA:153,12875
DA:154,3
DA:155,3
DA:156,3769
DA:157,3769
DA:158,3769
DA:159,3769
DA:160,3769
DA:161,6
DA:162,6
DA:163,6
DA:164,3763
DA:165,3763
DA:166,3763
DA:167,3763
DA:168,3763
DA:169,3763
DA:170,3763
DA:171,3763
DA:172,3763
DA:173,3769
DA:174,4929
DA:175,4929
DA:176,4929
DA:177,4929
DA:178,4929
DA:179,4453
DA:180,4453
DA:181,4929
DA:182,108
DA:183,108
DA:184,4929
DA:185,4345
DA:186,4345
DA:187,4345
DA:188,4929
DA:189,3763
DA:190,3763
DA:191,3769
DA:192,1422
DA:193,0
DA:194,0
DA:195,1422
DA:196,1422
DA:197,3763
DA:198,3769
DA:199,3
DA:200,3
DA:201,6
DA:202,6
DA:203,6
DA:204,115
DA:205,115
DA:206,115
DA:207,6
DA:208,5
DA:209,5
DA:210,6
DA:211,3
DA:212,3
DA:213,8
DA:214,8
DA:215,8
DA:216,8
DA:217,50
DA:218,50
DA:219,50
DA:220,3
DA:221,3
DA:222,3
DA:223,3
DA:224,50
DA:225,44
DA:226,41
DA:227,40
DA:228,40
DA:229,8
DA:230,7
DA:231,7
DA:232,7
DA:233,7
DA:234,8
DA:235,0
DA:236,0
DA:237,8
DA:238,3
DA:239,3
DA:240,457
DA:241,457
DA:242,15
DA:243,15
DA:244,15
DA:245,457
DA:246,457
DA:247,457
DA:248,3
DA:249,3
DA:250,19
DA:251,19
DA:252,19
DA:253,19
DA:254,19
DA:255,620
DA:256,4
DA:257,4
DA:258,4
DA:259,4
DA:260,4
DA:261,4
DA:262,4
DA:263,4
DA:264,17
DA:265,17
DA:266,17
DA:267,17
DA:268,4
DA:269,4
DA:270,4
DA:271,620
DA:272,616
DA:273,616
DA:274,616
DA:275,620
DA:276,19
DA:277,19
DA:278,18
DA:279,18
DA:280,18
DA:281,18
DA:282,19
DA:283,3
DA:284,3
DA:285,530
DA:286,530
DA:287,7464
DA:288,7464
DA:289,10
DA:290,10
DA:291,10
DA:292,10
DA:293,10
DA:294,10
DA:295,10
DA:296,10
DA:297,10
DA:298,10
DA:299,7464
DA:300,7454
DA:301,7454
DA:302,7464
DA:303,530
DA:304,529
DA:305,529
DA:306,530
DA:307,3
DA:308,3
DA:309,663
DA:310,663
DA:311,261
DA:312,261
DA:313,663
DA:314,3
DA:315,3
DA:316,54341
DA:317,54191
DA:318,54341
DA:319,3
DA:320,3
DA:321,44
DA:322,44
DA:323,44
DA:324,3
DA:325,3
DA:326,48938
DA:327,48938
DA:328,3
DA:329,3
DA:330,45103
DA:331,45103
DA:332,3
DA:333,3
DA:334,14729
DA:335,14729
DA:336,3
DA:337,3
DA:338,83981
DA:339,83981
DA:340,3
DA:341,3
DA:342,45494
DA:343,45494
DA:344,3
DA:345,3
DA:346,7281
DA:347,7281
DA:348,7281
DA:349,7281
DA:350,7281
DA:351,7281
DA:352,7281
DA:353,7281
DA:354,7281
DA:355,7281
DA:356,7281
DA:357,7281
DA:358,7281
DA:359,7281
DA:360,7281
DA:361,3
LF:361
LH:346
BRDA:1,0,0,3
BRDA:4,1,0,7481
BRDA:31,2,0,207
BRDA:40,3,0,207
BRDA:41,4,0,12875
BRDA:45,5,0,200
BRDA:49,6,0,12875
BRDA:52,7,0,832
BRDA:53,8,0,832
BRDA:54,9,0,0
BRDA:55,10,0,0
BRDA:56,11,0,55
BRDA:57,12,0,55
BRDA:58,13,0,270
BRDA:59,14,0,0
BRDA:60,15,0,56
BRDA:61,16,0,211
BRDA:61,17,0,13
BRDA:61,18,0,198
BRDA:62,19,0,6
BRDA:63,20,0,0
BRDA:68,21,0,136
BRDA:69,22,0,0
BRDA:74,23,0,13
BRDA:75,24,0,263
BRDA:76,25,0,245
BRDA:77,26,0,7044
BRDA:77,27,0,7038
BRDA:78,28,0,18
BRDA:78,29,0,2
BRDA:79,30,0,25
BRDA:80,31,0,1
BRDA:80,32,0,1
BRDA:82,33,0,16
BRDA:82,34,0,7
BRDA:85,35,0,29
BRDA:88,36,0,5
BRDA:88,37,0,3
BRDA:88,38,0,3
BRDA:91,39,0,1
BRDA:91,40,0,0
BRDA:92,41,0,1
BRDA:92,42,0,1
BRDA:95,43,0,2
BRDA:96,44,0,1
BRDA:99,45,0,4
BRDA:104,46,0,0
BRDA:108,47,0,9
BRDA:108,48,0,7
BRDA:108,49,0,3
BRDA:110,50,0,6
BRDA:113,51,0,262
BRDA:114,52,0,1
BRDA:115,53,0,11
BRDA:115,54,0,0
BRDA:116,55,0,16
BRDA:116,56,0,0
BRDA:117,57,0,0
BRDA:123,58,0,2
BRDA:124,59,0,1
BRDA:130,60,0,0
BRDA:131,61,0,3736
BRDA:132,62,0,3736
BRDA:133,63,0,3736
BRDA:135,64,0,1604
BRDA:138,65,0,361
BRDA:139,66,0,530
BRDA:141,67,0,19
BRDA:143,68,0,4227
BRDA:144,69,0,457
BRDA:146,70,0,3770
BRDA:146,71,0,3769
BRDA:148,72,0,1
BRDA:151,73,0,4225
BRDA:155,74,0,3769
BRDA:156,75,0,16413
BRDA:160,76,0,13
BRDA:160,77,0,10
BRDA:160,78,0,6
BRDA:164,79,0,3763
BRDA:173,80,0,4929
BRDA:176,81,0,19989
BRDA:178,82,0,476
BRDA:179,83,0,4453
BRDA:181,84,0,108
BRDA:184,85,0,4345
BRDA:189,86,0,3763
BRDA:191,87,0,1422
BRDA:192,88,0,0
BRDA:197,89,0,3763
BRDA:200,90,0,6
BRDA:203,91,0,116
BRDA:203,92,0,115
BRDA:204,93,0,0
BRDA:207,94,0,5
BRDA:207,95,0,1
BRDA:212,96,0,8
BRDA:216,97,0,50
BRDA:218,98,0,0
BRDA:219,99,0,3
BRDA:224,100,0,47
BRDA:224,101,0,3
BRDA:225,102,0,44
BRDA:225,103,0,3
BRDA:226,104,0,41
BRDA:226,105,0,7
BRDA:226,106,0,7
BRDA:227,107,0,40
BRDA:229,108,0,1
BRDA:230,109,0,7
BRDA:231,110,0,6
BRDA:234,111,0,0
BRDA:239,112,0,457
BRDA:240,113,0,465
BRDA:240,114,0,214
BRDA:241,115,0,21
BRDA:241,116,0,15
BRDA:243,117,0,16
BRDA:243,118,0,37
BRDA:249,119,0,19
BRDA:254,120,0,621
BRDA:254,121,0,620
BRDA:255,122,0,23
BRDA:255,123,0,4
BRDA:263,124,0,17
BRDA:263,125,0,17
BRDA:264,126,0,0
BRDA:265,127,0,4
BRDA:266,128,0,13
BRDA:268,129,0,0
BRDA:271,130,0,616
BRDA:272,131,0,5
BRDA:277,132,0,1
BRDA:278,133,0,18
BRDA:284,134,0,530
BRDA:286,135,0,7465
BRDA:286,136,0,7464
BRDA:287,137,0,0
BRDA:288,138,0,10
BRDA:292,139,0,4
BRDA:293,140,0,1
BRDA:294,141,0,2
BRDA:295,142,0,3
BRDA:296,143,0,0
BRDA:297,144,0,0
BRDA:299,145,0,7454
BRDA:303,146,0,1
BRDA:304,147,0,529
BRDA:308,148,0,663
BRDA:309,149,0,6
BRDA:310,150,0,657
BRDA:310,151,0,396
BRDA:311,152,0,261
BRDA:315,153,0,54341
BRDA:316,154,0,150
BRDA:317,155,0,54191
BRDA:320,156,0,44
BRDA:321,157,0,0
BRDA:325,158,0,48938
BRDA:326,159,0,37861
BRDA:326,160,0,11077
BRDA:326,161,0,1408
BRDA:326,162,0,9802
BRDA:329,163,0,45103
BRDA:330,164,0,9758
BRDA:333,165,0,14729
BRDA:334,166,0,5867
BRDA:337,167,0,83981
BRDA:341,168,0,45494
BRDA:345,169,0,7281
BRF:170
BRH:149
end_of_record
TN:
SF:src/parser.js
FN:6,Parser
FN:13,parse
FN:25,declaration
FN:76,classDeclaration
FN:107,interfaceDeclaration
FN:156,structDeclaration
FN:169,metoknoStatement
FN:192,jupuknoStatement
FN:228,consumeNameLike
FN:237,enumDeclaration
FN:266,functionDeclaration
FN:323,varDeclaration
FN:372,statement
FN:413,lekStatement
FN:435,cetaknoStatement
FN:452,baleknoStatement
FN:461,selagiStatement
FN:470,kanggoStatement
FN:508,rentangStatement
FN:519,ngenteniStatement
FN:536,pilihStatement
FN:562,cobakStatement
FN:582,cocokStatement
FN:625,parsePattern
FN:680,uncalenStatement
FN:686,block
FN:696,expressionStatement
FN:701,expression
FN:705,assignment
FN:717,ternary
FN:728,nullish
FN:738,or
FN:748,and
FN:758,equality
FN:773,comparison
FN:796,term
FN:806,range
FN:816,factor
FN:826,unary
FN:835,call
FN:874,finishCall
FN:885,buildTemplateLiteral
FN:896,primary
FN:1026,isKeyword
FN:1031,match
FN:1040,consume
FN:1044,check
FN:1045,advance
FN:1046,isAtEnd
FN:1047,peek
FN:1048,previous
FN:1049,error
FN:1050,synchronize
FNF:53
FNH:52
FNDA:141,Parser
FNDA:138,parse
FNDA:1059,declaration
FNDA:23,classDeclaration
FNDA:7,interfaceDeclaration
FNDA:5,structDeclaration
FNDA:5,metoknoStatement
FNDA:5,jupuknoStatement
FNDA:79,consumeNameLike
FNDA:1,enumDeclaration
FNDA:63,functionDeclaration
FNDA:217,varDeclaration
FNDA:790,statement
FNDA:42,lekStatement
FNDA:467,cetaknoStatement
FNDA:51,baleknoStatement
FNDA:10,selagiStatement
FNDA:33,kanggoStatement
FNDA:0,rentangStatement
FNDA:13,ngenteniStatement
FNDA:3,pilihStatement
FNDA:5,cobakStatement
FNDA:3,cocokStatement
FNDA:15,parsePattern
FNDA:3,uncalenStatement
FNDA:169,block
FNDA:133,expressionStatement
FNDA:1426,expression
FNDA:1474,assignment
FNDA:1479,ternary
FNDA:1479,nullish
FNDA:1483,or
FNDA:1485,and
FNDA:1490,equality
FNDA:1510,comparison
FNDA:1565,term
FNDA:1746,range
FNDA:1752,factor
FNDA:1790,unary
FNDA:1773,call
FNDA:147,finishCall
FNDA:16,buildTemplateLiteral
FNDA:1763,primary
FNDA:12,isKeyword
FNDA:65579,match
FNDA:1852,consume
FNDA:109016,check
FNDA:7191,advance
FNDA:118042,isAtEnd
FNDA:226218,peek
FNDA:9783,previous
FNDA:94,error
FNDA:94,synchronize
DA:1,2
DA:2,2
DA:3,2
DA:4,2
DA:5,2
DA:6,2
DA:7,141
DA:8,141
DA:9,141
DA:10,141
DA:11,141
DA:12,2
DA:13,2
DA:14,138
DA:15,138
DA:16,838
DA:17,838
DA:18,838
DA:19,138
DA:20,0
DA:21,0
DA:22,138
DA:23,138
DA:24,2
DA:25,2
DA:26,1059
DA:27,1059
DA:28,1059
DA:29,3
DA:30,3
DA:31,3
DA:32,0
DA:33,0
DA:34,0
DA:35,1059
DA:36,3
DA:37,3
DA:38,3
DA:39,3
DA:40,0
DA:41,0
DA:42,0
DA:43,0
DA:44,1056
DA:45,1036
DA:46,1031
DA:47,1030
DA:48,1023
DA:49,1018
DA:50,1013
DA:51,31
DA:52,31
DA:53,31
DA:54,31
DA:55,982
DA:56,1
DA:57,1
DA:58,1
DA:59,0
DA:60,0
DA:61,1
DA:62,981
DA:63,895
DA:64,781
DA:65,965
DA:66,965
DA:67,965
DA:68,1059
DA:69,94
DA:70,94
DA:71,94
DA:72,94
DA:73,94
DA:74,1059
DA:75,2
DA:76,2
DA:77,23
DA:78,23
DA:79,23
DA:80,5
DA:81,5
DA:82,5
DA:83,23
DA:84,23
DA:85,5
DA:86,7
DA:87,7
DA:88,5
DA:89,5
DA:90,23
DA:91,23
DA:92,23
DA:93,74
DA:94,74
DA:95,74
DA:96,21
DA:97,70
DA:98,10
DA:99,53
DA:100,43
DA:101,43
DA:102,74
DA:103,23
DA:104,23
DA:105,23
DA:106,2
DA:107,2
DA:108,7
DA:109,7
DA:110,7
DA:111,7
DA:112,7
DA:113,9
DA:114,9
DA:115,9
DA:116,9
DA:117,9
DA:118,9
DA:119,1
DA:120,1
DA:121,1
DA:122,1
DA:123,0
DA:124,0
DA:125,1
DA:126,1
DA:127,1
DA:128,9
DA:129,9
DA:130,9
DA:131,0
DA:132,0
DA:133,9
DA:134,9
DA:135,9
DA:136,9
DA:137,9
DA:138,9
DA:139,9
DA:140,9
DA:141,9
DA:142,0
DA:143,0
DA:144,0
DA:145,0
DA:146,0
DA:147,0
DA:148,0
DA:149,0
DA:150,0
DA:151,9
DA:152,7
DA:153,7
DA:154,7
DA:155,2
DA:156,2
DA:157,5
DA:158,5
DA:159,5
DA:160,5
DA:161,8
DA:162,8
DA:163,8
DA:164,8
DA:165,5
DA:166,5
DA:167,5
DA:168,2
DA:169,2
DA:170,5
DA:171,5
DA:172,5
DA:173,1
DA:174,1
DA:175,5
DA:176,1
DA:177,1
DA:178,1
DA:179,1
DA:180,3
DA:181,3
DA:182,5
DA:183,3
DA:184,8
DA:185,8
DA:186,3
DA:187,3
DA:188,3
DA:189,3
DA:190,5
DA:191,2
DA:192,2
DA:193,5
DA:194,5
DA:195,5
DA:196,0
DA:197,0
DA:198,0
DA:199,0
DA:200,0
DA:201,0
DA:202,0
DA:203,5
DA:204,1
DA:205,1
DA:206,1
DA:207,1
DA:208,1
DA:209,1
DA:210,4
DA:211,4
DA:212,5
DA:213,4
DA:214,7
DA:215,7
DA:216,7
DA:217,1
DA:218,1
DA:219,5
DA:220,4
DA:221,4
DA:222,2
DA:223,2
DA:224,2
DA:225,2
DA:226,5
DA:227,2
DA:228,2
DA:229,79
DA:230,14
DA:231,14
DA:232,79
DA:233,70
DA:234,6
DA:235,79
DA:236,2
DA:237,2
DA:238,1
DA:239,1
DA:240,1
DA:241,1
DA:242,1
DA:243,1
DA:244,1
DA:245,5
DA:246,5
DA:247,5
DA:248,5
DA:249,1
DA:250,1
DA:251,1
DA:252,1
DA:253,0
DA:254,0
DA:255,0
DA:256,1
DA:257,1
DA:258,5
DA:259,5
DA:260,5
DA:261,5
DA:262,1
DA:263,1
DA:264,1
DA:265,2
DA:266,2
DA:267,63
DA:268,63
DA:269,53
DA:270,53
DA:271,59
DA:272,59
DA:273,63
DA:274,29
DA:275,41
DA:276,1
DA:277,1
DA:278,1
DA:279,2
DA:280,2
DA:281,2
DA:282,2
DA:283,2
DA:284,2
DA:285,1
DA:286,1
DA:287,1
DA:288,1
DA:289,41
DA:290,0
DA:291,0
DA:292,0
DA:293,0
DA:294,0
DA:295,0
DA:296,0
DA:297,0
DA:298,40
DA:299,40
DA:300,40
DA:301,0
DA:302,0
DA:303,40
DA:304,29
DA:305,29
DA:306,58
DA:307,58
DA:308,63
DA:309,0
DA:310,0
DA:311,58
DA:312,63
DA:313,3
DA:314,3
DA:315,3
DA:316,55
DA:317,55
DA:318,55
DA:319,63
DA:320,63
DA:321,63
DA:322,2
DA:323,2
DA:324,217
DA:325,5
DA:326,5
DA:327,5
DA:328,8
DA:329,8
DA:330,8
DA:331,1
DA:332,1
DA:333,7
DA:334,8
DA:335,1
DA:336,1
DA:337,7
DA:338,5
DA:339,5
DA:340,4
DA:341,4
DA:342,4
DA:343,4
DA:344,4
DA:345,212
DA:346,217
DA:347,3
DA:348,3
DA:349,3
DA:350,7
DA:351,3
DA:352,3
DA:353,2
DA:354,2
DA:355,2
DA:356,2
DA:357,2
DA:358,209
DA:359,209
DA:360,209
DA:361,217
DA:362,0
DA:363,0
DA:364,208
DA:365,208
DA:366,217
DA:367,206
DA:368,206
DA:369,204
DA:370,217
DA:371,2
DA:372,2
DA:373,790
DA:374,790
DA:375,64
DA:376,64
DA:377,9
DA:378,9
DA:379,9
DA:380,9
DA:381,9
DA:382,64
DA:383,781
DA:384,790
DA:385,790
DA:386,790
DA:387,790
DA:388,790
DA:389,790
DA:390,790
DA:391,790
DA:392,790
DA:393,790
DA:394,790
DA:395,790
DA:396,790
DA:397,13
DA:398,13
DA:399,13
DA:400,13
DA:401,13
DA:402,790
DA:403,790
DA:404,4
DA:405,4
DA:406,4
DA:407,4
DA:408,4
DA:409,790
DA:410,129
DA:411,790
DA:412,2
DA:413,2
DA:414,42
DA:415,42
DA:416,42
DA:417,40
DA:418,40
DA:419,40
DA:420,42
DA:421,4
DA:422,4
DA:423,4
DA:424,4
DA:425,4
DA:426,4
DA:427,36
DA:428,42
DA:429,6
DA:430,6
DA:431,6
DA:432,36
DA:433,42
DA:434,2
DA:435,2
DA:436,467
DA:437,467
DA:438,459
DA:439,459
DA:440,544
DA:441,459
DA:442,459
DA:443,455
DA:444,467
DA:445,8
DA:446,13
DA:447,8
DA:448,8
DA:449,452
DA:450,467
DA:451,2
DA:452,2
DA:453,51
DA:454,51
DA:455,51
DA:456,51
DA:457,51
DA:458,51
DA:459,51
DA:460,2
DA:461,2
DA:462,10
DA:463,10
DA:464,10
DA:465,10
DA:466,10
DA:467,10
DA:468,10
DA:469,2
DA:470,2
DA:471,33
DA:472,33
DA:473,33
DA:474,33
DA:475,12
DA:476,12
DA:477,12
DA:478,8
DA:479,12
DA:480,12
DA:481,12
DA:482,12
DA:483,12
DA:484,12
DA:485,12
DA:486,21
DA:487,21
DA:488,21
DA:489,33
DA:490,21
DA:491,17
DA:492,17
DA:493,21
DA:494,4
DA:495,4
DA:496,4
DA:497,14
DA:498,14
DA:499,14
DA:500,14
DA:501,14
DA:502,14
DA:503,14
DA:504,14
DA:505,14
DA:506,33
DA:507,2
DA:508,2
DA:509,0
DA:510,0
DA:511,0
DA:512,0
DA:513,0
DA:514,0
DA:515,0
DA:516,0
DA:517,0
DA:518,2
DA:519,2
DA:520,13
DA:521,13
DA:522,13
DA:523,13
DA:524,4
DA:525,4
DA:526,13
DA:527,9
DA:528,9
DA:529,13
DA:530,13
DA:531,9
DA:532,9
DA:533,13
DA:534,13
DA:535,2
DA:536,2
DA:537,3
DA:538,3
DA:539,3
DA:540,3
DA:541,3
DA:542,3
DA:543,7
DA:544,7
DA:545,7
DA:546,7
DA:547,10
DA:548,10
DA:549,7
DA:550,7
DA:551,3
DA:552,3
DA:553,3
DA:554,3
DA:555,3
DA:556,3
DA:557,3
DA:558,3
DA:559,3
DA:560,3
DA:561,2
DA:562,2
DA:563,5
DA:564,5
DA:565,5
DA:566,5
DA:567,5
DA:568,5
DA:569,5
DA:570,5
DA:571,5
DA:572,5
DA:573,5
DA:574,5
DA:575,5
DA:576,1
DA:577,1
DA:578,1
DA:579,5
DA:580,5
DA:581,2
DA:582,2
DA:583,3
DA:584,3
DA:585,3
DA:586,3
DA:587,3
DA:588,3
DA:589,10
DA:590,1
DA:591,1
DA:592,1
DA:593,1
DA:594,1
DA:595,0
DA:596,0
DA:597,1
DA:598,1
DA:599,1
DA:600,10
DA:601,0
DA:602,0
DA:603,9
DA:604,9
DA:605,10
DA:606,2
DA:607,2
DA:608,9
DA:609,10
DA:610,2
DA:611,2
DA:612,9
DA:613,9
DA:614,9
DA:615,9
DA:616,10
DA:617,0
DA:618,0
DA:619,9
DA:620,9
DA:621,3
DA:622,3
DA:623,3
DA:624,2
DA:625,2
DA:626,15
DA:627,15
DA:628,7
DA:629,7
DA:630,7
DA:631,7
DA:632,15
DA:633,15
DA:634,15
DA:635,15
DA:636,15
DA:637,3
DA:638,3
DA:639,3
DA:640,3
DA:641,2
DA:642,5
DA:643,1
DA:644,1
DA:645,1
DA:646,0
DA:647,0
DA:648,4
DA:649,2
DA:650,2
DA:651,3
DA:652,3
DA:653,3
DA:654,0
DA:655,0
DA:656,0
DA:657,0
DA:658,0
DA:659,0
DA:660,0
DA:661,0
DA:662,0
DA:663,0
DA:664,0
DA:665,0
DA:666,0
DA:667,0
DA:668,0
DA:669,0
DA:670,0
DA:671,0
DA:672,0
DA:673,0
DA:674,0
DA:675,0
DA:676,0
DA:677,0
DA:678,15
DA:679,2
DA:680,2
DA:681,3
DA:682,3
DA:683,3
DA:684,3
DA:685,2
DA:686,2
DA:687,169
DA:688,169
DA:689,207
DA:690,207
DA:691,207
DA:692,169
DA:693,169
DA:694,169
DA:695,2
DA:696,2
DA:697,133
DA:698,133
DA:699,133
DA:700,2
DA:701,2
DA:702,1426
DA:703,1426
DA:704,2
DA:705,2
DA:706,1474
DA:707,1474
DA:708,48
DA:709,48
DA:710,48
DA:711,15
DA:712,0
DA:713,0
DA:714,1348
DA:715,1474
DA:716,2
DA:717,2
DA:718,1479
DA:719,1479
DA:720,5
DA:721,5
DA:722,5
DA:723,5
DA:724,5
DA:725,1401
DA:726,1479
DA:727,2
DA:728,2
DA:729,1479
DA:730,1479
DA:731,4
DA:732,4
DA:733,4
DA:734,4
DA:735,1401
DA:736,1479
DA:737,2
DA:738,2
DA:739,1483
DA:740,1483
DA:741,2
DA:742,2
DA:743,2
DA:744,2
DA:745,1405
DA:746,1483
DA:747,2
DA:748,2
DA:749,1485
DA:750,1485
DA:751,5
DA:752,5
DA:753,5
DA:754,5
DA:755,1407
DA:756,1485
DA:757,2
DA:758,2
DA:759,1490
DA:760,1490
DA:761,20
DA:762,20
DA:763,0
DA:764,0
DA:765,20
DA:766,20
DA:767,20
DA:768,20
DA:769,20
DA:770,1412
DA:771,1490
DA:772,2
DA:773,2
DA:774,1510
DA:775,1510
DA:776,1510
DA:777,63
DA:778,63
DA:779,0
DA:780,63
DA:781,8
DA:782,5
DA:783,8
DA:784,3
DA:785,3
DA:786,0
DA:787,0
DA:788,63
DA:789,55
DA:790,55
DA:791,55
DA:792,63
DA:793,1432
DA:794,1510
DA:795,2
DA:796,2
DA:797,1565
DA:798,1565
DA:799,181
DA:800,181
DA:801,181
DA:802,181
DA:803,1487
DA:804,1565
DA:805,2
DA:806,2
DA:807,1746
DA:808,1746
DA:809,6
DA:810,6
DA:811,6
DA:812,6
DA:813,1668
DA:814,1746
DA:815,2
DA:816,2
DA:817,1752
DA:818,1752
DA:819,21
DA:820,21
DA:821,21
DA:822,21
DA:823,1674
DA:824,1752
DA:825,2
DA:826,2
DA:827,1790
DA:828,17
DA:829,17
DA:830,17
DA:831,17
DA:832,1773
DA:833,1790
DA:834,2
DA:835,2
DA:836,1773
DA:837,1773
DA:838,1773
DA:839,10
DA:840,1773
DA:841,1763
DA:842,1763
DA:843,1773
DA:844,2049
DA:845,147
DA:846,2049
DA:847,6
DA:848,6
DA:849,1902
DA:850,176
DA:851,176
DA:852,176
DA:853,176
DA:854,0
DA:855,0
DA:856,1896
DA:857,25
DA:858,25
DA:859,25
DA:860,25
DA:861,25
DA:862,25
DA:863,25
DA:864,1720
DA:865,19
DA:866,19
DA:867,1695
DA:868,1676
DA:869,1676
DA:870,2049
DA:871,1695
DA:872,1773
DA:873,2
DA:874,2
DA:875,147
DA:876,147
DA:877,103
DA:878,131
DA:879,103
DA:880,103
DA:881,145
DA:882,145
DA:883,147
DA:884,2
DA:885,2
DA:886,16
DA:887,16
DA:888,3
DA:889,3
DA:890,3
DA:891,3
DA:892,16
DA:893,16
DA:894,16
DA:895,2
DA:896,2
DA:897,1763
DA:898,1763
DA:899,1763
DA:900,1763
DA:901,1763
DA:902,1763
DA:903,2
DA:904,2
DA:905,2
DA:906,1763
DA:907,809
DA:908,1763
DA:909,1
DA:910,1
DA:911,1
DA:912,1
DA:913,1
DA:914,808
DA:915,1763
DA:916,2
DA:917,2
DA:918,2
DA:919,806
DA:920,1763
DA:921,5
DA:922,5
DA:923,5
DA:924,5
DA:925,5
DA:926,5
DA:927,5
DA:928,5
DA:929,801
DA:930,1763
DA:931,22
DA:932,22
DA:933,21
DA:934,21
DA:935,21
DA:936,21
DA:937,21
DA:938,779
DA:939,1763
DA:940,19
DA:941,19
DA:942,19
DA:943,35
DA:944,35
DA:945,34
DA:946,35
DA:947,1
DA:948,1
DA:949,34
DA:950,34
DA:951,34
DA:952,19
DA:953,19
DA:954,17
DA:955,17
DA:956,17
DA:957,760
DA:958,1763
DA:959,15
DA:960,15
DA:961,15
DA:962,15
DA:963,8
DA:964,8
DA:965,15
DA:966,15
DA:967,15
DA:968,745
DA:969,745
DA:970,1763
DA:971,647
DA:972,647
DA:973,13
DA:974,13
DA:975,13
DA:976,0
DA:977,13
DA:978,13
DA:979,13
DA:980,13
DA:981,647
DA:982,732
DA:983,732
DA:984,1763
DA:985,42
DA:986,42
DA:987,42
DA:988,42
DA:989,201
DA:990,201
DA:991,201
DA:992,201
DA:993,42
DA:994,42
DA:995,42
DA:996,16
DA:997,16
DA:998,16
DA:999,9
DA:1000,16
DA:1001,9
DA:1002,9
DA:1003,16
DA:1004,16
DA:1005,16
DA:1006,8
DA:1007,8
DA:1008,8
DA:1009,8
DA:1010,16
DA:1011,42
DA:1012,716
DA:1013,1763
DA:1014,1763
DA:1015,634
DA:1016,634
DA:1017,82
DA:1018,1618
DA:1019,26
DA:1020,26
DA:1021,26
DA:1022,26
DA:1023,56
DA:1024,1763
DA:1025,2
DA:1026,2
DA:1027,12
DA:1028,12
DA:1029,12
DA:1030,2
DA:1031,2
DA:1032,65579
DA:1033,103076
DA:1034,4548
DA:1035,4548
DA:1036,4548
DA:1037,103076
DA:1038,61031
DA:1039,65579
DA:1040,2
DA:1041,1852
DA:1042,32
DA:1043,1852
DA:1044,2
DA:1045,2
DA:1046,2
DA:1047,2
DA:1048,2
DA:1049,2
DA:1050,2
DA:1051,94
DA:1052,94
DA:1053,411
DA:1054,384
DA:1055,411
DA:1056,411
DA:1057,411
DA:1058,411
DA:1059,329
DA:1060,329
DA:1061,94
DA:1062,2
LF:1062
LH:963
BRDA:1,0,0,2
BRDA:6,1,0,141
BRDA:13,2,0,138
BRDA:15,3,0,838
BRDA:17,4,0,751
BRDA:19,5,0,0
BRDA:19,6,0,0
BRDA:25,7,0,1059
BRDA:28,8,0,3
BRDA:31,9,0,0
BRDA:35,10,0,1056
BRDA:35,11,0,3
BRDA:39,12,0,0
BRDA:44,13,0,1053
BRDA:44,14,0,17
BRDA:45,15,0,1036
BRDA:45,16,0,5
BRDA:46,17,0,1031
BRDA:46,18,0,1
BRDA:47,19,0,1030
BRDA:47,20,0,7
BRDA:48,21,0,1023
BRDA:48,22,0,5
BRDA:49,23,0,1018
BRDA:49,24,0,5
BRDA:50,25,0,1013
BRDA:50,26,0,31
BRDA:52,27,0,4
BRDA:55,28,0,982
BRDA:55,29,0,1
BRDA:58,30,0,0
BRDA:62,31,0,981
BRDA:62,32,0,86
BRDA:63,33,0,895
BRDA:63,34,0,114
BRDA:64,35,0,781
BRDA:65,36,0,965
BRDA:68,37,0,94
BRDA:76,38,0,23
BRDA:79,39,0,5
BRDA:84,40,0,5
BRDA:85,41,0,7
BRDA:92,42,0,75
BRDA:92,43,0,74
BRDA:95,44,0,70
BRDA:95,45,0,21
BRDA:97,46,0,53
BRDA:97,47,0,10
BRDA:99,48,0,43
BRDA:107,49,0,7
BRDA:112,50,0,9
BRDA:112,51,0,9
BRDA:118,52,0,1
BRDA:122,53,0,0
BRDA:130,54,0,0
BRDA:141,55,0,0
BRDA:156,56,0,5
BRDA:160,57,0,8
BRDA:160,58,0,8
BRDA:162,59,0,3
BRDA:169,60,0,5
BRDA:172,61,0,1
BRDA:175,62,0,4
BRDA:175,63,0,1
BRDA:180,64,0,3
BRDA:182,65,0,3
BRDA:183,66,0,8
BRDA:192,67,0,5
BRDA:195,68,0,0
BRDA:203,69,0,1
BRDA:210,70,0,4
BRDA:212,71,0,4
BRDA:213,72,0,7
BRDA:216,73,0,1
BRDA:219,74,0,5
BRDA:222,75,0,2
BRDA:228,76,0,79
BRDA:229,77,0,65
BRDA:230,78,0,14
BRDA:232,79,0,0
BRDA:233,80,0,70
BRDA:233,81,0,14
BRDA:233,82,0,8
BRDA:234,83,0,6
BRDA:237,84,0,1
BRDA:244,85,0,5
BRDA:244,86,0,5
BRDA:248,87,0,1
BRDA:252,88,0,0
BRDA:259,89,0,1
BRDA:259,90,0,0
BRDA:259,91,0,4
BRDA:260,92,0,1
BRDA:266,93,0,63
BRDA:268,94,0,53
BRDA:268,95,0,53
BRDA:271,96,0,59
BRDA:273,97,0,29
BRDA:274,98,0,41
BRDA:275,99,0,1
BRDA:278,100,0,2
BRDA:289,101,0,40
BRDA:289,102,0,0
BRDA:300,103,0,0
BRDA:306,104,0,58
BRDA:308,105,0,0
BRDA:311,106,0,58
BRDA:312,107,0,3
BRDA:313,108,0,0
BRDA:316,109,0,55
BRDA:319,110,0,10
BRDA:319,111,0,0
BRDA:323,112,0,217
BRDA:324,113,0,5
BRDA:327,114,0,8
BRDA:330,115,0,1
BRDA:333,116,0,7
BRDA:334,117,0,1
BRDA:337,118,0,7
BRDA:340,119,0,4
BRDA:345,120,0,212
BRDA:346,121,0,3
BRDA:349,122,0,7
BRDA:353,123,0,2
BRDA:358,124,0,209
BRDA:361,125,0,0
BRDA:364,126,0,208
BRDA:366,127,0,206
BRDA:369,128,0,204
BRDA:372,129,0,790
BRDA:374,130,0,64
BRDA:374,131,0,64
BRDA:376,132,0,9
BRDA:383,133,0,781
BRDA:384,134,0,0
BRDA:385,135,0,781
BRDA:385,136,0,0
BRDA:386,137,0,781
BRDA:386,138,0,42
BRDA:387,139,0,739
BRDA:387,140,0,467
BRDA:388,141,0,272
BRDA:388,142,0,51
BRDA:389,143,0,221
BRDA:389,144,0,10
BRDA:390,145,0,211
BRDA:390,146,0,33
BRDA:391,147,0,178
BRDA:391,148,0,0
BRDA:392,149,0,178
BRDA:392,150,0,3
BRDA:393,151,0,175
BRDA:393,152,0,3
BRDA:394,153,0,172
BRDA:394,154,0,5
BRDA:395,155,0,167
BRDA:395,156,0,3
BRDA:396,157,0,164
BRDA:396,158,0,13
BRDA:399,159,0,6
BRDA:402,160,0,151
BRDA:402,161,0,13
BRDA:403,162,0,138
BRDA:403,163,0,4
BRDA:406,164,0,2
BRDA:409,165,0,134
BRDA:409,166,0,5
BRDA:410,167,0,129
BRDA:413,168,0,42
BRDA:416,169,0,20
BRDA:417,170,0,40
BRDA:420,171,0,4
BRDA:423,172,0,1
BRDA:427,173,0,36
BRDA:428,174,0,6
BRDA:432,175,0,36
BRDA:435,176,0,467
BRDA:437,177,0,459
BRDA:439,178,0,544
BRDA:443,179,0,455
BRDA:444,180,0,8
BRDA:445,181,0,13
BRDA:449,182,0,452
BRDA:452,183,0,51
BRDA:461,184,0,10
BRDA:464,185,0,5
BRDA:470,186,0,33
BRDA:474,187,0,12
BRDA:477,188,0,4
BRDA:478,189,0,8
BRDA:478,190,0,1
BRDA:486,191,0,21
BRDA:489,192,0,0
BRDA:490,193,0,21
BRDA:490,194,0,17
BRDA:493,195,0,4
BRDA:497,196,0,14
BRDA:519,197,0,13
BRDA:523,198,0,4
BRDA:526,199,0,9
BRDA:529,200,0,7
BRDA:529,201,0,6
BRDA:530,202,0,5
BRDA:530,203,0,9
BRDA:536,204,0,3
BRDA:539,205,0,1
BRDA:542,206,0,7
BRDA:546,207,0,13
BRDA:546,208,0,10
BRDA:546,209,0,10
BRDA:555,210,0,4
BRDA:562,211,0,5
BRDA:570,212,0,2
BRDA:575,213,0,1
BRDA:582,214,0,3
BRDA:588,215,0,10
BRDA:588,216,0,10
BRDA:589,217,0,1
BRDA:594,218,0,0
BRDA:600,219,0,9
BRDA:600,220,0,0
BRDA:603,221,0,9
BRDA:605,222,0,2
BRDA:608,223,0,9
BRDA:609,224,0,2
BRDA:612,225,0,9
BRDA:616,226,0,0
BRDA:619,227,0,9
BRDA:625,228,0,15
BRDA:627,229,0,7
BRDA:629,230,0,0
BRDA:632,231,0,8
BRDA:632,232,0,0
BRDA:633,233,0,8
BRDA:633,234,0,0
BRDA:634,235,0,8
BRDA:634,236,0,0
BRDA:635,237,0,8
BRDA:635,238,0,0
BRDA:636,239,0,8
BRDA:636,240,0,5
BRDA:637,241,0,14
BRDA:637,242,0,3
BRDA:640,243,0,2
BRDA:641,244,0,5
BRDA:642,245,0,1
BRDA:644,246,0,0
BRDA:646,247,0,0
BRDA:648,248,0,4
BRDA:654,249,0,0
BRDA:680,250,0,3
BRDA:686,251,0,169
BRDA:688,252,0,207
BRDA:688,253,0,207
BRDA:690,254,0,200
BRDA:696,255,0,133
BRDA:701,256,0,1426
BRDA:705,257,0,1474
BRDA:707,258,0,48
BRDA:710,259,0,33
BRDA:711,260,0,15
BRDA:712,261,0,0
BRDA:714,262,0,1348
BRDA:717,263,0,1479
BRDA:719,264,0,5
BRDA:725,265,0,1401
BRDA:728,266,0,1479
BRDA:730,267,0,4
BRDA:735,268,0,1401
BRDA:738,269,0,1483
BRDA:740,270,0,2
BRDA:745,271,0,1405
BRDA:748,272,0,1485
BRDA:750,273,0,5
BRDA:755,274,0,1407
BRDA:758,275,0,1490
BRDA:760,276,0,20
BRDA:762,277,0,0
BRDA:770,278,0,1412
BRDA:773,279,0,1510
BRDA:776,280,0,63
BRDA:778,281,0,0
BRDA:780,282,0,8
BRDA:781,283,0,5
BRDA:783,284,0,3
BRDA:785,285,0,0
BRDA:788,286,0,55
BRDA:793,287,0,1432
BRDA:796,288,0,1565
BRDA:798,289,0,181
BRDA:803,290,0,1487
BRDA:806,291,0,1746
BRDA:808,292,0,6
BRDA:813,293,0,1668
BRDA:816,294,0,1752
BRDA:818,295,0,21
BRDA:823,296,0,1674
BRDA:826,297,0,1790
BRDA:827,298,0,17
BRDA:832,299,0,1773
BRDA:835,300,0,1773
BRDA:838,301,0,10
BRDA:840,302,0,1763
BRDA:843,303,0,1697
BRDA:843,304,0,2049
BRDA:844,305,0,147
BRDA:846,306,0,1902
BRDA:846,307,0,6
BRDA:849,308,0,1896
BRDA:849,309,0,176
BRDA:850,310,0,12
BRDA:853,311,0,0
BRDA:856,312,0,1720
BRDA:856,313,0,25
BRDA:864,314,0,1695
BRDA:864,315,0,19
BRDA:867,316,0,1676
BRDA:871,317,0,1695
BRDA:874,318,0,147
BRDA:876,319,0,103
BRDA:877,320,0,131
BRDA:881,321,0,145
BRDA:885,322,0,16
BRDA:887,323,0,3
BRDA:896,324,0,1763
BRDA:897,325,0,4
BRDA:898,326,0,1759
BRDA:898,327,0,7
BRDA:899,328,0,1752
BRDA:899,329,0,8
BRDA:900,330,0,1744
BRDA:900,331,0,3
BRDA:901,332,0,1741
BRDA:901,333,0,915
BRDA:902,334,0,826
BRDA:902,335,0,2
BRDA:906,336,0,824
BRDA:906,337,0,15
BRDA:907,338,0,809
BRDA:908,339,0,1
BRDA:914,340,0,808
BRDA:915,341,0,2
BRDA:919,342,0,806
BRDA:920,343,0,5
BRDA:924,344,0,11
BRDA:929,345,0,801
BRDA:930,346,0,22
BRDA:932,347,0,21
BRDA:933,348,0,73
BRDA:938,349,0,779
BRDA:939,350,0,19
BRDA:942,351,0,35
BRDA:944,352,0,34
BRDA:945,353,0,32
BRDA:946,354,0,1
BRDA:949,355,0,34
BRDA:954,356,0,17
BRDA:957,357,0,760
BRDA:958,358,0,15
BRDA:962,359,0,8
BRDA:963,360,0,12
BRDA:968,361,0,745
BRDA:970,362,0,647
BRDA:972,363,0,13
BRDA:975,364,0,0
BRDA:982,365,0,732
BRDA:984,366,0,42
BRDA:988,367,0,243
BRDA:988,368,0,201
BRDA:989,369,0,20
BRDA:990,370,0,62
BRDA:993,371,0,16
BRDA:995,372,0,16
BRDA:998,373,0,9
BRDA:999,374,0,16
BRDA:1005,375,0,8
BRDA:1012,376,0,716
BRDA:1013,377,0,82
BRDA:1014,378,0,634
BRDA:1017,379,0,1618
BRDA:1017,380,0,82
BRDA:1018,381,0,26
BRDA:1023,382,0,56
BRDA:1026,383,0,12
BRDA:1027,384,0,0
BRDA:1028,385,0,2
BRDA:1031,386,0,65579
BRDA:1032,387,0,103076
BRDA:1033,388,0,4548
BRDA:1038,389,0,61031
BRDA:1040,390,0,1852
BRDA:1041,391,0,1820
BRDA:1042,392,0,32
BRDA:1044,393,0,109016
BRDA:1044,394,0,107678
BRDA:1045,395,0,7191
BRDA:1045,396,0,7190
BRDA:1046,397,0,118042
BRDA:1047,398,0,226218
BRDA:1048,399,0,9783
BRDA:1049,400,0,94
BRDA:1050,401,0,94
BRDA:1052,402,0,411
BRDA:1053,403,0,27
BRDA:1054,404,0,384
BRDA:1055,405,0,0
BRDA:1055,406,0,3
BRDA:1055,407,0,6
BRDA:1055,408,0,10
BRDA:1056,409,0,11
BRDA:1056,410,0,11
BRDA:1056,411,0,11
BRDA:1056,412,0,52
BRDA:1057,413,0,55
BRDA:1059,414,0,329
BRF:415
BRH:374
end_of_record
TN:
SF:src/runtime.js
FN:4,isTruthy
FN:10,stringify
FN:18,ReturnValue
FN:25,Break
FN:32,Continue
FN:39,arity
FN:40,call
FN:44,JawaFunction
FN:51,get isAbstract
FN:52,arity
FN:54,bind
FN:60,call
FN:103,toString
FN:107,JawaClass
FN:116,findMethod
FN:122,arity
FN:128,call
FN:140,toString
FN:144,JawaStruct
FN:150,arity
FN:152,call
FN:160,toString
FN:164,JawaInstance
FN:169,get
FN:177,set
FN:182,toString
FN:249,createBuiltins
FN:253,arity
FN:254,call
FN:255,toString
FN:259,arity
FN:260,call
FN:261,toString
FN:265,arity
FN:266,call
FN:267,toString
FN:271,jupuk
FN:272,pasang
FN:273,toString
FN:277,arity
FN:278,call
FN:279,toString
FN:283,tulisan
FN:284,obyek
FN:285,toString
FN:289,arity
FN:290,call
FN:291,kabeh
FN:292,balekno
FN:293,toString
FN:297,arity
FN:298,call
FN:299,toString
FN:304,_deterministicRandom
FN:308,acak
FN:309,bunder
FN:310,ngisor
FN:311,nduwur
FN:312,mutlak
FN:313,pangkat
FN:314,oyot
FN:315,palingDhuwur
FN:316,palingNgisor
FN:319,toString
FN:323,saiki
FN:324,format
FN:325,toString
FN:340,arity
FN:341,call
FN:346,toString
FN:350,arity
FN:351,call
FN:355,toString
FN:359,arity
FN:360,call
FN:365,toString
FN:383,arity
FN:384,call
FN:389,toString
FN:393,ngenteni
FN:394,mbaleni
FN:395,mandek
FN:396,toString
FNF:83
FNH:34
FNDA:198,isTruthy
FNDA:785,stringify
FNDA:27,ReturnValue
FNDA:7,Break
FNDA:4,Continue
FNDA:0,arity
FNDA:0,call
FNDA:73,JawaFunction
FNDA:3,get isAbstract
FNDA:35,arity
FNDA:14,bind
FNDA:105,call
FNDA:0,toString
FNDA:14,JawaClass
FNDA:31,findMethod
FNDA:9,arity
FNDA:9,call
FNDA:0,toString
FNDA:3,JawaStruct
FNDA:4,arity
FNDA:4,call
FNDA:0,toString
FNDA:8,JawaInstance
FNDA:15,get
FNDA:4,set
FNDA:0,toString
FNDA:67,createBuiltins
FNDA:0,arity
FNDA:0,call
FNDA:0,toString
FNDA:1,arity
FNDA:1,call
FNDA:0,toString
FNDA:0,arity
FNDA:0,call
FNDA:0,toString
FNDA:0,jupuk
FNDA:0,pasang
FNDA:0,toString
FNDA:0,arity
FNDA:0,call
FNDA:0,toString
FNDA:0,tulisan
FNDA:0,obyek
FNDA:0,toString
FNDA:1,arity
FNDA:1,call
FNDA:0,kabeh
FNDA:0,balekno
FNDA:0,toString
FNDA:0,arity
FNDA:0,call
FNDA:0,toString
FNDA:0,_deterministicRandom
FNDA:1,acak
FNDA:1,bunder
FNDA:0,ngisor
FNDA:0,nduwur
FNDA:0,mutlak
FNDA:0,pangkat
FNDA:0,oyot
FNDA:0,palingDhuwur
FNDA:0,palingNgisor
FNDA:0,toString
FNDA:1,saiki
FNDA:0,format
FNDA:2,toString
FNDA:1,arity
FNDA:1,call
FNDA:0,toString
FNDA:0,arity
FNDA:0,call
FNDA:0,toString
FNDA:1,arity
FNDA:1,call
FNDA:0,toString
FNDA:0,arity
FNDA:0,call
FNDA:0,toString
FNDA:1,ngenteni
FNDA:0,mbaleni
FNDA:0,mandek
FNDA:0,toString
DA:1,1
DA:2,1
DA:3,1
DA:4,1
DA:5,198
DA:6,198
DA:7,1
DA:8,198
DA:9,1
DA:10,1
DA:11,785
DA:12,785
DA:13,785
DA:14,767
DA:15,785
DA:16,1
DA:17,1
DA:18,1
DA:19,27
DA:20,27
DA:21,27
DA:22,1
DA:23,1
DA:24,1
DA:25,1
DA:26,7
DA:27,7
DA:28,7
DA:29,1
DA:30,1
DA:31,1
DA:32,1
DA:33,4
DA:34,4
DA:35,4
DA:36,1
DA:37,1
DA:38,1
DA:39,1
DA:40,1
DA:41,1
DA:42,1
DA:43,1
DA:44,1
DA:45,73
DA:46,73
DA:47,73
DA:48,73
DA:49,73
DA:50,1
DA:51,1
DA:52,1
DA:53,1
DA:54,1
DA:55,14
DA:56,14
DA:57,14
DA:58,14
DA:59,1
DA:60,1
DA:61,105
DA:62,105
DA:63,121
DA:64,121
DA:65,1
DA:66,1
DA:67,2
DA:68,2
DA:69,2
DA:70,121
DA:71,0
DA:72,0
DA:73,0
DA:74,0
DA:75,120
DA:76,120
DA:77,120
DA:78,121
DA:79,105
DA:80,105
DA:81,105
DA:82,35
DA:83,105
DA:84,70
DA:85,70
DA:86,70
DA:87,70
DA:88,70
DA:89,70
DA:90,70
DA:91,70
DA:92,105
DA:93,28
DA:94,27
DA:95,27
DA:96,27
DA:97,1
DA:98,1
DA:99,105
DA:100,3
DA:101,105
DA:102,1
DA:103,1
DA:104,1
DA:105,1
DA:106,1
DA:107,1
DA:108,14
DA:109,14
DA:110,14
DA:111,14
DA:112,14
DA:113,14
DA:114,14
DA:115,1
DA:116,1
DA:117,31
DA:118,31
DA:119,9
DA:120,31
DA:121,1
DA:122,1
DA:123,9
DA:124,9
DA:125,4
DA:126,9
DA:127,1
DA:128,1
DA:129,9
DA:130,1
DA:131,1
DA:132,8
DA:133,8
DA:134,9
DA:135,4
DA:136,4
DA:137,8
DA:138,9
DA:139,1
DA:140,1
DA:141,1
DA:142,1
DA:143,1
DA:144,1
DA:145,3
DA:146,3
DA:147,3
DA:148,3
DA:149,1
DA:150,1
DA:151,1
DA:152,1
DA:153,4
DA:154,4
DA:155,7
DA:156,7
DA:157,4
DA:158,4
DA:159,1
DA:160,1
DA:161,1
DA:162,1
DA:163,1
DA:164,1
DA:165,8
DA:166,8
DA:167,8
DA:168,1
DA:169,1
DA:170,15
DA:171,15
DA:172,10
DA:173,10
DA:174,15
DA:175,15
DA:176,1
DA:177,1
DA:178,4
DA:179,4
DA:180,4
DA:181,1
DA:182,1
DA:183,1
DA:184,1
DA:185,1
DA:186,1
DA:187,1
DA:188,1
DA:189,1
DA:190,1
DA:191,1
DA:192,1
DA:193,1
DA:194,1
DA:195,1
DA:196,1
DA:197,1
DA:198,1
DA:199,1
DA:200,1
DA:201,1
DA:202,1
DA:203,1
DA:204,1
DA:205,1
DA:206,1
DA:207,1
DA:208,1
DA:209,1
DA:210,1
DA:211,1
DA:212,1
DA:213,1
DA:214,1
DA:215,1
DA:216,1
DA:217,1
DA:218,1
DA:219,1
DA:220,1
DA:221,1
DA:222,1
DA:223,1
DA:224,1
DA:225,1
DA:226,1
DA:227,1
DA:228,1
DA:229,1
DA:230,1
DA:231,1
DA:232,1
DA:233,1
DA:234,1
DA:235,1
DA:236,1
DA:237,1
DA:238,1
DA:239,1
DA:240,1
DA:241,1
DA:242,1
DA:243,1
DA:244,1
DA:245,1
DA:246,1
DA:247,1
DA:248,1
DA:249,1
DA:250,67
DA:251,67
DA:252,67
DA:253,67
DA:254,67
DA:255,67
DA:256,67
DA:257,67
DA:258,67
DA:259,67
DA:260,67
DA:261,67
DA:262,67
DA:263,67
DA:264,67
DA:265,67
DA:266,67
DA:267,67
DA:268,67
DA:269,67
DA:270,67
DA:271,67
DA:272,67
DA:273,67
DA:274,67
DA:275,67
DA:276,67
DA:277,67
DA:278,67
DA:279,67
DA:280,67
DA:281,67
DA:282,67
DA:283,67
DA:284,67
DA:285,67
DA:286,67
DA:287,67
DA:288,67
DA:289,67
DA:290,67
DA:291,67
DA:292,67
DA:293,67
DA:294,67
DA:295,67
DA:296,67
DA:297,67
DA:298,67
DA:299,67
DA:300,67
DA:301,67
DA:302,67
DA:303,67
DA:304,67
DA:305,0
DA:306,0
DA:307,67
DA:308,67
DA:309,67
DA:310,67
DA:311,67
DA:312,67
DA:313,67
DA:314,67
DA:315,67
DA:316,67
DA:317,67
DA:318,67
DA:319,67
DA:320,67
DA:321,67
DA:322,67
DA:323,67
DA:324,67
DA:325,67
DA:326,67
DA:327,67
DA:328,67
DA:329,67
DA:330,67
DA:331,67
DA:332,67
DA:333,67
DA:334,67
DA:335,67
DA:336,67
DA:337,67
DA:338,67
DA:339,67
DA:340,67
DA:341,67
DA:342,1
DA:343,1
DA:344,0
DA:345,67
DA:346,67
DA:347,67
DA:348,67
DA:349,67
DA:350,67
DA:351,67
DA:352,0
DA:353,0
DA:354,67
DA:355,67
DA:356,67
DA:357,67
DA:358,67
DA:359,67
DA:360,67
DA:361,1
DA:362,0
DA:363,0
DA:364,67
DA:365,67
DA:366,67
DA:367,67
DA:368,67
DA:369,3
DA:370,0
DA:371,0
DA:372,3
DA:373,67
DA:374,67
DA:375,67
DA:376,1
DA:377,0
DA:378,0
DA:379,1
DA:380,67
DA:381,67
DA:382,67
DA:383,67
DA:384,67
DA:385,0
DA:386,0
DA:387,0
DA:388,67
DA:389,67
DA:390,67
DA:391,67
DA:392,67
DA:393,67
DA:394,67
DA:395,67
DA:396,67
DA:397,67
DA:398,67
LF:398
LH:380
BRDA:1,0,0,1
BRDA:4,1,0,198
BRDA:5,2,0,0
BRDA:6,3,0,197
BRDA:7,4,0,1
BRDA:10,5,0,785
BRDA:11,6,0,1
BRDA:12,7,0,784
BRDA:12,8,0,4
BRDA:13,9,0,780
BRDA:13,10,0,13
BRDA:14,11,0,767
BRDA:13,12,0,56
BRDA:18,13,0,27
BRDA:25,14,0,7
BRDA:32,15,0,4
BRDA:44,16,0,73
BRDA:51,17,0,3
BRDA:52,18,0,35
BRDA:54,19,0,14
BRDA:60,20,0,105
BRDA:62,21,0,121
BRDA:64,22,0,1
BRDA:66,23,0,2
BRDA:70,24,0,120
BRDA:70,25,0,0
BRDA:81,26,0,35
BRDA:83,27,0,7
BRDA:83,28,0,70
BRDA:92,29,0,28
BRDA:93,30,0,27
BRDA:94,31,0,0
BRDA:97,32,0,1
BRDA:99,33,0,7
BRDA:99,34,0,4
BRDA:100,35,0,3
BRDA:107,36,0,14
BRDA:116,37,0,31
BRDA:117,38,0,18
BRDA:118,39,0,13
BRDA:118,40,0,4
BRDA:119,41,0,9
BRDA:122,42,0,9
BRDA:124,43,0,5
BRDA:125,44,0,4
BRDA:128,45,0,9
BRDA:129,46,0,1
BRDA:132,47,0,8
BRDA:134,48,0,4
BRDA:137,49,0,8
BRDA:144,50,0,3
BRDA:150,51,0,4
BRDA:152,52,0,4
BRDA:154,53,0,7
BRDA:164,54,0,8
BRDA:169,55,0,15
BRDA:170,56,0,0
BRDA:171,57,0,5
BRDA:172,58,0,10
BRDA:174,59,0,0
BRDA:177,60,0,4
BRDA:178,61,0,0
BRDA:249,62,0,67
BRDA:259,63,0,1
BRDA:260,64,0,1
BRDA:289,65,0,1
BRDA:290,66,0,1
BRDA:308,67,0,1
BRDA:309,68,0,1
BRDA:323,69,0,1
BRDA:325,70,0,2
BRDA:340,71,0,1
BRDA:341,72,0,1
BRDA:344,73,0,0
BRDA:359,74,0,1
BRDA:360,75,0,1
BRDA:362,76,0,0
BRDA:368,77,0,3
BRDA:369,78,0,0
BRDA:375,79,0,1
BRDA:376,80,0,0
BRDA:393,81,0,1
BRF:82
BRH:72
end_of_record
TN:
SF:src/tokens.js
FNF:0
FNH:0
DA:1,3
DA:2,3
DA:3,3
DA:4,3
DA:5,3
DA:6,3
DA:7,3
DA:8,3
DA:9,3
DA:10,3
DA:11,3
DA:12,3
DA:13,3
DA:14,3
DA:15,3
DA:16,3
DA:17,3
DA:18,3
DA:19,3
DA:20,3
DA:21,3
DA:22,3
DA:23,3
DA:24,3
DA:25,3
DA:26,3
DA:27,3
DA:28,3
DA:29,3
DA:30,3
DA:31,3
DA:32,3
DA:33,3
DA:34,3
DA:35,3
DA:36,3
DA:37,3
DA:38,3
DA:39,3
DA:40,3
DA:41,3
DA:42,3
DA:43,3
DA:44,3
DA:45,3
DA:46,3
DA:47,3
DA:48,3
DA:49,3
DA:50,3
DA:51,3
DA:52,3
DA:53,3
DA:54,3
DA:55,3
DA:56,3
DA:57,3
DA:58,3
DA:59,3
DA:60,3
DA:61,3
DA:62,3
DA:63,3
DA:64,3
DA:65,3
DA:66,3
DA:67,3
DA:68,3
DA:69,3
DA:70,3
DA:71,3
DA:72,3
DA:73,3
DA:74,3
DA:75,3
DA:76,3
DA:77,3
DA:78,3
DA:79,3
DA:80,3
DA:81,3
DA:82,3
DA:83,3
DA:84,3
DA:85,3
DA:86,3
DA:87,3
DA:88,3
DA:89,3
DA:90,3
DA:91,3
DA:92,3
DA:93,3
DA:94,3
DA:95,3
DA:96,3
DA:97,3
DA:98,3
DA:99,3
DA:100,3
DA:101,3
DA:102,3
DA:103,3
DA:104,3
DA:105,3
DA:106,3
DA:107,3
DA:108,3
DA:109,3
DA:110,3
DA:111,3
DA:112,3
DA:113,3
DA:114,3
DA:115,3
DA:116,3
DA:117,3
DA:118,3
DA:119,3
DA:120,3
DA:121,3
DA:122,3
DA:123,3
DA:124,3
DA:125,3
DA:126,3
DA:127,3
DA:128,3
DA:129,3
DA:130,3
DA:131,3
DA:132,3
DA:133,3
DA:134,3
DA:135,3
DA:136,3
DA:137,3
DA:138,3
DA:139,3
DA:140,3
DA:141,3
DA:142,3
DA:143,3
DA:144,3
DA:145,3
DA:146,3
DA:147,3
DA:148,3
DA:149,3
DA:150,3
DA:151,3
DA:152,3
DA:153,3
DA:154,3
DA:155,3
DA:156,3
DA:157,3
DA:158,3
DA:159,3
DA:160,3
DA:161,3
DA:162,3
DA:163,3
DA:164,3
DA:165,3
DA:166,3
DA:167,3
DA:168,3
DA:169,3
DA:170,3
DA:171,3
DA:172,3
DA:173,3
DA:174,3
DA:175,3
DA:176,3
DA:177,3
DA:178,3
DA:179,3
DA:180,3
DA:181,3
DA:182,3
DA:183,3
DA:184,3
DA:185,3
DA:186,3
DA:187,3
DA:188,3
DA:189,3
DA:190,3
DA:191,3
DA:192,3
DA:193,3
DA:194,3
DA:195,3
DA:196,3
DA:197,3
DA:198,3
DA:199,3
DA:200,3
DA:201,3
DA:202,3
DA:203,3
DA:204,3
DA:205,3
DA:206,3
DA:207,3
DA:208,3
DA:209,3
DA:210,3
DA:211,3
DA:212,3
DA:213,3
DA:214,3
DA:215,3
DA:216,3
DA:217,3
DA:218,3
DA:219,3
DA:220,3
DA:221,3
DA:222,3
DA:223,3
DA:224,3
DA:225,3
DA:226,3
DA:227,3
DA:228,3
DA:229,3
DA:230,3
DA:231,3
DA:232,3
DA:233,3
DA:234,3
DA:235,3
DA:236,3
DA:237,3
DA:238,3
DA:239,3
DA:240,3
DA:241,3
DA:242,3
DA:243,3
DA:244,3
DA:245,3
DA:246,3
DA:247,3
DA:248,3
DA:249,3
DA:250,3
DA:251,3
DA:252,3
DA:253,3
DA:254,3
DA:255,3
DA:256,3
DA:257,3
DA:258,3
DA:259,3
DA:260,3
DA:261,3
DA:262,3
LF:262
LH:262
BRDA:1,0,0,3
BRF:1
BRH:1
end_of_record
